Building DAG of jobs...
Using shell: /usr/bin/bash
Provided cluster nodes: 100
Job counts:
	count	jobs
	1	all
	116	getLDbuddy_rsIDs
	117

[Tue Feb 28 17:10:02 2023]
rule getLDbuddy_rsIDs:
    input: /work/users/n/e/nekramer/Data/CQTL/AI/freeze/LD_buddies/chr7:94398387:T:C_CTL_0.8.ld
    output: data/chr7:94398387:T:C_CTL_ld_rsids.csv
    log: logs/getLDbuddy_rsIDs_CTL_chr7:94398387:T:C.out, logs/getLDbuddy_rsIDs_CTL_chr7:94398387:T:C.err
    jobid: 268
    wildcards: snp=chr7:94398387:T:C, condition=CTL

Submitted job 268 with external jobid '1549068'.

[Tue Feb 28 17:10:02 2023]
rule getLDbuddy_rsIDs:
    input: /work/users/n/e/nekramer/Data/CQTL/AI/freeze/LD_buddies/chr18:13095592:G:A_CTL_0.8.ld
    output: data/chr18:13095592:G:A_CTL_ld_rsids.csv
    log: logs/getLDbuddy_rsIDs_CTL_chr18:13095592:G:A.out, logs/getLDbuddy_rsIDs_CTL_chr18:13095592:G:A.err
    jobid: 276
    wildcards: snp=chr18:13095592:G:A, condition=CTL

Submitted job 276 with external jobid '1549069'.

[Tue Feb 28 17:10:03 2023]
rule getLDbuddy_rsIDs:
    input: /work/users/n/e/nekramer/Data/CQTL/AI/freeze/LD_buddies/chr3:38126634:A:C_CTL_0.8.ld
    output: data/chr3:38126634:A:C_CTL_ld_rsids.csv
    log: logs/getLDbuddy_rsIDs_CTL_chr3:38126634:A:C.out, logs/getLDbuddy_rsIDs_CTL_chr3:38126634:A:C.err
    jobid: 296
    wildcards: snp=chr3:38126634:A:C, condition=CTL

Submitted job 296 with external jobid '1549070'.

[Tue Feb 28 17:10:03 2023]
rule getLDbuddy_rsIDs:
    input: /work/users/n/e/nekramer/Data/CQTL/AI/freeze/LD_buddies/chr21:39342936:C:T_CTL_0.8.ld
    output: data/chr21:39342936:C:T_CTL_ld_rsids.csv
    log: logs/getLDbuddy_rsIDs_CTL_chr21:39342936:C:T.out, logs/getLDbuddy_rsIDs_CTL_chr21:39342936:C:T.err
    jobid: 249
    wildcards: snp=chr21:39342936:C:T, condition=CTL

Submitted job 249 with external jobid '1549071'.

[Tue Feb 28 17:10:03 2023]
rule getLDbuddy_rsIDs:
    input: /work/users/n/e/nekramer/Data/CQTL/AI/freeze/LD_buddies/chr7:24698499:G:A_CTL_0.8.ld
    output: data/chr7:24698499:G:A_CTL_ld_rsids.csv
    log: logs/getLDbuddy_rsIDs_CTL_chr7:24698499:G:A.out, logs/getLDbuddy_rsIDs_CTL_chr7:24698499:G:A.err
    jobid: 239
    wildcards: snp=chr7:24698499:G:A, condition=CTL

Submitted job 239 with external jobid '1549072'.

[Tue Feb 28 17:10:03 2023]
rule getLDbuddy_rsIDs:
    input: /work/users/n/e/nekramer/Data/CQTL/AI/freeze/LD_buddies/chr11:6681188:T:G_CTL_0.8.ld
    output: data/chr11:6681188:T:G_CTL_ld_rsids.csv
    log: logs/getLDbuddy_rsIDs_CTL_chr11:6681188:T:G.out, logs/getLDbuddy_rsIDs_CTL_chr11:6681188:T:G.err
    jobid: 264
    wildcards: snp=chr11:6681188:T:G, condition=CTL

Submitted job 264 with external jobid '1549073'.

[Tue Feb 28 17:10:04 2023]
rule getLDbuddy_rsIDs:
    input: /work/users/n/e/nekramer/Data/CQTL/AI/freeze/LD_buddies/chr18:2917370:G:A_CTL_0.8.ld
    output: data/chr18:2917370:G:A_CTL_ld_rsids.csv
    log: logs/getLDbuddy_rsIDs_CTL_chr18:2917370:G:A.out, logs/getLDbuddy_rsIDs_CTL_chr18:2917370:G:A.err
    jobid: 297
    wildcards: snp=chr18:2917370:G:A, condition=CTL

Submitted job 297 with external jobid '1549074'.

[Tue Feb 28 17:10:04 2023]
rule getLDbuddy_rsIDs:
    input: /work/users/n/e/nekramer/Data/CQTL/AI/freeze/LD_buddies/chr17:48048796:G:A_CTL_0.8.ld
    output: data/chr17:48048796:G:A_CTL_ld_rsids.csv
    log: logs/getLDbuddy_rsIDs_CTL_chr17:48048796:G:A.out, logs/getLDbuddy_rsIDs_CTL_chr17:48048796:G:A.err
    jobid: 271
    wildcards: snp=chr17:48048796:G:A, condition=CTL

Submitted job 271 with external jobid '1549075'.

[Tue Feb 28 17:10:04 2023]
rule getLDbuddy_rsIDs:
    input: /work/users/n/e/nekramer/Data/CQTL/AI/freeze/LD_buddies/chr7:66152686:G:A_CTL_0.8.ld
    output: data/chr7:66152686:G:A_CTL_ld_rsids.csv
    log: logs/getLDbuddy_rsIDs_CTL_chr7:66152686:G:A.out, logs/getLDbuddy_rsIDs_CTL_chr7:66152686:G:A.err
    jobid: 319
    wildcards: snp=chr7:66152686:G:A, condition=CTL

Submitted job 319 with external jobid '1549076'.

[Tue Feb 28 17:10:04 2023]
rule getLDbuddy_rsIDs:
    input: /work/users/n/e/nekramer/Data/CQTL/AI/freeze/LD_buddies/chr7:33006506:G:T_CTL_0.8.ld
    output: data/chr7:33006506:G:T_CTL_ld_rsids.csv
    log: logs/getLDbuddy_rsIDs_CTL_chr7:33006506:G:T.out, logs/getLDbuddy_rsIDs_CTL_chr7:33006506:G:T.err
    jobid: 277
    wildcards: snp=chr7:33006506:G:T, condition=CTL

Submitted job 277 with external jobid '1549077'.

[Tue Feb 28 17:10:05 2023]
rule getLDbuddy_rsIDs:
    input: /work/users/n/e/nekramer/Data/CQTL/AI/freeze/LD_buddies/chr8:103072159:A:T_CTL_0.8.ld
    output: data/chr8:103072159:A:T_CTL_ld_rsids.csv
    log: logs/getLDbuddy_rsIDs_CTL_chr8:103072159:A:T.out, logs/getLDbuddy_rsIDs_CTL_chr8:103072159:A:T.err
    jobid: 295
    wildcards: snp=chr8:103072159:A:T, condition=CTL

Submitted job 295 with external jobid '1549078'.

[Tue Feb 28 17:10:05 2023]
rule getLDbuddy_rsIDs:
    input: /work/users/n/e/nekramer/Data/CQTL/AI/freeze/LD_buddies/chr19:45409478:C:A_CTL_0.8.ld
    output: data/chr19:45409478:C:A_CTL_ld_rsids.csv
    log: logs/getLDbuddy_rsIDs_CTL_chr19:45409478:C:A.out, logs/getLDbuddy_rsIDs_CTL_chr19:45409478:C:A.err
    jobid: 346
    wildcards: snp=chr19:45409478:C:A, condition=CTL

Submitted job 346 with external jobid '1549079'.

[Tue Feb 28 17:10:06 2023]
rule getLDbuddy_rsIDs:
    input: /work/users/n/e/nekramer/Data/CQTL/AI/freeze/LD_buddies/chr22:38735830:T:C_CTL_0.8.ld
    output: data/chr22:38735830:T:C_CTL_ld_rsids.csv
    log: logs/getLDbuddy_rsIDs_CTL_chr22:38735830:T:C.out, logs/getLDbuddy_rsIDs_CTL_chr22:38735830:T:C.err
    jobid: 316
    wildcards: snp=chr22:38735830:T:C, condition=CTL

Submitted job 316 with external jobid '1549080'.

[Tue Feb 28 17:10:06 2023]
rule getLDbuddy_rsIDs:
    input: /work/users/n/e/nekramer/Data/CQTL/AI/freeze/LD_buddies/chr1:160332508:T:C_CTL_0.8.ld
    output: data/chr1:160332508:T:C_CTL_ld_rsids.csv
    log: logs/getLDbuddy_rsIDs_CTL_chr1:160332508:T:C.out, logs/getLDbuddy_rsIDs_CTL_chr1:160332508:T:C.err
    jobid: 354
    wildcards: snp=chr1:160332508:T:C, condition=CTL

Submitted job 354 with external jobid '1549081'.

[Tue Feb 28 17:10:06 2023]
rule getLDbuddy_rsIDs:
    input: /work/users/n/e/nekramer/Data/CQTL/AI/freeze/LD_buddies/chr17:81701782:C:T_CTL_0.8.ld
    output: data/chr17:81701782:C:T_CTL_ld_rsids.csv
    log: logs/getLDbuddy_rsIDs_CTL_chr17:81701782:C:T.out, logs/getLDbuddy_rsIDs_CTL_chr17:81701782:C:T.err
    jobid: 270
    wildcards: snp=chr17:81701782:C:T, condition=CTL

Submitted job 270 with external jobid '1549082'.

[Tue Feb 28 17:10:06 2023]
rule getLDbuddy_rsIDs:
    input: /work/users/n/e/nekramer/Data/CQTL/AI/freeze/LD_buddies/chr3:47916506:C:G_CTL_0.8.ld
    output: data/chr3:47916506:C:G_CTL_ld_rsids.csv
    log: logs/getLDbuddy_rsIDs_CTL_chr3:47916506:C:G.out, logs/getLDbuddy_rsIDs_CTL_chr3:47916506:C:G.err
    jobid: 340
    wildcards: snp=chr3:47916506:C:G, condition=CTL

Submitted job 340 with external jobid '1549083'.

[Tue Feb 28 17:10:07 2023]
rule getLDbuddy_rsIDs:
    input: /work/users/n/e/nekramer/Data/CQTL/AI/freeze/LD_buddies/chr19:52384174:A:C_CTL_0.8.ld
    output: data/chr19:52384174:A:C_CTL_ld_rsids.csv
    log: logs/getLDbuddy_rsIDs_CTL_chr19:52384174:A:C.out, logs/getLDbuddy_rsIDs_CTL_chr19:52384174:A:C.err
    jobid: 241
    wildcards: snp=chr19:52384174:A:C, condition=CTL

Submitted job 241 with external jobid '1549084'.

[Tue Feb 28 17:10:07 2023]
rule getLDbuddy_rsIDs:
    input: /work/users/n/e/nekramer/Data/CQTL/AI/freeze/LD_buddies/chr2:24100237:G:A_CTL_0.8.ld
    output: data/chr2:24100237:G:A_CTL_ld_rsids.csv
    log: logs/getLDbuddy_rsIDs_CTL_chr2:24100237:G:A.out, logs/getLDbuddy_rsIDs_CTL_chr2:24100237:G:A.err
    jobid: 290
    wildcards: snp=chr2:24100237:G:A, condition=CTL

Submitted job 290 with external jobid '1549085'.

[Tue Feb 28 17:10:07 2023]
rule getLDbuddy_rsIDs:
    input: /work/users/n/e/nekramer/Data/CQTL/AI/freeze/LD_buddies/chr1:46361813:C:T_CTL_0.8.ld
    output: data/chr1:46361813:C:T_CTL_ld_rsids.csv
    log: logs/getLDbuddy_rsIDs_CTL_chr1:46361813:C:T.out, logs/getLDbuddy_rsIDs_CTL_chr1:46361813:C:T.err
    jobid: 294
    wildcards: snp=chr1:46361813:C:T, condition=CTL

Submitted job 294 with external jobid '1549086'.

[Tue Feb 28 17:10:07 2023]
rule getLDbuddy_rsIDs:
    input: /work/users/n/e/nekramer/Data/CQTL/AI/freeze/LD_buddies/chr8:123437226:C:T_CTL_0.8.ld
    output: data/chr8:123437226:C:T_CTL_ld_rsids.csv
    log: logs/getLDbuddy_rsIDs_CTL_chr8:123437226:C:T.out, logs/getLDbuddy_rsIDs_CTL_chr8:123437226:C:T.err
    jobid: 326
    wildcards: snp=chr8:123437226:C:T, condition=CTL

Submitted job 326 with external jobid '1549087'.

[Tue Feb 28 17:10:08 2023]
rule getLDbuddy_rsIDs:
    input: /work/users/n/e/nekramer/Data/CQTL/AI/freeze/LD_buddies/chr19:52893812:G:A_CTL_0.8.ld
    output: data/chr19:52893812:G:A_CTL_ld_rsids.csv
    log: logs/getLDbuddy_rsIDs_CTL_chr19:52893812:G:A.out, logs/getLDbuddy_rsIDs_CTL_chr19:52893812:G:A.err
    jobid: 245
    wildcards: snp=chr19:52893812:G:A, condition=CTL

Submitted job 245 with external jobid '1549088'.

[Tue Feb 28 17:10:08 2023]
rule getLDbuddy_rsIDs:
    input: /work/users/n/e/nekramer/Data/CQTL/AI/freeze/LD_buddies/chr11:204680:G:A_CTL_0.8.ld
    output: data/chr11:204680:G:A_CTL_ld_rsids.csv
    log: logs/getLDbuddy_rsIDs_CTL_chr11:204680:G:A.out, logs/getLDbuddy_rsIDs_CTL_chr11:204680:G:A.err
    jobid: 291
    wildcards: snp=chr11:204680:G:A, condition=CTL

Submitted job 291 with external jobid '1549089'.

[Tue Feb 28 17:10:08 2023]
rule getLDbuddy_rsIDs:
    input: /work/users/n/e/nekramer/Data/CQTL/AI/freeze/LD_buddies/chr7:38765615:C:T_CTL_0.8.ld
    output: data/chr7:38765615:C:T_CTL_ld_rsids.csv
    log: logs/getLDbuddy_rsIDs_CTL_chr7:38765615:C:T.out, logs/getLDbuddy_rsIDs_CTL_chr7:38765615:C:T.err
    jobid: 338
    wildcards: snp=chr7:38765615:C:T, condition=CTL

Submitted job 338 with external jobid '1549090'.

[Tue Feb 28 17:10:08 2023]
rule getLDbuddy_rsIDs:
    input: /work/users/n/e/nekramer/Data/CQTL/AI/freeze/LD_buddies/chr10:70114927:G:A_CTL_0.8.ld
    output: data/chr10:70114927:G:A_CTL_ld_rsids.csv
    log: logs/getLDbuddy_rsIDs_CTL_chr10:70114927:G:A.out, logs/getLDbuddy_rsIDs_CTL_chr10:70114927:G:A.err
    jobid: 315
    wildcards: snp=chr10:70114927:G:A, condition=CTL

Submitted job 315 with external jobid '1549091'.

[Tue Feb 28 17:10:08 2023]
rule getLDbuddy_rsIDs:
    input: /work/users/n/e/nekramer/Data/CQTL/AI/freeze/LD_buddies/chr17:67340357:C:T_CTL_0.8.ld
    output: data/chr17:67340357:C:T_CTL_ld_rsids.csv
    log: logs/getLDbuddy_rsIDs_CTL_chr17:67340357:C:T.out, logs/getLDbuddy_rsIDs_CTL_chr17:67340357:C:T.err
    jobid: 324
    wildcards: snp=chr17:67340357:C:T, condition=CTL

Submitted job 324 with external jobid '1549092'.

[Tue Feb 28 17:10:09 2023]
rule getLDbuddy_rsIDs:
    input: /work/users/n/e/nekramer/Data/CQTL/AI/freeze/LD_buddies/chr1:11787715:G:T_CTL_0.8.ld
    output: data/chr1:11787715:G:T_CTL_ld_rsids.csv
    log: logs/getLDbuddy_rsIDs_CTL_chr1:11787715:G:T.out, logs/getLDbuddy_rsIDs_CTL_chr1:11787715:G:T.err
    jobid: 283
    wildcards: snp=chr1:11787715:G:T, condition=CTL

Submitted job 283 with external jobid '1549094'.

[Tue Feb 28 17:10:09 2023]
rule getLDbuddy_rsIDs:
    input: /work/users/n/e/nekramer/Data/CQTL/AI/freeze/LD_buddies/chr3:9365020:G:A_CTL_0.8.ld
    output: data/chr3:9365020:G:A_CTL_ld_rsids.csv
    log: logs/getLDbuddy_rsIDs_CTL_chr3:9365020:G:A.out, logs/getLDbuddy_rsIDs_CTL_chr3:9365020:G:A.err
    jobid: 299
    wildcards: snp=chr3:9365020:G:A, condition=CTL

Submitted job 299 with external jobid '1549095'.

[Tue Feb 28 17:10:09 2023]
rule getLDbuddy_rsIDs:
    input: /work/users/n/e/nekramer/Data/CQTL/AI/freeze/LD_buddies/chr4:39214620:G:A_CTL_0.8.ld
    output: data/chr4:39214620:G:A_CTL_ld_rsids.csv
    log: logs/getLDbuddy_rsIDs_CTL_chr4:39214620:G:A.out, logs/getLDbuddy_rsIDs_CTL_chr4:39214620:G:A.err
    jobid: 260
    wildcards: snp=chr4:39214620:G:A, condition=CTL

Submitted job 260 with external jobid '1549096'.

[Tue Feb 28 17:10:09 2023]
rule getLDbuddy_rsIDs:
    input: /work/users/n/e/nekramer/Data/CQTL/AI/freeze/LD_buddies/chr12:133191967:A:T_CTL_0.8.ld
    output: data/chr12:133191967:A:T_CTL_ld_rsids.csv
    log: logs/getLDbuddy_rsIDs_CTL_chr12:133191967:A:T.out, logs/getLDbuddy_rsIDs_CTL_chr12:133191967:A:T.err
    jobid: 301
    wildcards: snp=chr12:133191967:A:T, condition=CTL

Submitted job 301 with external jobid '1549097'.

[Tue Feb 28 17:10:09 2023]
rule getLDbuddy_rsIDs:
    input: /work/users/n/e/nekramer/Data/CQTL/AI/freeze/LD_buddies/chr16:82000007:T:C_CTL_0.8.ld
    output: data/chr16:82000007:T:C_CTL_ld_rsids.csv
    log: logs/getLDbuddy_rsIDs_CTL_chr16:82000007:T:C.out, logs/getLDbuddy_rsIDs_CTL_chr16:82000007:T:C.err
    jobid: 269
    wildcards: snp=chr16:82000007:T:C, condition=CTL

Submitted job 269 with external jobid '1549098'.

[Tue Feb 28 17:10:10 2023]
rule getLDbuddy_rsIDs:
    input: /work/users/n/e/nekramer/Data/CQTL/AI/freeze/LD_buddies/chr6:49447735:C:T_CTL_0.8.ld
    output: data/chr6:49447735:C:T_CTL_ld_rsids.csv
    log: logs/getLDbuddy_rsIDs_CTL_chr6:49447735:C:T.out, logs/getLDbuddy_rsIDs_CTL_chr6:49447735:C:T.err
    jobid: 347
    wildcards: snp=chr6:49447735:C:T, condition=CTL

Submitted job 347 with external jobid '1549099'.

[Tue Feb 28 17:10:10 2023]
rule getLDbuddy_rsIDs:
    input: /work/users/n/e/nekramer/Data/CQTL/AI/freeze/LD_buddies/chr14:51256420:T:C_CTL_0.8.ld
    output: data/chr14:51256420:T:C_CTL_ld_rsids.csv
    log: logs/getLDbuddy_rsIDs_CTL_chr14:51256420:T:C.out, logs/getLDbuddy_rsIDs_CTL_chr14:51256420:T:C.err
    jobid: 275
    wildcards: snp=chr14:51256420:T:C, condition=CTL

Submitted job 275 with external jobid '1549100'.

[Tue Feb 28 17:10:10 2023]
rule getLDbuddy_rsIDs:
    input: /work/users/n/e/nekramer/Data/CQTL/AI/freeze/LD_buddies/chr1:21218242:C:T_CTL_0.8.ld
    output: data/chr1:21218242:C:T_CTL_ld_rsids.csv
    log: logs/getLDbuddy_rsIDs_CTL_chr1:21218242:C:T.out, logs/getLDbuddy_rsIDs_CTL_chr1:21218242:C:T.err
    jobid: 282
    wildcards: snp=chr1:21218242:C:T, condition=CTL

Submitted job 282 with external jobid '1549101'.

[Tue Feb 28 17:10:10 2023]
rule getLDbuddy_rsIDs:
    input: /work/users/n/e/nekramer/Data/CQTL/AI/freeze/LD_buddies/chr1:230279402:G:A_CTL_0.8.ld
    output: data/chr1:230279402:G:A_CTL_ld_rsids.csv
    log: logs/getLDbuddy_rsIDs_CTL_chr1:230279402:G:A.out, logs/getLDbuddy_rsIDs_CTL_chr1:230279402:G:A.err
    jobid: 304
    wildcards: snp=chr1:230279402:G:A, condition=CTL

Submitted job 304 with external jobid '1549102'.

[Tue Feb 28 17:10:10 2023]
rule getLDbuddy_rsIDs:
    input: /work/users/n/e/nekramer/Data/CQTL/AI/freeze/LD_buddies/chr2:24100236:A:G_CTL_0.8.ld
    output: data/chr2:24100236:A:G_CTL_ld_rsids.csv
    log: logs/getLDbuddy_rsIDs_CTL_chr2:24100236:A:G.out, logs/getLDbuddy_rsIDs_CTL_chr2:24100236:A:G.err
    jobid: 289
    wildcards: snp=chr2:24100236:A:G, condition=CTL

Submitted job 289 with external jobid '1549103'.

[Tue Feb 28 17:10:11 2023]
rule getLDbuddy_rsIDs:
    input: /work/users/n/e/nekramer/Data/CQTL/AI/freeze/LD_buddies/chr22:45341429:A:G_CTL_0.8.ld
    output: data/chr22:45341429:A:G_CTL_ld_rsids.csv
    log: logs/getLDbuddy_rsIDs_CTL_chr22:45341429:A:G.out, logs/getLDbuddy_rsIDs_CTL_chr22:45341429:A:G.err
    jobid: 272
    wildcards: snp=chr22:45341429:A:G, condition=CTL

Submitted job 272 with external jobid '1549104'.

[Tue Feb 28 17:10:11 2023]
rule getLDbuddy_rsIDs:
    input: /work/users/n/e/nekramer/Data/CQTL/AI/freeze/LD_buddies/chr20:38373945:G:A_CTL_0.8.ld
    output: data/chr20:38373945:G:A_CTL_ld_rsids.csv
    log: logs/getLDbuddy_rsIDs_CTL_chr20:38373945:G:A.out, logs/getLDbuddy_rsIDs_CTL_chr20:38373945:G:A.err
    jobid: 254
    wildcards: snp=chr20:38373945:G:A, condition=CTL

Submitted job 254 with external jobid '1549105'.

[Tue Feb 28 17:10:11 2023]
rule getLDbuddy_rsIDs:
    input: /work/users/n/e/nekramer/Data/CQTL/AI/freeze/LD_buddies/chr14:51256361:A:C_CTL_0.8.ld
    output: data/chr14:51256361:A:C_CTL_ld_rsids.csv
    log: logs/getLDbuddy_rsIDs_CTL_chr14:51256361:A:C.out, logs/getLDbuddy_rsIDs_CTL_chr14:51256361:A:C.err
    jobid: 293
    wildcards: snp=chr14:51256361:A:C, condition=CTL

Submitted job 293 with external jobid '1549106'.

[Tue Feb 28 17:10:11 2023]
rule getLDbuddy_rsIDs:
    input: /work/users/n/e/nekramer/Data/CQTL/AI/freeze/LD_buddies/chr17:64041782:C:T_CTL_0.8.ld
    output: data/chr17:64041782:C:T_CTL_ld_rsids.csv
    log: logs/getLDbuddy_rsIDs_CTL_chr17:64041782:C:T.out, logs/getLDbuddy_rsIDs_CTL_chr17:64041782:C:T.err
    jobid: 341
    wildcards: snp=chr17:64041782:C:T, condition=CTL

Submitted job 341 with external jobid '1549107'.

[Tue Feb 28 17:10:12 2023]
rule getLDbuddy_rsIDs:
    input: /work/users/n/e/nekramer/Data/CQTL/AI/freeze/LD_buddies/chr1:86382272:G:A_CTL_0.8.ld
    output: data/chr1:86382272:G:A_CTL_ld_rsids.csv
    log: logs/getLDbuddy_rsIDs_CTL_chr1:86382272:G:A.out, logs/getLDbuddy_rsIDs_CTL_chr1:86382272:G:A.err
    jobid: 323
    wildcards: snp=chr1:86382272:G:A, condition=CTL

Submitted job 323 with external jobid '1549108'.

[Tue Feb 28 17:10:12 2023]
rule getLDbuddy_rsIDs:
    input: /work/users/n/e/nekramer/Data/CQTL/AI/freeze/LD_buddies/chr19:52384184:A:C_CTL_0.8.ld
    output: data/chr19:52384184:A:C_CTL_ld_rsids.csv
    log: logs/getLDbuddy_rsIDs_CTL_chr19:52384184:A:C.out, logs/getLDbuddy_rsIDs_CTL_chr19:52384184:A:C.err
    jobid: 242
    wildcards: snp=chr19:52384184:A:C, condition=CTL

Submitted job 242 with external jobid '1549109'.

[Tue Feb 28 17:10:12 2023]
rule getLDbuddy_rsIDs:
    input: /work/users/n/e/nekramer/Data/CQTL/AI/freeze/LD_buddies/chr17:5533965:G:A_CTL_0.8.ld
    output: data/chr17:5533965:G:A_CTL_ld_rsids.csv
    log: logs/getLDbuddy_rsIDs_CTL_chr17:5533965:G:A.out, logs/getLDbuddy_rsIDs_CTL_chr17:5533965:G:A.err
    jobid: 258
    wildcards: snp=chr17:5533965:G:A, condition=CTL

Submitted job 258 with external jobid '1549110'.

[Tue Feb 28 17:10:13 2023]
rule getLDbuddy_rsIDs:
    input: /work/users/n/e/nekramer/Data/CQTL/AI/freeze/LD_buddies/chr17:30783634:G:A_CTL_0.8.ld
    output: data/chr17:30783634:G:A_CTL_ld_rsids.csv
    log: logs/getLDbuddy_rsIDs_CTL_chr17:30783634:G:A.out, logs/getLDbuddy_rsIDs_CTL_chr17:30783634:G:A.err
    jobid: 331
    wildcards: snp=chr17:30783634:G:A, condition=CTL

Submitted job 331 with external jobid '1549111'.

[Tue Feb 28 17:10:13 2023]
rule getLDbuddy_rsIDs:
    input: /work/users/n/e/nekramer/Data/CQTL/AI/freeze/LD_buddies/chr20:62852790:A:G_CTL_0.8.ld
    output: data/chr20:62852790:A:G_CTL_ld_rsids.csv
    log: logs/getLDbuddy_rsIDs_CTL_chr20:62852790:A:G.out, logs/getLDbuddy_rsIDs_CTL_chr20:62852790:A:G.err
    jobid: 308
    wildcards: snp=chr20:62852790:A:G, condition=CTL

Submitted job 308 with external jobid '1549112'.

[Tue Feb 28 17:10:13 2023]
rule getLDbuddy_rsIDs:
    input: /work/users/n/e/nekramer/Data/CQTL/AI/freeze/LD_buddies/chr17:5515479:G:A_CTL_0.8.ld
    output: data/chr17:5515479:G:A_CTL_ld_rsids.csv
    log: logs/getLDbuddy_rsIDs_CTL_chr17:5515479:G:A.out, logs/getLDbuddy_rsIDs_CTL_chr17:5515479:G:A.err
    jobid: 314
    wildcards: snp=chr17:5515479:G:A, condition=CTL

Submitted job 314 with external jobid '1549113'.

[Tue Feb 28 17:10:13 2023]
rule getLDbuddy_rsIDs:
    input: /work/users/n/e/nekramer/Data/CQTL/AI/freeze/LD_buddies/chr12:132841483:C:T_CTL_0.8.ld
    output: data/chr12:132841483:C:T_CTL_ld_rsids.csv
    log: logs/getLDbuddy_rsIDs_CTL_chr12:132841483:C:T.out, logs/getLDbuddy_rsIDs_CTL_chr12:132841483:C:T.err
    jobid: 302
    wildcards: snp=chr12:132841483:C:T, condition=CTL

Submitted job 302 with external jobid '1549114'.

[Tue Feb 28 17:10:14 2023]
rule getLDbuddy_rsIDs:
    input: /work/users/n/e/nekramer/Data/CQTL/AI/freeze/LD_buddies/chr17:31317834:G:A_CTL_0.8.ld
    output: data/chr17:31317834:G:A_CTL_ld_rsids.csv
    log: logs/getLDbuddy_rsIDs_CTL_chr17:31317834:G:A.out, logs/getLDbuddy_rsIDs_CTL_chr17:31317834:G:A.err
    jobid: 348
    wildcards: snp=chr17:31317834:G:A, condition=CTL

Submitted job 348 with external jobid '1549115'.

[Tue Feb 28 17:10:14 2023]
rule getLDbuddy_rsIDs:
    input: /work/users/n/e/nekramer/Data/CQTL/AI/freeze/LD_buddies/chr1:236897797:A:G_CTL_0.8.ld
    output: data/chr1:236897797:A:G_CTL_ld_rsids.csv
    log: logs/getLDbuddy_rsIDs_CTL_chr1:236897797:A:G.out, logs/getLDbuddy_rsIDs_CTL_chr1:236897797:A:G.err
    jobid: 305
    wildcards: snp=chr1:236897797:A:G, condition=CTL

Submitted job 305 with external jobid '1549116'.

[Tue Feb 28 17:10:14 2023]
rule getLDbuddy_rsIDs:
    input: /work/users/n/e/nekramer/Data/CQTL/AI/freeze/LD_buddies/chr13:48076356:A:G_CTL_0.8.ld
    output: data/chr13:48076356:A:G_CTL_ld_rsids.csv
    log: logs/getLDbuddy_rsIDs_CTL_chr13:48076356:A:G.out, logs/getLDbuddy_rsIDs_CTL_chr13:48076356:A:G.err
    jobid: 288
    wildcards: snp=chr13:48076356:A:G, condition=CTL

Submitted job 288 with external jobid '1549117'.

[Tue Feb 28 17:10:14 2023]
rule getLDbuddy_rsIDs:
    input: /work/users/n/e/nekramer/Data/CQTL/AI/freeze/LD_buddies/chr18:62154610:T:C_CTL_0.8.ld
    output: data/chr18:62154610:T:C_CTL_ld_rsids.csv
    log: logs/getLDbuddy_rsIDs_CTL_chr18:62154610:T:C.out, logs/getLDbuddy_rsIDs_CTL_chr18:62154610:T:C.err
    jobid: 284
    wildcards: snp=chr18:62154610:T:C, condition=CTL

Submitted job 284 with external jobid '1549118'.

[Tue Feb 28 17:10:14 2023]
rule getLDbuddy_rsIDs:
    input: /work/users/n/e/nekramer/Data/CQTL/AI/freeze/LD_buddies/chr12:95658366:C:T_CTL_0.8.ld
    output: data/chr12:95658366:C:T_CTL_ld_rsids.csv
    log: logs/getLDbuddy_rsIDs_CTL_chr12:95658366:C:T.out, logs/getLDbuddy_rsIDs_CTL_chr12:95658366:C:T.err
    jobid: 287
    wildcards: snp=chr12:95658366:C:T, condition=CTL

Submitted job 287 with external jobid '1549119'.

[Tue Feb 28 17:10:15 2023]
rule getLDbuddy_rsIDs:
    input: /work/users/n/e/nekramer/Data/CQTL/AI/freeze/LD_buddies/chr9:37500898:T:C_CTL_0.8.ld
    output: data/chr9:37500898:T:C_CTL_ld_rsids.csv
    log: logs/getLDbuddy_rsIDs_CTL_chr9:37500898:T:C.out, logs/getLDbuddy_rsIDs_CTL_chr9:37500898:T:C.err
    jobid: 334
    wildcards: snp=chr9:37500898:T:C, condition=CTL

Submitted job 334 with external jobid '1549120'.

[Tue Feb 28 17:10:15 2023]
rule getLDbuddy_rsIDs:
    input: /work/users/n/e/nekramer/Data/CQTL/AI/freeze/LD_buddies/chr3:47850893:G:A_CTL_0.8.ld
    output: data/chr3:47850893:G:A_CTL_ld_rsids.csv
    log: logs/getLDbuddy_rsIDs_CTL_chr3:47850893:G:A.out, logs/getLDbuddy_rsIDs_CTL_chr3:47850893:G:A.err
    jobid: 247
    wildcards: snp=chr3:47850893:G:A, condition=CTL

Submitted job 247 with external jobid '1549121'.

[Tue Feb 28 17:10:15 2023]
rule getLDbuddy_rsIDs:
    input: /work/users/n/e/nekramer/Data/CQTL/AI/freeze/LD_buddies/chr8:26411516:C:T_CTL_0.8.ld
    output: data/chr8:26411516:C:T_CTL_ld_rsids.csv
    log: logs/getLDbuddy_rsIDs_CTL_chr8:26411516:C:T.out, logs/getLDbuddy_rsIDs_CTL_chr8:26411516:C:T.err
    jobid: 300
    wildcards: snp=chr8:26411516:C:T, condition=CTL

Submitted job 300 with external jobid '1549122'.

[Tue Feb 28 17:10:15 2023]
rule getLDbuddy_rsIDs:
    input: /work/users/n/e/nekramer/Data/CQTL/AI/freeze/LD_buddies/chr2:48599465:C:A_CTL_0.8.ld
    output: data/chr2:48599465:C:A_CTL_ld_rsids.csv
    log: logs/getLDbuddy_rsIDs_CTL_chr2:48599465:C:A.out, logs/getLDbuddy_rsIDs_CTL_chr2:48599465:C:A.err
    jobid: 243
    wildcards: snp=chr2:48599465:C:A, condition=CTL

Submitted job 243 with external jobid '1549123'.

[Tue Feb 28 17:10:15 2023]
rule getLDbuddy_rsIDs:
    input: /work/users/n/e/nekramer/Data/CQTL/AI/freeze/LD_buddies/chr3:136001831:T:C_CTL_0.8.ld
    output: data/chr3:136001831:T:C_CTL_ld_rsids.csv
    log: logs/getLDbuddy_rsIDs_CTL_chr3:136001831:T:C.out, logs/getLDbuddy_rsIDs_CTL_chr3:136001831:T:C.err
    jobid: 350
    wildcards: snp=chr3:136001831:T:C, condition=CTL

Submitted job 350 with external jobid '1549124'.

[Tue Feb 28 17:10:16 2023]
rule getLDbuddy_rsIDs:
    input: /work/users/n/e/nekramer/Data/CQTL/AI/freeze/LD_buddies/chr21:41279568:G:A_CTL_0.8.ld
    output: data/chr21:41279568:G:A_CTL_ld_rsids.csv
    log: logs/getLDbuddy_rsIDs_CTL_chr21:41279568:G:A.out, logs/getLDbuddy_rsIDs_CTL_chr21:41279568:G:A.err
    jobid: 244
    wildcards: snp=chr21:41279568:G:A, condition=CTL

Submitted job 244 with external jobid '1549125'.

[Tue Feb 28 17:10:16 2023]
rule getLDbuddy_rsIDs:
    input: /work/users/n/e/nekramer/Data/CQTL/AI/freeze/LD_buddies/chr8:81658396:C:T_CTL_0.8.ld
    output: data/chr8:81658396:C:T_CTL_ld_rsids.csv
    log: logs/getLDbuddy_rsIDs_CTL_chr8:81658396:C:T.out, logs/getLDbuddy_rsIDs_CTL_chr8:81658396:C:T.err
    jobid: 261
    wildcards: snp=chr8:81658396:C:T, condition=CTL

Submitted job 261 with external jobid '1549126'.

[Tue Feb 28 17:10:16 2023]
rule getLDbuddy_rsIDs:
    input: /work/users/n/e/nekramer/Data/CQTL/AI/freeze/LD_buddies/chr9:37863152:G:C_CTL_0.8.ld
    output: data/chr9:37863152:G:C_CTL_ld_rsids.csv
    log: logs/getLDbuddy_rsIDs_CTL_chr9:37863152:G:C.out, logs/getLDbuddy_rsIDs_CTL_chr9:37863152:G:C.err
    jobid: 309
    wildcards: snp=chr9:37863152:G:C, condition=CTL

Submitted job 309 with external jobid '1549127'.

[Tue Feb 28 17:10:16 2023]
rule getLDbuddy_rsIDs:
    input: /work/users/n/e/nekramer/Data/CQTL/AI/freeze/LD_buddies/chr2:238447385:C:T_CTL_0.8.ld
    output: data/chr2:238447385:C:T_CTL_ld_rsids.csv
    log: logs/getLDbuddy_rsIDs_CTL_chr2:238447385:C:T.out, logs/getLDbuddy_rsIDs_CTL_chr2:238447385:C:T.err
    jobid: 250
    wildcards: snp=chr2:238447385:C:T, condition=CTL

Submitted job 250 with external jobid '1549128'.

[Tue Feb 28 17:10:17 2023]
rule getLDbuddy_rsIDs:
    input: /work/users/n/e/nekramer/Data/CQTL/AI/freeze/LD_buddies/chr12:123613219:A:G_CTL_0.8.ld
    output: data/chr12:123613219:A:G_CTL_ld_rsids.csv
    log: logs/getLDbuddy_rsIDs_CTL_chr12:123613219:A:G.out, logs/getLDbuddy_rsIDs_CTL_chr12:123613219:A:G.err
    jobid: 320
    wildcards: snp=chr12:123613219:A:G, condition=CTL

Submitted job 320 with external jobid '1549129'.

[Tue Feb 28 17:10:17 2023]
rule getLDbuddy_rsIDs:
    input: /work/users/n/e/nekramer/Data/CQTL/AI/freeze/LD_buddies/chr20:62945340:C:T_CTL_0.8.ld
    output: data/chr20:62945340:C:T_CTL_ld_rsids.csv
    log: logs/getLDbuddy_rsIDs_CTL_chr20:62945340:C:T.out, logs/getLDbuddy_rsIDs_CTL_chr20:62945340:C:T.err
    jobid: 248
    wildcards: snp=chr20:62945340:C:T, condition=CTL

Submitted job 248 with external jobid '1549130'.

[Tue Feb 28 17:10:17 2023]
rule getLDbuddy_rsIDs:
    input: /work/users/n/e/nekramer/Data/CQTL/AI/freeze/LD_buddies/chr5:141388424:G:A_CTL_0.8.ld
    output: data/chr5:141388424:G:A_CTL_ld_rsids.csv
    log: logs/getLDbuddy_rsIDs_CTL_chr5:141388424:G:A.out, logs/getLDbuddy_rsIDs_CTL_chr5:141388424:G:A.err
    jobid: 310
    wildcards: snp=chr5:141388424:G:A, condition=CTL

Submitted job 310 with external jobid '1549131'.

[Tue Feb 28 17:10:17 2023]
rule getLDbuddy_rsIDs:
    input: /work/users/n/e/nekramer/Data/CQTL/AI/freeze/LD_buddies/chr1:59321678:T:G_CTL_0.8.ld
    output: data/chr1:59321678:T:G_CTL_ld_rsids.csv
    log: logs/getLDbuddy_rsIDs_CTL_chr1:59321678:T:G.out, logs/getLDbuddy_rsIDs_CTL_chr1:59321678:T:G.err
    jobid: 344
    wildcards: snp=chr1:59321678:T:G, condition=CTL

Submitted job 344 with external jobid '1549132'.

[Tue Feb 28 17:10:18 2023]
rule getLDbuddy_rsIDs:
    input: /work/users/n/e/nekramer/Data/CQTL/AI/freeze/LD_buddies/chr15:65443863:T:C_CTL_0.8.ld
    output: data/chr15:65443863:T:C_CTL_ld_rsids.csv
    log: logs/getLDbuddy_rsIDs_CTL_chr15:65443863:T:C.out, logs/getLDbuddy_rsIDs_CTL_chr15:65443863:T:C.err
    jobid: 352
    wildcards: snp=chr15:65443863:T:C, condition=CTL

Submitted job 352 with external jobid '1549133'.

[Tue Feb 28 17:10:18 2023]
rule getLDbuddy_rsIDs:
    input: /work/users/n/e/nekramer/Data/CQTL/AI/freeze/LD_buddies/chr7:4997014:T:C_CTL_0.8.ld
    output: data/chr7:4997014:T:C_CTL_ld_rsids.csv
    log: logs/getLDbuddy_rsIDs_CTL_chr7:4997014:T:C.out, logs/getLDbuddy_rsIDs_CTL_chr7:4997014:T:C.err
    jobid: 253
    wildcards: snp=chr7:4997014:T:C, condition=CTL

Submitted job 253 with external jobid '1549134'.

[Tue Feb 28 17:10:18 2023]
rule getLDbuddy_rsIDs:
    input: /work/users/n/e/nekramer/Data/CQTL/AI/freeze/LD_buddies/chr9:113594496:C:T_CTL_0.8.ld
    output: data/chr9:113594496:C:T_CTL_ld_rsids.csv
    log: logs/getLDbuddy_rsIDs_CTL_chr9:113594496:C:T.out, logs/getLDbuddy_rsIDs_CTL_chr9:113594496:C:T.err
    jobid: 279
    wildcards: snp=chr9:113594496:C:T, condition=CTL

Submitted job 279 with external jobid '1549135'.

[Tue Feb 28 17:10:18 2023]
rule getLDbuddy_rsIDs:
    input: /work/users/n/e/nekramer/Data/CQTL/AI/freeze/LD_buddies/chr10:70115028:C:T_CTL_0.8.ld
    output: data/chr10:70115028:C:T_CTL_ld_rsids.csv
    log: logs/getLDbuddy_rsIDs_CTL_chr10:70115028:C:T.out, logs/getLDbuddy_rsIDs_CTL_chr10:70115028:C:T.err
    jobid: 262
    wildcards: snp=chr10:70115028:C:T, condition=CTL

Submitted job 262 with external jobid '1549136'.

[Tue Feb 28 17:10:19 2023]
rule getLDbuddy_rsIDs:
    input: /work/users/n/e/nekramer/Data/CQTL/AI/freeze/LD_buddies/chr1:119032547:C:A_CTL_0.8.ld
    output: data/chr1:119032547:C:A_CTL_ld_rsids.csv
    log: logs/getLDbuddy_rsIDs_CTL_chr1:119032547:C:A.out, logs/getLDbuddy_rsIDs_CTL_chr1:119032547:C:A.err
    jobid: 256
    wildcards: snp=chr1:119032547:C:A, condition=CTL

Submitted job 256 with external jobid '1549137'.

[Tue Feb 28 17:10:19 2023]
rule getLDbuddy_rsIDs:
    input: /work/users/n/e/nekramer/Data/CQTL/AI/freeze/LD_buddies/chr3:179399804:T:A_CTL_0.8.ld
    output: data/chr3:179399804:T:A_CTL_ld_rsids.csv
    log: logs/getLDbuddy_rsIDs_CTL_chr3:179399804:T:A.out, logs/getLDbuddy_rsIDs_CTL_chr3:179399804:T:A.err
    jobid: 281
    wildcards: snp=chr3:179399804:T:A, condition=CTL

Submitted job 281 with external jobid '1549138'.

[Tue Feb 28 17:10:19 2023]
rule getLDbuddy_rsIDs:
    input: /work/users/n/e/nekramer/Data/CQTL/AI/freeze/LD_buddies/chr12:133156038:C:T_CTL_0.8.ld
    output: data/chr12:133156038:C:T_CTL_ld_rsids.csv
    log: logs/getLDbuddy_rsIDs_CTL_chr12:133156038:C:T.out, logs/getLDbuddy_rsIDs_CTL_chr12:133156038:C:T.err
    jobid: 342
    wildcards: snp=chr12:133156038:C:T, condition=CTL

Submitted job 342 with external jobid '1549139'.

[Tue Feb 28 17:10:19 2023]
rule getLDbuddy_rsIDs:
    input: /work/users/n/e/nekramer/Data/CQTL/AI/freeze/LD_buddies/chr19:58417855:G:A_CTL_0.8.ld
    output: data/chr19:58417855:G:A_CTL_ld_rsids.csv
    log: logs/getLDbuddy_rsIDs_CTL_chr19:58417855:G:A.out, logs/getLDbuddy_rsIDs_CTL_chr19:58417855:G:A.err
    jobid: 333
    wildcards: snp=chr19:58417855:G:A, condition=CTL

Submitted job 333 with external jobid '1549140'.

[Tue Feb 28 17:10:20 2023]
rule getLDbuddy_rsIDs:
    input: /work/users/n/e/nekramer/Data/CQTL/AI/freeze/LD_buddies/chr19:40779010:C:T_CTL_0.8.ld
    output: data/chr19:40779010:C:T_CTL_ld_rsids.csv
    log: logs/getLDbuddy_rsIDs_CTL_chr19:40779010:C:T.out, logs/getLDbuddy_rsIDs_CTL_chr19:40779010:C:T.err
    jobid: 313
    wildcards: snp=chr19:40779010:C:T, condition=CTL

Submitted job 313 with external jobid '1549141'.

[Tue Feb 28 17:10:20 2023]
rule getLDbuddy_rsIDs:
    input: /work/users/n/e/nekramer/Data/CQTL/AI/freeze/LD_buddies/chr3:101826262:G:C_CTL_0.8.ld
    output: data/chr3:101826262:G:C_CTL_ld_rsids.csv
    log: logs/getLDbuddy_rsIDs_CTL_chr3:101826262:G:C.out, logs/getLDbuddy_rsIDs_CTL_chr3:101826262:G:C.err
    jobid: 328
    wildcards: snp=chr3:101826262:G:C, condition=CTL

Submitted job 328 with external jobid '1549142'.

[Tue Feb 28 17:10:20 2023]
rule getLDbuddy_rsIDs:
    input: /work/users/n/e/nekramer/Data/CQTL/AI/freeze/LD_buddies/chr5:31515550:G:A_CTL_0.8.ld
    output: data/chr5:31515550:G:A_CTL_ld_rsids.csv
    log: logs/getLDbuddy_rsIDs_CTL_chr5:31515550:G:A.out, logs/getLDbuddy_rsIDs_CTL_chr5:31515550:G:A.err
    jobid: 307
    wildcards: snp=chr5:31515550:G:A, condition=CTL

Submitted job 307 with external jobid '1549143'.

[Tue Feb 28 17:10:20 2023]
rule getLDbuddy_rsIDs:
    input: /work/users/n/e/nekramer/Data/CQTL/AI/freeze/LD_buddies/chr1:230280573:A:C_CTL_0.8.ld
    output: data/chr1:230280573:A:C_CTL_ld_rsids.csv
    log: logs/getLDbuddy_rsIDs_CTL_chr1:230280573:A:C.out, logs/getLDbuddy_rsIDs_CTL_chr1:230280573:A:C.err
    jobid: 353
    wildcards: snp=chr1:230280573:A:C, condition=CTL

Submitted job 353 with external jobid '1549144'.

[Tue Feb 28 17:10:21 2023]
rule getLDbuddy_rsIDs:
    input: /work/users/n/e/nekramer/Data/CQTL/AI/freeze/LD_buddies/chr9:71745318:C:T_CTL_0.8.ld
    output: data/chr9:71745318:C:T_CTL_ld_rsids.csv
    log: logs/getLDbuddy_rsIDs_CTL_chr9:71745318:C:T.out, logs/getLDbuddy_rsIDs_CTL_chr9:71745318:C:T.err
    jobid: 306
    wildcards: snp=chr9:71745318:C:T, condition=CTL

Submitted job 306 with external jobid '1549146'.

[Tue Feb 28 17:10:21 2023]
rule getLDbuddy_rsIDs:
    input: /work/users/n/e/nekramer/Data/CQTL/AI/freeze/LD_buddies/chr18:59359129:A:G_CTL_0.8.ld
    output: data/chr18:59359129:A:G_CTL_ld_rsids.csv
    log: logs/getLDbuddy_rsIDs_CTL_chr18:59359129:A:G.out, logs/getLDbuddy_rsIDs_CTL_chr18:59359129:A:G.err
    jobid: 339
    wildcards: snp=chr18:59359129:A:G, condition=CTL

Submitted job 339 with external jobid '1549147'.

[Tue Feb 28 17:10:21 2023]
rule getLDbuddy_rsIDs:
    input: /work/users/n/e/nekramer/Data/CQTL/AI/freeze/LD_buddies/chr20:62945295:T:G_CTL_0.8.ld
    output: data/chr20:62945295:T:G_CTL_ld_rsids.csv
    log: logs/getLDbuddy_rsIDs_CTL_chr20:62945295:T:G.out, logs/getLDbuddy_rsIDs_CTL_chr20:62945295:T:G.err
    jobid: 266
    wildcards: snp=chr20:62945295:T:G, condition=CTL

Submitted job 266 with external jobid '1549148'.

[Tue Feb 28 17:10:22 2023]
rule getLDbuddy_rsIDs:
    input: /work/users/n/e/nekramer/Data/CQTL/AI/freeze/LD_buddies/chr6:3018500:A:C_CTL_0.8.ld
    output: data/chr6:3018500:A:C_CTL_ld_rsids.csv
    log: logs/getLDbuddy_rsIDs_CTL_chr6:3018500:A:C.out, logs/getLDbuddy_rsIDs_CTL_chr6:3018500:A:C.err
    jobid: 240
    wildcards: snp=chr6:3018500:A:C, condition=CTL

Submitted job 240 with external jobid '1549149'.

[Tue Feb 28 17:10:22 2023]
rule getLDbuddy_rsIDs:
    input: /work/users/n/e/nekramer/Data/CQTL/AI/freeze/LD_buddies/chr2:85606203:C:T_CTL_0.8.ld
    output: data/chr2:85606203:C:T_CTL_ld_rsids.csv
    log: logs/getLDbuddy_rsIDs_CTL_chr2:85606203:C:T.out, logs/getLDbuddy_rsIDs_CTL_chr2:85606203:C:T.err
    jobid: 335
    wildcards: snp=chr2:85606203:C:T, condition=CTL

Submitted job 335 with external jobid '1549150'.

[Tue Feb 28 17:10:22 2023]
rule getLDbuddy_rsIDs:
    input: /work/users/n/e/nekramer/Data/CQTL/AI/freeze/LD_buddies/chr10:100962892:C:T_CTL_0.8.ld
    output: data/chr10:100962892:C:T_CTL_ld_rsids.csv
    log: logs/getLDbuddy_rsIDs_CTL_chr10:100962892:C:T.out, logs/getLDbuddy_rsIDs_CTL_chr10:100962892:C:T.err
    jobid: 329
    wildcards: snp=chr10:100962892:C:T, condition=CTL

Submitted job 329 with external jobid '1549151'.

[Tue Feb 28 17:10:22 2023]
rule getLDbuddy_rsIDs:
    input: /work/users/n/e/nekramer/Data/CQTL/AI/freeze/LD_buddies/chr7:4996980:C:G_CTL_0.8.ld
    output: data/chr7:4996980:C:G_CTL_ld_rsids.csv
    log: logs/getLDbuddy_rsIDs_CTL_chr7:4996980:C:G.out, logs/getLDbuddy_rsIDs_CTL_chr7:4996980:C:G.err
    jobid: 257
    wildcards: snp=chr7:4996980:C:G, condition=CTL

Submitted job 257 with external jobid '1549152'.

[Tue Feb 28 17:10:23 2023]
rule getLDbuddy_rsIDs:
    input: /work/users/n/e/nekramer/Data/CQTL/AI/freeze/LD_buddies/chr11:6681654:C:G_CTL_0.8.ld
    output: data/chr11:6681654:C:G_CTL_ld_rsids.csv
    log: logs/getLDbuddy_rsIDs_CTL_chr11:6681654:C:G.out, logs/getLDbuddy_rsIDs_CTL_chr11:6681654:C:G.err
    jobid: 292
    wildcards: snp=chr11:6681654:C:G, condition=CTL

Submitted job 292 with external jobid '1549153'.

[Tue Feb 28 17:10:23 2023]
rule getLDbuddy_rsIDs:
    input: /work/users/n/e/nekramer/Data/CQTL/AI/freeze/LD_buddies/chr2:113471049:G:A_CTL_0.8.ld
    output: data/chr2:113471049:G:A_CTL_ld_rsids.csv
    log: logs/getLDbuddy_rsIDs_CTL_chr2:113471049:G:A.out, logs/getLDbuddy_rsIDs_CTL_chr2:113471049:G:A.err
    jobid: 263
    wildcards: snp=chr2:113471049:G:A, condition=CTL

Submitted job 263 with external jobid '1549154'.

[Tue Feb 28 17:10:23 2023]
rule getLDbuddy_rsIDs:
    input: /work/users/n/e/nekramer/Data/CQTL/AI/freeze/LD_buddies/chr1:58655671:T:A_CTL_0.8.ld
    output: data/chr1:58655671:T:A_CTL_ld_rsids.csv
    log: logs/getLDbuddy_rsIDs_CTL_chr1:58655671:T:A.out, logs/getLDbuddy_rsIDs_CTL_chr1:58655671:T:A.err
    jobid: 343
    wildcards: snp=chr1:58655671:T:A, condition=CTL

Submitted job 343 with external jobid '1549155'.

[Tue Feb 28 17:10:23 2023]
rule getLDbuddy_rsIDs:
    input: /work/users/n/e/nekramer/Data/CQTL/AI/freeze/LD_buddies/chr4:94664990:C:T_CTL_0.8.ld
    output: data/chr4:94664990:C:T_CTL_ld_rsids.csv
    log: logs/getLDbuddy_rsIDs_CTL_chr4:94664990:C:T.out, logs/getLDbuddy_rsIDs_CTL_chr4:94664990:C:T.err
    jobid: 322
    wildcards: snp=chr4:94664990:C:T, condition=CTL

Submitted job 322 with external jobid '1549156'.

[Tue Feb 28 17:10:25 2023]
rule getLDbuddy_rsIDs:
    input: /work/users/n/e/nekramer/Data/CQTL/AI/freeze/LD_buddies/chr15:82151483:C:T_CTL_0.8.ld
    output: data/chr15:82151483:C:T_CTL_ld_rsids.csv
    log: logs/getLDbuddy_rsIDs_CTL_chr15:82151483:C:T.out, logs/getLDbuddy_rsIDs_CTL_chr15:82151483:C:T.err
    jobid: 286
    wildcards: snp=chr15:82151483:C:T, condition=CTL

Submitted job 286 with external jobid '1549169'.

[Tue Feb 28 17:10:26 2023]
rule getLDbuddy_rsIDs:
    input: /work/users/n/e/nekramer/Data/CQTL/AI/freeze/LD_buddies/chr17:79936498:A:G_CTL_0.8.ld
    output: data/chr17:79936498:A:G_CTL_ld_rsids.csv
    log: logs/getLDbuddy_rsIDs_CTL_chr17:79936498:A:G.out, logs/getLDbuddy_rsIDs_CTL_chr17:79936498:A:G.err
    jobid: 332
    wildcards: snp=chr17:79936498:A:G, condition=CTL

Submitted job 332 with external jobid '1549170'.

[Tue Feb 28 17:10:26 2023]
rule getLDbuddy_rsIDs:
    input: /work/users/n/e/nekramer/Data/CQTL/AI/freeze/LD_buddies/chr4:82423755:A:G_CTL_0.8.ld
    output: data/chr4:82423755:A:G_CTL_ld_rsids.csv
    log: logs/getLDbuddy_rsIDs_CTL_chr4:82423755:A:G.out, logs/getLDbuddy_rsIDs_CTL_chr4:82423755:A:G.err
    jobid: 280
    wildcards: snp=chr4:82423755:A:G, condition=CTL

Submitted job 280 with external jobid '1549171'.

[Tue Feb 28 17:10:26 2023]
rule getLDbuddy_rsIDs:
    input: /work/users/n/e/nekramer/Data/CQTL/AI/freeze/LD_buddies/chr1:186306628:G:A_CTL_0.8.ld
    output: data/chr1:186306628:G:A_CTL_ld_rsids.csv
    log: logs/getLDbuddy_rsIDs_CTL_chr1:186306628:G:A.out, logs/getLDbuddy_rsIDs_CTL_chr1:186306628:G:A.err
    jobid: 259
    wildcards: snp=chr1:186306628:G:A, condition=CTL

Submitted job 259 with external jobid '1549172'.

[Tue Feb 28 17:10:27 2023]
rule getLDbuddy_rsIDs:
    input: /work/users/n/e/nekramer/Data/CQTL/AI/freeze/LD_buddies/chr15:88630424:G:A_CTL_0.8.ld
    output: data/chr15:88630424:G:A_CTL_ld_rsids.csv
    log: logs/getLDbuddy_rsIDs_CTL_chr15:88630424:G:A.out, logs/getLDbuddy_rsIDs_CTL_chr15:88630424:G:A.err
    jobid: 255
    wildcards: snp=chr15:88630424:G:A, condition=CTL

Submitted job 255 with external jobid '1549173'.

[Tue Feb 28 17:10:27 2023]
rule getLDbuddy_rsIDs:
    input: /work/users/n/e/nekramer/Data/CQTL/AI/freeze/LD_buddies/chr5:141125259:A:C_CTL_0.8.ld
    output: data/chr5:141125259:A:C_CTL_ld_rsids.csv
    log: logs/getLDbuddy_rsIDs_CTL_chr5:141125259:A:C.out, logs/getLDbuddy_rsIDs_CTL_chr5:141125259:A:C.err
    jobid: 274
    wildcards: snp=chr5:141125259:A:C, condition=CTL

Submitted job 274 with external jobid '1549174'.

[Tue Feb 28 17:10:27 2023]
rule getLDbuddy_rsIDs:
    input: /work/users/n/e/nekramer/Data/CQTL/AI/freeze/LD_buddies/chr21:44769371:G:C_CTL_0.8.ld
    output: data/chr21:44769371:G:C_CTL_ld_rsids.csv
    log: logs/getLDbuddy_rsIDs_CTL_chr21:44769371:G:C.out, logs/getLDbuddy_rsIDs_CTL_chr21:44769371:G:C.err
    jobid: 330
    wildcards: snp=chr21:44769371:G:C, condition=CTL

Submitted job 330 with external jobid '1549175'.

[Tue Feb 28 17:10:28 2023]
rule getLDbuddy_rsIDs:
    input: /work/users/n/e/nekramer/Data/CQTL/AI/freeze/LD_buddies/chr1:10307512:G:A_CTL_0.8.ld
    output: data/chr1:10307512:G:A_CTL_ld_rsids.csv
    log: logs/getLDbuddy_rsIDs_CTL_chr1:10307512:G:A.out, logs/getLDbuddy_rsIDs_CTL_chr1:10307512:G:A.err
    jobid: 285
    wildcards: snp=chr1:10307512:G:A, condition=CTL

Submitted job 285 with external jobid '1549176'.

[Tue Feb 28 17:10:28 2023]
rule getLDbuddy_rsIDs:
    input: /work/users/n/e/nekramer/Data/CQTL/AI/freeze/LD_buddies/chr16:57994956:G:A_CTL_0.8.ld
    output: data/chr16:57994956:G:A_CTL_ld_rsids.csv
    log: logs/getLDbuddy_rsIDs_CTL_chr16:57994956:G:A.out, logs/getLDbuddy_rsIDs_CTL_chr16:57994956:G:A.err
    jobid: 336
    wildcards: snp=chr16:57994956:G:A, condition=CTL

Submitted job 336 with external jobid '1549177'.

[Tue Feb 28 17:10:30 2023]
rule getLDbuddy_rsIDs:
    input: /work/users/n/e/nekramer/Data/CQTL/AI/freeze/LD_buddies/chr17:30522671:G:A_CTL_0.8.ld
    output: data/chr17:30522671:G:A_CTL_ld_rsids.csv
    log: logs/getLDbuddy_rsIDs_CTL_chr17:30522671:G:A.out, logs/getLDbuddy_rsIDs_CTL_chr17:30522671:G:A.err
    jobid: 273
    wildcards: snp=chr17:30522671:G:A, condition=CTL

Submitted job 273 with external jobid '1549178'.

[Tue Feb 28 17:10:31 2023]
rule getLDbuddy_rsIDs:
    input: /work/users/n/e/nekramer/Data/CQTL/AI/freeze/LD_buddies/chr17:40092101:C:T_CTL_0.8.ld
    output: data/chr17:40092101:C:T_CTL_ld_rsids.csv
    log: logs/getLDbuddy_rsIDs_CTL_chr17:40092101:C:T.out, logs/getLDbuddy_rsIDs_CTL_chr17:40092101:C:T.err
    jobid: 327
    wildcards: snp=chr17:40092101:C:T, condition=CTL

Submitted job 327 with external jobid '1549179'.

[Tue Feb 28 17:10:31 2023]
rule getLDbuddy_rsIDs:
    input: /work/users/n/e/nekramer/Data/CQTL/AI/freeze/LD_buddies/chr1:161961083:A:G_CTL_0.8.ld
    output: data/chr1:161961083:A:G_CTL_ld_rsids.csv
    log: logs/getLDbuddy_rsIDs_CTL_chr1:161961083:A:G.out, logs/getLDbuddy_rsIDs_CTL_chr1:161961083:A:G.err
    jobid: 298
    wildcards: snp=chr1:161961083:A:G, condition=CTL

Submitted job 298 with external jobid '1549180'.

[Tue Feb 28 17:10:31 2023]
rule getLDbuddy_rsIDs:
    input: /work/users/n/e/nekramer/Data/CQTL/AI/freeze/LD_buddies/chr1:119182778:G:A_CTL_0.8.ld
    output: data/chr1:119182778:G:A_CTL_ld_rsids.csv
    log: logs/getLDbuddy_rsIDs_CTL_chr1:119182778:G:A.out, logs/getLDbuddy_rsIDs_CTL_chr1:119182778:G:A.err
    jobid: 267
    wildcards: snp=chr1:119182778:G:A, condition=CTL

Submitted job 267 with external jobid '1549181'.
Waiting at most 5 seconds for missing files.
MissingOutputException in line 38 of /work/users/n/e/nekramer/CQTL_GIT/CQTL/AllelicImbalance/AIanalysis/snakefiles/AI_LD_buddies.smk:
Job completed successfully, but some output files are missing. Missing files after 5 seconds:
data/chr17:5515479:G:A_CTL_ld_rsids.csv
This might be due to filesystem latency. If that is the case, consider to increase the wait time with --latency-wait.
Waiting at most 5 seconds for missing files.
MissingOutputException in line 38 of /work/users/n/e/nekramer/CQTL_GIT/CQTL/AllelicImbalance/AIanalysis/snakefiles/AI_LD_buddies.smk:
Job completed successfully, but some output files are missing. Missing files after 5 seconds:
data/chr12:132841483:C:T_CTL_ld_rsids.csv
This might be due to filesystem latency. If that is the case, consider to increase the wait time with --latency-wait.
Waiting at most 5 seconds for missing files.
MissingOutputException in line 38 of /work/users/n/e/nekramer/CQTL_GIT/CQTL/AllelicImbalance/AIanalysis/snakefiles/AI_LD_buddies.smk:
Job completed successfully, but some output files are missing. Missing files after 5 seconds:
data/chr17:31317834:G:A_CTL_ld_rsids.csv
This might be due to filesystem latency. If that is the case, consider to increase the wait time with --latency-wait.
Waiting at most 5 seconds for missing files.
MissingOutputException in line 38 of /work/users/n/e/nekramer/CQTL_GIT/CQTL/AllelicImbalance/AIanalysis/snakefiles/AI_LD_buddies.smk:
Job completed successfully, but some output files are missing. Missing files after 5 seconds:
data/chr1:236897797:A:G_CTL_ld_rsids.csv
This might be due to filesystem latency. If that is the case, consider to increase the wait time with --latency-wait.
Waiting at most 5 seconds for missing files.
MissingOutputException in line 38 of /work/users/n/e/nekramer/CQTL_GIT/CQTL/AllelicImbalance/AIanalysis/snakefiles/AI_LD_buddies.smk:
Job completed successfully, but some output files are missing. Missing files after 5 seconds:
data/chr13:48076356:A:G_CTL_ld_rsids.csv
This might be due to filesystem latency. If that is the case, consider to increase the wait time with --latency-wait.
Waiting at most 5 seconds for missing files.
[Tue Feb 28 17:11:00 2023]
Finished job 284.
1 of 117 steps (0.85%) done
[Tue Feb 28 17:11:00 2023]
Finished job 287.
2 of 117 steps (2%) done
[Tue Feb 28 17:11:01 2023]
Finished job 334.
3 of 117 steps (3%) done
[Tue Feb 28 17:11:01 2023]
Finished job 247.
4 of 117 steps (3%) done
[Tue Feb 28 17:11:01 2023]
Finished job 300.
5 of 117 steps (4%) done
[Tue Feb 28 17:11:01 2023]
Finished job 243.
6 of 117 steps (5%) done
[Tue Feb 28 17:11:01 2023]
Finished job 350.
7 of 117 steps (6%) done
[Tue Feb 28 17:11:02 2023]
Finished job 244.
8 of 117 steps (7%) done
[Tue Feb 28 17:11:02 2023]
Finished job 261.
9 of 117 steps (8%) done
[Tue Feb 28 17:11:02 2023]
Finished job 309.
10 of 117 steps (9%) done
[Tue Feb 28 17:11:02 2023]
Finished job 250.
11 of 117 steps (9%) done
[Tue Feb 28 17:11:02 2023]
Finished job 320.
12 of 117 steps (10%) done
[Tue Feb 28 17:11:03 2023]
Finished job 248.
13 of 117 steps (11%) done
[Tue Feb 28 17:11:03 2023]
Finished job 310.
14 of 117 steps (12%) done
[Tue Feb 28 17:11:03 2023]
Finished job 344.
15 of 117 steps (13%) done
[Tue Feb 28 17:11:03 2023]
Finished job 352.
16 of 117 steps (14%) done
[Tue Feb 28 17:11:03 2023]
Finished job 253.
17 of 117 steps (15%) done
[Tue Feb 28 17:11:03 2023]
Finished job 279.
18 of 117 steps (15%) done
[Tue Feb 28 17:11:04 2023]
Finished job 262.
19 of 117 steps (16%) done
[Tue Feb 28 17:11:04 2023]
Finished job 256.
20 of 117 steps (17%) done
[Tue Feb 28 17:11:04 2023]
Finished job 281.
21 of 117 steps (18%) done
[Tue Feb 28 17:11:04 2023]
Finished job 342.
22 of 117 steps (19%) done
[Tue Feb 28 17:11:04 2023]
Finished job 333.
23 of 117 steps (20%) done
[Tue Feb 28 17:11:05 2023]
Finished job 313.
24 of 117 steps (21%) done
[Tue Feb 28 17:11:05 2023]
Finished job 328.
25 of 117 steps (21%) done
[Tue Feb 28 17:11:06 2023]
Finished job 307.
26 of 117 steps (22%) done
[Tue Feb 28 17:11:06 2023]
Finished job 353.
27 of 117 steps (23%) done
[Tue Feb 28 17:11:06 2023]
Finished job 306.
28 of 117 steps (24%) done
[Tue Feb 28 17:11:06 2023]
Finished job 339.
29 of 117 steps (25%) done
[Tue Feb 28 17:11:06 2023]
Finished job 266.
30 of 117 steps (26%) done
[Tue Feb 28 17:11:07 2023]
Finished job 240.
31 of 117 steps (26%) done
[Tue Feb 28 17:11:07 2023]
Finished job 335.
32 of 117 steps (27%) done
[Tue Feb 28 17:11:07 2023]
Finished job 268.
33 of 117 steps (28%) done
[Tue Feb 28 17:11:07 2023]
Finished job 276.
34 of 117 steps (29%) done
[Tue Feb 28 17:11:07 2023]
Finished job 296.
35 of 117 steps (30%) done
[Tue Feb 28 17:11:08 2023]
Finished job 249.
36 of 117 steps (31%) done
[Tue Feb 28 17:11:08 2023]
Finished job 239.
37 of 117 steps (32%) done
[Tue Feb 28 17:11:08 2023]
Finished job 264.
38 of 117 steps (32%) done
[Tue Feb 28 17:11:08 2023]
Finished job 297.
39 of 117 steps (33%) done
[Tue Feb 28 17:11:08 2023]
Finished job 271.
40 of 117 steps (34%) done
[Tue Feb 28 17:11:09 2023]
Finished job 277.
41 of 117 steps (35%) done
[Tue Feb 28 17:11:09 2023]
Finished job 295.
42 of 117 steps (36%) done
[Tue Feb 28 17:11:09 2023]
Finished job 346.
43 of 117 steps (37%) done
[Tue Feb 28 17:11:09 2023]
Finished job 316.
44 of 117 steps (38%) done
[Tue Feb 28 17:11:10 2023]
Finished job 354.
45 of 117 steps (38%) done
[Tue Feb 28 17:11:10 2023]
Finished job 270.
46 of 117 steps (39%) done
[Tue Feb 28 17:11:10 2023]
Finished job 340.
47 of 117 steps (40%) done
[Tue Feb 28 17:11:10 2023]
Finished job 241.
48 of 117 steps (41%) done
[Tue Feb 28 17:11:10 2023]
Finished job 290.
49 of 117 steps (42%) done
[Tue Feb 28 17:11:11 2023]
Finished job 294.
50 of 117 steps (43%) done
[Tue Feb 28 17:11:11 2023]
Finished job 326.
51 of 117 steps (44%) done
[Tue Feb 28 17:11:11 2023]
Finished job 245.
52 of 117 steps (44%) done
[Tue Feb 28 17:11:11 2023]
Finished job 291.
53 of 117 steps (45%) done
[Tue Feb 28 17:11:11 2023]
Finished job 338.
54 of 117 steps (46%) done
[Tue Feb 28 17:11:12 2023]
Finished job 315.
55 of 117 steps (47%) done
[Tue Feb 28 17:11:12 2023]
Finished job 324.
56 of 117 steps (48%) done
[Tue Feb 28 17:11:12 2023]
Finished job 283.
57 of 117 steps (49%) done
[Tue Feb 28 17:11:12 2023]
Finished job 299.
58 of 117 steps (50%) done
[Tue Feb 28 17:11:12 2023]
Finished job 260.
59 of 117 steps (50%) done
[Tue Feb 28 17:11:13 2023]
Finished job 301.
60 of 117 steps (51%) done
[Tue Feb 28 17:11:13 2023]
Finished job 269.
61 of 117 steps (52%) done
[Tue Feb 28 17:11:13 2023]
Finished job 347.
62 of 117 steps (53%) done
[Tue Feb 28 17:11:13 2023]
Finished job 275.
63 of 117 steps (54%) done
[Tue Feb 28 17:11:13 2023]
Finished job 282.
64 of 117 steps (55%) done
[Tue Feb 28 17:11:13 2023]
Finished job 304.
65 of 117 steps (56%) done
[Tue Feb 28 17:11:14 2023]
Finished job 289.
66 of 117 steps (56%) done
[Tue Feb 28 17:11:14 2023]
Finished job 272.
67 of 117 steps (57%) done
[Tue Feb 28 17:11:14 2023]
Finished job 254.
68 of 117 steps (58%) done
[Tue Feb 28 17:11:14 2023]
Finished job 293.
69 of 117 steps (59%) done
[Tue Feb 28 17:11:14 2023]
Finished job 341.
70 of 117 steps (60%) done
[Tue Feb 28 17:11:15 2023]
Finished job 323.
71 of 117 steps (61%) done
[Tue Feb 28 17:11:15 2023]
Finished job 329.
72 of 117 steps (62%) done
[Tue Feb 28 17:11:15 2023]
Finished job 257.
73 of 117 steps (62%) done
[Tue Feb 28 17:11:15 2023]
Finished job 292.
74 of 117 steps (63%) done
[Tue Feb 28 17:11:15 2023]
Finished job 263.
75 of 117 steps (64%) done
[Tue Feb 28 17:11:16 2023]
Finished job 343.
76 of 117 steps (65%) done
[Tue Feb 28 17:11:16 2023]
Finished job 322.
77 of 117 steps (66%) done
[Tue Feb 28 17:11:16 2023]
Finished job 286.
78 of 117 steps (67%) done
[Tue Feb 28 17:11:16 2023]
Finished job 332.
79 of 117 steps (68%) done
[Tue Feb 28 17:11:16 2023]
Finished job 280.
80 of 117 steps (68%) done
[Tue Feb 28 17:11:17 2023]
Finished job 259.
81 of 117 steps (69%) done
[Tue Feb 28 17:11:17 2023]
Finished job 255.
82 of 117 steps (70%) done
[Tue Feb 28 17:11:17 2023]
Finished job 274.
83 of 117 steps (71%) done
[Tue Feb 28 17:11:17 2023]
Finished job 330.
84 of 117 steps (72%) done
[Tue Feb 28 17:11:17 2023]
Finished job 285.
85 of 117 steps (73%) done
[Tue Feb 28 17:11:17 2023]
Finished job 336.
86 of 117 steps (74%) done
[Tue Feb 28 17:11:18 2023]
Finished job 273.
87 of 117 steps (74%) done
[Tue Feb 28 17:11:18 2023]
Finished job 327.
88 of 117 steps (75%) done
[Tue Feb 28 17:11:18 2023]
Finished job 298.
89 of 117 steps (76%) done
[Tue Feb 28 17:11:18 2023]
Finished job 267.
90 of 117 steps (77%) done
[Tue Feb 28 17:11:28 2023]
Finished job 242.
91 of 117 steps (78%) done
[Tue Feb 28 17:11:29 2023]
Finished job 258.
92 of 117 steps (79%) done
[Tue Feb 28 17:11:29 2023]
Finished job 331.
93 of 117 steps (79%) done
[Tue Feb 28 17:11:29 2023]
Finished job 308.
94 of 117 steps (80%) done
[Tue Feb 28 17:11:29 2023]
Finished job 319.
95 of 117 steps (81%) done
Shutting down, this might take some time.
Exiting because a job execution failed. Look above for error message
Complete log: /work/users/n/e/nekramer/CQTL_GIT/CQTL/AllelicImbalance/AIanalysis/.snakemake/log/2023-02-28T171000.039497.snakemake.log
