Building DAG of jobs...
Using shell: /usr/bin/bash
Provided cluster nodes: 100
Job counts:
	count	jobs
	1	all
	45	getLD_buddies
	167	getLDbuddy_rsIDs
	167	join_LDbuddies
	2	join_conditionLDbuddies
	382

[Wed Mar  1 15:27:27 2023]
rule getLD_buddies:
    input: /work/users/n/e/nekramer/Data/CQTL/AI/freeze/AIsigFNF05variantIDs.txt
    output: /work/users/n/e/nekramer/Data/CQTL/AI/freeze/LD_buddies/chr9:134701253:G:A_FNF_0.8.ld
    log: logs/getLD_buddies_FNF_chr9:134701253:G:A.out, logs/getLD_buddies_FNF_chr9:134701253:G:A.err
    jobid: 848
    wildcards: snp=chr9:134701253:G:A, condition=FNF

Submitted job 848 with external jobid '1606475'.

[Wed Mar  1 15:27:27 2023]
rule getLDbuddy_rsIDs:
    input: /work/users/n/e/nekramer/Data/CQTL/AI/freeze/LD_buddies/chr11:48144715:G:C_FNF_0.8.ld
    output: data/chr11:48144715:G:C_FNF_ld_rsids.csv
    log: logs/getLDbuddy_rsIDs_FNF_chr11:48144715:G:C.out, logs/getLDbuddy_rsIDs_FNF_chr11:48144715:G:C.err
    jobid: 469
    wildcards: snp=chr11:48144715:G:C, condition=FNF

Submitted job 469 with external jobid '1606476'.

[Wed Mar  1 15:27:27 2023]
rule getLD_buddies:
    input: /work/users/n/e/nekramer/Data/CQTL/AI/freeze/AIsigFNF05variantIDs.txt
    output: /work/users/n/e/nekramer/Data/CQTL/AI/freeze/LD_buddies/chr2:85606203:C:T_FNF_0.8.ld
    log: logs/getLD_buddies_FNF_chr2:85606203:C:T.out, logs/getLD_buddies_FNF_chr2:85606203:C:T.err
    jobid: 834
    wildcards: snp=chr2:85606203:C:T, condition=FNF

Submitted job 834 with external jobid '1606477'.

[Wed Mar  1 15:27:27 2023]
rule getLDbuddy_rsIDs:
    input: /work/users/n/e/nekramer/Data/CQTL/AI/freeze/LD_buddies/chr5:172422467:G:A_FNF_0.8.ld
    output: data/chr5:172422467:G:A_FNF_ld_rsids.csv
    log: logs/getLDbuddy_rsIDs_FNF_chr5:172422467:G:A.out, logs/getLDbuddy_rsIDs_FNF_chr5:172422467:G:A.err
    jobid: 419
    wildcards: snp=chr5:172422467:G:A, condition=FNF

Submitted job 419 with external jobid '1606478'.

[Wed Mar  1 15:27:27 2023]
rule getLDbuddy_rsIDs:
    input: /work/users/n/e/nekramer/Data/CQTL/AI/freeze/LD_buddies/chr14:51256361:A:C_FNF_0.8.ld
    output: data/chr14:51256361:A:C_FNF_ld_rsids.csv
    log: logs/getLDbuddy_rsIDs_FNF_chr14:51256361:A:C.out, logs/getLDbuddy_rsIDs_FNF_chr14:51256361:A:C.err
    jobid: 367
    wildcards: snp=chr14:51256361:A:C, condition=FNF

Submitted job 367 with external jobid '1606479'.

[Wed Mar  1 15:27:28 2023]
rule getLD_buddies:
    input: /work/users/n/e/nekramer/Data/CQTL/AI/freeze/AIsigFNF05variantIDs.txt
    output: /work/users/n/e/nekramer/Data/CQTL/AI/freeze/LD_buddies/chr9:37863152:G:C_FNF_0.8.ld
    log: logs/getLD_buddies_FNF_chr9:37863152:G:C.out, logs/getLD_buddies_FNF_chr9:37863152:G:C.err
    jobid: 804
    wildcards: snp=chr9:37863152:G:C, condition=FNF

Submitted job 804 with external jobid '1606480'.

[Wed Mar  1 15:27:28 2023]
rule getLDbuddy_rsIDs:
    input: /work/users/n/e/nekramer/Data/CQTL/AI/freeze/LD_buddies/chr5:43313429:C:T_FNF_0.8.ld
    output: data/chr5:43313429:C:T_FNF_ld_rsids.csv
    log: logs/getLDbuddy_rsIDs_FNF_chr5:43313429:C:T.out, logs/getLDbuddy_rsIDs_FNF_chr5:43313429:C:T.err
    jobid: 456
    wildcards: snp=chr5:43313429:C:T, condition=FNF

Submitted job 456 with external jobid '1606481'.

[Wed Mar  1 15:27:28 2023]
rule getLD_buddies:
    input: /work/users/n/e/nekramer/Data/CQTL/AI/freeze/AIsigFNF05variantIDs.txt
    output: /work/users/n/e/nekramer/Data/CQTL/AI/freeze/LD_buddies/chr8:123437226:C:T_FNF_0.8.ld
    log: logs/getLD_buddies_FNF_chr8:123437226:C:T.out, logs/getLD_buddies_FNF_chr8:123437226:C:T.err
    jobid: 826
    wildcards: snp=chr8:123437226:C:T, condition=FNF

Submitted job 826 with external jobid '1606482'.

[Wed Mar  1 15:27:28 2023]
rule getLDbuddy_rsIDs:
    input: /work/users/n/e/nekramer/Data/CQTL/AI/freeze/LD_buddies/chr12:133191967:A:T_FNF_0.8.ld
    output: data/chr12:133191967:A:T_FNF_ld_rsids.csv
    log: logs/getLDbuddy_rsIDs_FNF_chr12:133191967:A:T.out, logs/getLDbuddy_rsIDs_FNF_chr12:133191967:A:T.err
    jobid: 432
    wildcards: snp=chr12:133191967:A:T, condition=FNF

Submitted job 432 with external jobid '1606483'.

[Wed Mar  1 15:27:28 2023]
rule getLD_buddies:
    input: /work/users/n/e/nekramer/Data/CQTL/AI/freeze/AIsigFNF05variantIDs.txt
    output: /work/users/n/e/nekramer/Data/CQTL/AI/freeze/LD_buddies/chr1:230279402:G:A_FNF_0.8.ld
    log: logs/getLD_buddies_FNF_chr1:230279402:G:A.out, logs/getLD_buddies_FNF_chr1:230279402:G:A.err
    jobid: 798
    wildcards: snp=chr1:230279402:G:A, condition=FNF

Submitted job 798 with external jobid '1606484'.

[Wed Mar  1 15:27:29 2023]
rule getLDbuddy_rsIDs:
    input: /work/users/n/e/nekramer/Data/CQTL/AI/freeze/LD_buddies/chr17:48048796:G:A_FNF_0.8.ld
    output: data/chr17:48048796:G:A_FNF_ld_rsids.csv
    log: logs/getLDbuddy_rsIDs_FNF_chr17:48048796:G:A.out, logs/getLDbuddy_rsIDs_FNF_chr17:48048796:G:A.err
    jobid: 404
    wildcards: snp=chr17:48048796:G:A, condition=FNF

Submitted job 404 with external jobid '1606485'.

[Wed Mar  1 15:27:30 2023]
rule getLDbuddy_rsIDs:
    input: /work/users/n/e/nekramer/Data/CQTL/AI/freeze/LD_buddies/chr19:56554644:C:T_FNF_0.8.ld
    output: data/chr19:56554644:C:T_FNF_ld_rsids.csv
    log: logs/getLDbuddy_rsIDs_FNF_chr19:56554644:C:T.out, logs/getLDbuddy_rsIDs_FNF_chr19:56554644:C:T.err
    jobid: 461
    wildcards: snp=chr19:56554644:C:T, condition=FNF

Submitted job 461 with external jobid '1606486'.

[Wed Mar  1 15:27:30 2023]
rule getLDbuddy_rsIDs:
    input: /work/users/n/e/nekramer/Data/CQTL/AI/freeze/LD_buddies/chr11:27495171:T:A_FNF_0.8.ld
    output: data/chr11:27495171:T:A_FNF_ld_rsids.csv
    log: logs/getLDbuddy_rsIDs_FNF_chr11:27495171:T:A.out, logs/getLDbuddy_rsIDs_FNF_chr11:27495171:T:A.err
    jobid: 403
    wildcards: snp=chr11:27495171:T:A, condition=FNF

Submitted job 403 with external jobid '1606487'.

[Wed Mar  1 15:27:30 2023]
rule join_conditionLDbuddies:
    input: data/chr7:24698499:G:A_CTL_ldbuddies_final.csv, data/chr6:3018500:A:C_CTL_ldbuddies_final.csv, data/chr19:52384174:A:C_CTL_ldbuddies_final.csv, data/chr19:52384184:A:C_CTL_ldbuddies_final.csv, data/chr2:48599465:C:A_CTL_ldbuddies_final.csv, data/chr21:41279568:G:A_CTL_ldbuddies_final.csv, data/chr19:52893812:G:A_CTL_ldbuddies_final.csv, data/chr6:138418442:T:G_CTL_ldbuddies_final.csv, data/chr3:47850893:G:A_CTL_ldbuddies_final.csv, data/chr20:62945340:C:T_CTL_ldbuddies_final.csv, data/chr21:39342936:C:T_CTL_ldbuddies_final.csv, data/chr2:238447385:C:T_CTL_ldbuddies_final.csv, data/chr5:78885754:T:C_CTL_ldbuddies_final.csv, data/chr11:126408308:T:C_CTL_ldbuddies_final.csv, data/chr7:4997014:T:C_CTL_ldbuddies_final.csv, data/chr20:38373945:G:A_CTL_ldbuddies_final.csv, data/chr15:88630424:G:A_CTL_ldbuddies_final.csv, data/chr1:119032547:C:A_CTL_ldbuddies_final.csv, data/chr7:4996980:C:G_CTL_ldbuddies_final.csv, data/chr17:5533965:G:A_CTL_ldbuddies_final.csv, data/chr1:186306628:G:A_CTL_ldbuddies_final.csv, data/chr4:39214620:G:A_CTL_ldbuddies_final.csv, data/chr8:81658396:C:T_CTL_ldbuddies_final.csv, data/chr10:70115028:C:T_CTL_ldbuddies_final.csv, data/chr2:113471049:G:A_CTL_ldbuddies_final.csv, data/chr11:6681188:T:G_CTL_ldbuddies_final.csv, data/chr1:151844149:C:T_CTL_ldbuddies_final.csv, data/chr20:62945295:T:G_CTL_ldbuddies_final.csv, data/chr1:119182778:G:A_CTL_ldbuddies_final.csv, data/chr7:94398387:T:C_CTL_ldbuddies_final.csv, data/chr16:82000007:T:C_CTL_ldbuddies_final.csv, data/chr17:81701782:C:T_CTL_ldbuddies_final.csv, data/chr17:48048796:G:A_CTL_ldbuddies_final.csv, data/chr22:45341429:A:G_CTL_ldbuddies_final.csv, data/chr17:30522671:G:A_CTL_ldbuddies_final.csv, data/chr5:141125259:A:C_CTL_ldbuddies_final.csv, data/chr14:51256420:T:C_CTL_ldbuddies_final.csv, data/chr18:13095592:G:A_CTL_ldbuddies_final.csv, data/chr7:33006506:G:T_CTL_ldbuddies_final.csv, data/chr17:73236851:C:A_CTL_ldbuddies_final.csv, data/chr9:113594496:C:T_CTL_ldbuddies_final.csv, data/chr4:82423755:A:G_CTL_ldbuddies_final.csv, data/chr3:179399804:T:A_CTL_ldbuddies_final.csv, data/chr1:21218242:C:T_CTL_ldbuddies_final.csv, data/chr1:11787715:G:T_CTL_ldbuddies_final.csv, data/chr18:62154610:T:C_CTL_ldbuddies_final.csv, data/chr1:10307512:G:A_CTL_ldbuddies_final.csv, data/chr15:82151483:C:T_CTL_ldbuddies_final.csv, data/chr12:95658366:C:T_CTL_ldbuddies_final.csv, data/chr13:48076356:A:G_CTL_ldbuddies_final.csv, data/chr2:24100236:A:G_CTL_ldbuddies_final.csv, data/chr2:24100237:G:A_CTL_ldbuddies_final.csv, data/chr11:204680:G:A_CTL_ldbuddies_final.csv, data/chr11:6681654:C:G_CTL_ldbuddies_final.csv, data/chr14:51256361:A:C_CTL_ldbuddies_final.csv, data/chr1:46361813:C:T_CTL_ldbuddies_final.csv, data/chr8:103072159:A:T_CTL_ldbuddies_final.csv, data/chr3:38126634:A:C_CTL_ldbuddies_final.csv, data/chr18:2917370:G:A_CTL_ldbuddies_final.csv, data/chr1:161961083:A:G_CTL_ldbuddies_final.csv, data/chr3:9365020:G:A_CTL_ldbuddies_final.csv, data/chr8:26411516:C:T_CTL_ldbuddies_final.csv, data/chr12:133191967:A:T_CTL_ldbuddies_final.csv, data/chr12:132841483:C:T_CTL_ldbuddies_final.csv, data/chr18:59359204:C:T_CTL_ldbuddies_final.csv, data/chr1:230279402:G:A_CTL_ldbuddies_final.csv, data/chr1:236897797:A:G_CTL_ldbuddies_final.csv, data/chr9:71745318:C:T_CTL_ldbuddies_final.csv, data/chr5:31515550:G:A_CTL_ldbuddies_final.csv, data/chr20:62852790:A:G_CTL_ldbuddies_final.csv, data/chr9:37863152:G:C_CTL_ldbuddies_final.csv, data/chr5:141388424:G:A_CTL_ldbuddies_final.csv, data/chr17:4798107:C:T_CTL_ldbuddies_final.csv, data/chr1:21219821:C:T_CTL_ldbuddies_final.csv, data/chr19:40779010:C:T_CTL_ldbuddies_final.csv, data/chr17:5515479:G:A_CTL_ldbuddies_final.csv, data/chr10:70114927:G:A_CTL_ldbuddies_final.csv, data/chr22:38735830:T:C_CTL_ldbuddies_final.csv, data/chr19:56087463:G:C_CTL_ldbuddies_final.csv, data/chr4:6302742:A:G_CTL_ldbuddies_final.csv, data/chr7:66152686:G:A_CTL_ldbuddies_final.csv, data/chr12:123613219:A:G_CTL_ldbuddies_final.csv, data/chr3:56615254:C:T_CTL_ldbuddies_final.csv, data/chr4:94664990:C:T_CTL_ldbuddies_final.csv, data/chr1:86382272:G:A_CTL_ldbuddies_final.csv, data/chr17:67340357:C:T_CTL_ldbuddies_final.csv, data/chr14:67650289:C:A_CTL_ldbuddies_final.csv, data/chr8:123437226:C:T_CTL_ldbuddies_final.csv, data/chr17:40092101:C:T_CTL_ldbuddies_final.csv, data/chr3:101826262:G:C_CTL_ldbuddies_final.csv, data/chr10:100962892:C:T_CTL_ldbuddies_final.csv, data/chr21:44769371:G:C_CTL_ldbuddies_final.csv, data/chr17:30783634:G:A_CTL_ldbuddies_final.csv, data/chr17:79936498:A:G_CTL_ldbuddies_final.csv, data/chr19:58417855:G:A_CTL_ldbuddies_final.csv, data/chr9:37500898:T:C_CTL_ldbuddies_final.csv, data/chr2:85606203:C:T_CTL_ldbuddies_final.csv, data/chr16:57994956:G:A_CTL_ldbuddies_final.csv, data/chr15:89900547:G:C_CTL_ldbuddies_final.csv, data/chr7:38765615:C:T_CTL_ldbuddies_final.csv, data/chr18:59359129:A:G_CTL_ldbuddies_final.csv, data/chr3:47916506:C:G_CTL_ldbuddies_final.csv, data/chr17:64041782:C:T_CTL_ldbuddies_final.csv, data/chr12:133156038:C:T_CTL_ldbuddies_final.csv, data/chr1:58655671:T:A_CTL_ldbuddies_final.csv, data/chr1:59321678:T:G_CTL_ldbuddies_final.csv, data/chr2:205777385:A:C_CTL_ldbuddies_final.csv, data/chr19:45409478:C:A_CTL_ldbuddies_final.csv, data/chr6:49447735:C:T_CTL_ldbuddies_final.csv, data/chr17:31317834:G:A_CTL_ldbuddies_final.csv, data/chr9:134701253:G:A_CTL_ldbuddies_final.csv, data/chr3:136001831:T:C_CTL_ldbuddies_final.csv, data/chr6:131894217:G:A_CTL_ldbuddies_final.csv, data/chr15:65443863:T:C_CTL_ldbuddies_final.csv, data/chr1:230280573:A:C_CTL_ldbuddies_final.csv, data/chr1:160332508:T:C_CTL_ldbuddies_final.csv
    output: data/CTL_LDbuddies.csv
    log: logs/join_conditionLDbuddies_CTL.out, logs/join_conditionLDbuddies_CTL.err
    jobid: 715
    wildcards: condition=CTL

Submitted job 715 with external jobid '1606488'.

[Wed Mar  1 15:27:30 2023]
rule getLD_buddies:
    input: /work/users/n/e/nekramer/Data/CQTL/AI/freeze/AIsigFNF05variantIDs.txt
    output: /work/users/n/e/nekramer/Data/CQTL/AI/freeze/LD_buddies/chr20:62945295:T:G_FNF_0.8.ld
    log: logs/getLD_buddies_FNF_chr20:62945295:T:G.out, logs/getLD_buddies_FNF_chr20:62945295:T:G.err
    jobid: 770
    wildcards: snp=chr20:62945295:T:G, condition=FNF

Submitted job 770 with external jobid '1606489'.

[Wed Mar  1 15:27:31 2023]
rule getLDbuddy_rsIDs:
    input: /work/users/n/e/nekramer/Data/CQTL/AI/freeze/LD_buddies/chr12:130821733:T:C_FNF_0.8.ld
    output: data/chr12:130821733:T:C_FNF_ld_rsids.csv
    log: logs/getLDbuddy_rsIDs_FNF_chr12:130821733:T:C.out, logs/getLDbuddy_rsIDs_FNF_chr12:130821733:T:C.err
    jobid: 421
    wildcards: snp=chr12:130821733:T:C, condition=FNF

Submitted job 421 with external jobid '1606490'.

[Wed Mar  1 15:27:31 2023]
rule getLD_buddies:
    input: /work/users/n/e/nekramer/Data/CQTL/AI/freeze/AIsigFNF05variantIDs.txt
    output: /work/users/n/e/nekramer/Data/CQTL/AI/freeze/LD_buddies/chr3:47850893:G:A_FNF_0.8.ld
    log: logs/getLD_buddies_FNF_chr3:47850893:G:A.out, logs/getLD_buddies_FNF_chr3:47850893:G:A.err
    jobid: 764
    wildcards: snp=chr3:47850893:G:A, condition=FNF

Submitted job 764 with external jobid '1606491'.

[Wed Mar  1 15:27:31 2023]
rule getLDbuddy_rsIDs:
    input: /work/users/n/e/nekramer/Data/CQTL/AI/freeze/LD_buddies/chr12:132841483:C:T_FNF_0.8.ld
    output: data/chr12:132841483:C:T_FNF_ld_rsids.csv
    log: logs/getLDbuddy_rsIDs_FNF_chr12:132841483:C:T.out, logs/getLDbuddy_rsIDs_FNF_chr12:132841483:C:T.err
    jobid: 448
    wildcards: snp=chr12:132841483:C:T, condition=FNF

Submitted job 448 with external jobid '1606492'.

[Wed Mar  1 15:27:31 2023]
rule getLD_buddies:
    input: /work/users/n/e/nekramer/Data/CQTL/AI/freeze/AIsigFNF05variantIDs.txt
    output: /work/users/n/e/nekramer/Data/CQTL/AI/freeze/LD_buddies/chr17:30522671:G:A_FNF_0.8.ld
    log: logs/getLD_buddies_FNF_chr17:30522671:G:A.out, logs/getLD_buddies_FNF_chr17:30522671:G:A.err
    jobid: 772
    wildcards: snp=chr17:30522671:G:A, condition=FNF

Submitted job 772 with external jobid '1606493'.

[Wed Mar  1 15:27:32 2023]
rule getLD_buddies:
    input: /work/users/n/e/nekramer/Data/CQTL/AI/freeze/AIsigFNF05variantIDs.txt
    output: /work/users/n/e/nekramer/Data/CQTL/AI/freeze/LD_buddies/chr15:89900547:G:C_FNF_0.8.ld
    log: logs/getLD_buddies_FNF_chr15:89900547:G:C.out, logs/getLD_buddies_FNF_chr15:89900547:G:C.err
    jobid: 836
    wildcards: snp=chr15:89900547:G:C, condition=FNF

Submitted job 836 with external jobid '1606494'.

[Wed Mar  1 15:27:32 2023]
rule getLD_buddies:
    input: /work/users/n/e/nekramer/Data/CQTL/AI/freeze/AIsigFNF05variantIDs.txt
    output: /work/users/n/e/nekramer/Data/CQTL/AI/freeze/LD_buddies/chr2:113471049:G:A_FNF_0.8.ld
    log: logs/getLD_buddies_FNF_chr2:113471049:G:A.out, logs/getLD_buddies_FNF_chr2:113471049:G:A.err
    jobid: 766
    wildcards: snp=chr2:113471049:G:A, condition=FNF

Submitted job 766 with external jobid '1606495'.

[Wed Mar  1 15:27:32 2023]
rule getLDbuddy_rsIDs:
    input: /work/users/n/e/nekramer/Data/CQTL/AI/freeze/LD_buddies/chr3:136001831:T:C_FNF_0.8.ld
    output: data/chr3:136001831:T:C_FNF_ld_rsids.csv
    log: logs/getLDbuddy_rsIDs_FNF_chr3:136001831:T:C.out, logs/getLDbuddy_rsIDs_FNF_chr3:136001831:T:C.err
    jobid: 466
    wildcards: snp=chr3:136001831:T:C, condition=FNF

Submitted job 466 with external jobid '1606496'.

[Wed Mar  1 15:27:32 2023]
rule getLDbuddy_rsIDs:
    input: /work/users/n/e/nekramer/Data/CQTL/AI/freeze/LD_buddies/chr7:24698499:G:A_FNF_0.8.ld
    output: data/chr7:24698499:G:A_FNF_ld_rsids.csv
    log: logs/getLDbuddy_rsIDs_FNF_chr7:24698499:G:A.out, logs/getLDbuddy_rsIDs_FNF_chr7:24698499:G:A.err
    jobid: 360
    wildcards: snp=chr7:24698499:G:A, condition=FNF

Submitted job 360 with external jobid '1606497'.

[Wed Mar  1 15:27:32 2023]
rule getLD_buddies:
    input: /work/users/n/e/nekramer/Data/CQTL/AI/freeze/AIsigFNF05variantIDs.txt
    output: /work/users/n/e/nekramer/Data/CQTL/AI/freeze/LD_buddies/chr14:67650289:C:A_FNF_0.8.ld
    log: logs/getLD_buddies_FNF_chr14:67650289:C:A.out, logs/getLD_buddies_FNF_chr14:67650289:C:A.err
    jobid: 824
    wildcards: snp=chr14:67650289:C:A, condition=FNF

Submitted job 824 with external jobid '1606498'.

[Wed Mar  1 15:27:33 2023]
rule getLDbuddy_rsIDs:
    input: /work/users/n/e/nekramer/Data/CQTL/AI/freeze/LD_buddies/chr11:6681188:T:G_FNF_0.8.ld
    output: data/chr11:6681188:T:G_FNF_ld_rsids.csv
    log: logs/getLDbuddy_rsIDs_FNF_chr11:6681188:T:G.out, logs/getLDbuddy_rsIDs_FNF_chr11:6681188:T:G.err
    jobid: 380
    wildcards: snp=chr11:6681188:T:G, condition=FNF

Submitted job 380 with external jobid '1606499'.

[Wed Mar  1 15:27:33 2023]
rule getLDbuddy_rsIDs:
    input: /work/users/n/e/nekramer/Data/CQTL/AI/freeze/LD_buddies/chr17:5533965:G:A_FNF_0.8.ld
    output: data/chr17:5533965:G:A_FNF_ld_rsids.csv
    log: logs/getLDbuddy_rsIDs_FNF_chr17:5533965:G:A.out, logs/getLDbuddy_rsIDs_FNF_chr17:5533965:G:A.err
    jobid: 397
    wildcards: snp=chr17:5533965:G:A, condition=FNF

Submitted job 397 with external jobid '1606501'.

[Wed Mar  1 15:27:33 2023]
rule getLD_buddies:
    input: /work/users/n/e/nekramer/Data/CQTL/AI/freeze/AIsigFNF05variantIDs.txt
    output: /work/users/n/e/nekramer/Data/CQTL/AI/freeze/LD_buddies/chr8:26411516:C:T_FNF_0.8.ld
    log: logs/getLD_buddies_FNF_chr8:26411516:C:T.out, logs/getLD_buddies_FNF_chr8:26411516:C:T.err
    jobid: 796
    wildcards: snp=chr8:26411516:C:T, condition=FNF

Submitted job 796 with external jobid '1606502'.

[Wed Mar  1 15:27:33 2023]
rule getLDbuddy_rsIDs:
    input: /work/users/n/e/nekramer/Data/CQTL/AI/freeze/LD_buddies/chr9:37500898:T:C_FNF_0.8.ld
    output: data/chr9:37500898:T:C_FNF_ld_rsids.csv
    log: logs/getLDbuddy_rsIDs_FNF_chr9:37500898:T:C.out, logs/getLDbuddy_rsIDs_FNF_chr9:37500898:T:C.err
    jobid: 392
    wildcards: snp=chr9:37500898:T:C, condition=FNF

Submitted job 392 with external jobid '1606503'.

[Wed Mar  1 15:27:34 2023]
rule getLDbuddy_rsIDs:
    input: /work/users/n/e/nekramer/Data/CQTL/AI/freeze/LD_buddies/chr19:40779010:C:T_FNF_0.8.ld
    output: data/chr19:40779010:C:T_FNF_ld_rsids.csv
    log: logs/getLDbuddy_rsIDs_FNF_chr19:40779010:C:T.out, logs/getLDbuddy_rsIDs_FNF_chr19:40779010:C:T.err
    jobid: 376
    wildcards: snp=chr19:40779010:C:T, condition=FNF

Submitted job 376 with external jobid '1606504'.

[Wed Mar  1 15:27:34 2023]
rule getLDbuddy_rsIDs:
    input: /work/users/n/e/nekramer/Data/CQTL/AI/freeze/LD_buddies/chr16:23570957:A:G_FNF_0.8.ld
    output: data/chr16:23570957:A:G_FNF_ld_rsids.csv
    log: logs/getLDbuddy_rsIDs_FNF_chr16:23570957:A:G.out, logs/getLDbuddy_rsIDs_FNF_chr16:23570957:A:G.err
    jobid: 424
    wildcards: snp=chr16:23570957:A:G, condition=FNF

Submitted job 424 with external jobid '1606505'.

[Wed Mar  1 15:27:35 2023]
rule getLDbuddy_rsIDs:
    input: /work/users/n/e/nekramer/Data/CQTL/AI/freeze/LD_buddies/chr15:65443863:T:C_FNF_0.8.ld
    output: data/chr15:65443863:T:C_FNF_ld_rsids.csv
    log: logs/getLDbuddy_rsIDs_FNF_chr15:65443863:T:C.out, logs/getLDbuddy_rsIDs_FNF_chr15:65443863:T:C.err
    jobid: 468
    wildcards: snp=chr15:65443863:T:C, condition=FNF

Submitted job 468 with external jobid '1606506'.

[Wed Mar  1 15:27:35 2023]
rule getLD_buddies:
    input: /work/users/n/e/nekramer/Data/CQTL/AI/freeze/AIsigFNF05variantIDs.txt
    output: /work/users/n/e/nekramer/Data/CQTL/AI/freeze/LD_buddies/chr22:38735830:T:C_FNF_0.8.ld
    log: logs/getLD_buddies_FNF_chr22:38735830:T:C.out, logs/getLD_buddies_FNF_chr22:38735830:T:C.err
    jobid: 814
    wildcards: snp=chr22:38735830:T:C, condition=FNF

Submitted job 814 with external jobid '1606507'.

[Wed Mar  1 15:27:35 2023]
rule getLDbuddy_rsIDs:
    input: /work/users/n/e/nekramer/Data/CQTL/AI/freeze/LD_buddies/chr1:163147088:T:G_FNF_0.8.ld
    output: data/chr1:163147088:T:G_FNF_ld_rsids.csv
    log: logs/getLDbuddy_rsIDs_FNF_chr1:163147088:T:G.out, logs/getLDbuddy_rsIDs_FNF_chr1:163147088:T:G.err
    jobid: 387
    wildcards: snp=chr1:163147088:T:G, condition=FNF

Submitted job 387 with external jobid '1606508'.

[Wed Mar  1 15:27:35 2023]
rule getLDbuddy_rsIDs:
    input: /work/users/n/e/nekramer/Data/CQTL/AI/freeze/LD_buddies/chr2:238447385:C:T_FNF_0.8.ld
    output: data/chr2:238447385:C:T_FNF_ld_rsids.csv
    log: logs/getLDbuddy_rsIDs_FNF_chr2:238447385:C:T.out, logs/getLDbuddy_rsIDs_FNF_chr2:238447385:C:T.err
    jobid: 366
    wildcards: snp=chr2:238447385:C:T, condition=FNF

Submitted job 366 with external jobid '1606509'.

[Wed Mar  1 15:27:36 2023]
rule getLDbuddy_rsIDs:
    input: /work/users/n/e/nekramer/Data/CQTL/AI/freeze/LD_buddies/chr1:58655671:T:A_FNF_0.8.ld
    output: data/chr1:58655671:T:A_FNF_ld_rsids.csv
    log: logs/getLDbuddy_rsIDs_FNF_chr1:58655671:T:A.out, logs/getLDbuddy_rsIDs_FNF_chr1:58655671:T:A.err
    jobid: 447
    wildcards: snp=chr1:58655671:T:A, condition=FNF

Submitted job 447 with external jobid '1606510'.

[Wed Mar  1 15:27:37 2023]
rule getLD_buddies:
    input: /work/users/n/e/nekramer/Data/CQTL/AI/freeze/AIsigFNF05variantIDs.txt
    output: /work/users/n/e/nekramer/Data/CQTL/AI/freeze/LD_buddies/chr6:138418442:T:G_FNF_0.8.ld
    log: logs/getLD_buddies_FNF_chr6:138418442:T:G.out, logs/getLD_buddies_FNF_chr6:138418442:T:G.err
    jobid: 762
    wildcards: snp=chr6:138418442:T:G, condition=FNF

Submitted job 762 with external jobid '1606511'.

[Wed Mar  1 15:27:38 2023]
rule getLD_buddies:
    input: /work/users/n/e/nekramer/Data/CQTL/AI/freeze/AIsigFNF05variantIDs.txt
    output: /work/users/n/e/nekramer/Data/CQTL/AI/freeze/LD_buddies/chr3:101826262:G:C_FNF_0.8.ld
    log: logs/getLD_buddies_FNF_chr3:101826262:G:C.out, logs/getLD_buddies_FNF_chr3:101826262:G:C.err
    jobid: 830
    wildcards: snp=chr3:101826262:G:C, condition=FNF

Submitted job 830 with external jobid '1606512'.

[Wed Mar  1 15:27:38 2023]
rule getLDbuddy_rsIDs:
    input: /work/users/n/e/nekramer/Data/CQTL/AI/freeze/LD_buddies/chr6:25108163:T:C_FNF_0.8.ld
    output: data/chr6:25108163:T:C_FNF_ld_rsids.csv
    log: logs/getLDbuddy_rsIDs_FNF_chr6:25108163:T:C.out, logs/getLDbuddy_rsIDs_FNF_chr6:25108163:T:C.err
    jobid: 398
    wildcards: snp=chr6:25108163:T:C, condition=FNF

Submitted job 398 with external jobid '1606513'.

[Wed Mar  1 15:27:39 2023]
rule getLD_buddies:
    input: /work/users/n/e/nekramer/Data/CQTL/AI/freeze/AIsigFNF05variantIDs.txt
    output: /work/users/n/e/nekramer/Data/CQTL/AI/freeze/LD_buddies/chr20:62852790:A:G_FNF_0.8.ld
    log: logs/getLD_buddies_FNF_chr20:62852790:A:G.out, logs/getLD_buddies_FNF_chr20:62852790:A:G.err
    jobid: 802
    wildcards: snp=chr20:62852790:A:G, condition=FNF

Submitted job 802 with external jobid '1606514'.

[Wed Mar  1 15:27:40 2023]
rule getLD_buddies:
    input: /work/users/n/e/nekramer/Data/CQTL/AI/freeze/AIsigFNF05variantIDs.txt
    output: /work/users/n/e/nekramer/Data/CQTL/AI/freeze/LD_buddies/chr4:94664990:C:T_FNF_0.8.ld
    log: logs/getLD_buddies_FNF_chr4:94664990:C:T.out, logs/getLD_buddies_FNF_chr4:94664990:C:T.err
    jobid: 822
    wildcards: snp=chr4:94664990:C:T, condition=FNF

Submitted job 822 with external jobid '1606515'.

[Wed Mar  1 15:27:40 2023]
rule getLDbuddy_rsIDs:
    input: /work/users/n/e/nekramer/Data/CQTL/AI/freeze/LD_buddies/chr19:57620255:G:A_FNF_0.8.ld
    output: data/chr19:57620255:G:A_FNF_ld_rsids.csv
    log: logs/getLDbuddy_rsIDs_FNF_chr19:57620255:G:A.out, logs/getLDbuddy_rsIDs_FNF_chr19:57620255:G:A.err
    jobid: 402
    wildcards: snp=chr19:57620255:G:A, condition=FNF

Submitted job 402 with external jobid '1606516'.

[Wed Mar  1 15:27:40 2023]
rule getLD_buddies:
    input: /work/users/n/e/nekramer/Data/CQTL/AI/freeze/AIsigFNF05variantIDs.txt
    output: /work/users/n/e/nekramer/Data/CQTL/AI/freeze/LD_buddies/chr5:141125259:A:C_FNF_0.8.ld
    log: logs/getLD_buddies_FNF_chr5:141125259:A:C.out, logs/getLD_buddies_FNF_chr5:141125259:A:C.err
    jobid: 774
    wildcards: snp=chr5:141125259:A:C, condition=FNF

Submitted job 774 with external jobid '1606517'.

[Wed Mar  1 15:27:40 2023]
rule getLDbuddy_rsIDs:
    input: /work/users/n/e/nekramer/Data/CQTL/AI/freeze/LD_buddies/chr2:24100236:A:G_FNF_0.8.ld
    output: data/chr2:24100236:A:G_FNF_ld_rsids.csv
    log: logs/getLDbuddy_rsIDs_FNF_chr2:24100236:A:G.out, logs/getLDbuddy_rsIDs_FNF_chr2:24100236:A:G.err
    jobid: 408
    wildcards: snp=chr2:24100236:A:G, condition=FNF

Submitted job 408 with external jobid '1606518'.

[Wed Mar  1 15:27:41 2023]
rule getLDbuddy_rsIDs:
    input: /work/users/n/e/nekramer/Data/CQTL/AI/freeze/LD_buddies/chr12:96267572:C:T_FNF_0.8.ld
    output: data/chr12:96267572:C:T_FNF_ld_rsids.csv
    log: logs/getLDbuddy_rsIDs_FNF_chr12:96267572:C:T.out, logs/getLDbuddy_rsIDs_FNF_chr12:96267572:C:T.err
    jobid: 382
    wildcards: snp=chr12:96267572:C:T, condition=FNF

Submitted job 382 with external jobid '1606519'.

[Wed Mar  1 15:27:41 2023]
rule getLDbuddy_rsIDs:
    input: /work/users/n/e/nekramer/Data/CQTL/AI/freeze/LD_buddies/chr21:28874919:A:G_FNF_0.8.ld
    output: data/chr21:28874919:A:G_FNF_ld_rsids.csv
    log: logs/getLDbuddy_rsIDs_FNF_chr21:28874919:A:G.out, logs/getLDbuddy_rsIDs_FNF_chr21:28874919:A:G.err
    jobid: 406
    wildcards: snp=chr21:28874919:A:G, condition=FNF

Submitted job 406 with external jobid '1606520'.

[Wed Mar  1 15:27:41 2023]
rule getLDbuddy_rsIDs:
    input: /work/users/n/e/nekramer/Data/CQTL/AI/freeze/LD_buddies/chr19:52384184:A:C_FNF_0.8.ld
    output: data/chr19:52384184:A:C_FNF_ld_rsids.csv
    log: logs/getLDbuddy_rsIDs_FNF_chr19:52384184:A:C.out, logs/getLDbuddy_rsIDs_FNF_chr19:52384184:A:C.err
    jobid: 357
    wildcards: snp=chr19:52384184:A:C, condition=FNF

Submitted job 357 with external jobid '1606521'.

[Wed Mar  1 15:27:42 2023]
rule getLDbuddy_rsIDs:
    input: /work/users/n/e/nekramer/Data/CQTL/AI/freeze/LD_buddies/chr1:46361813:C:T_FNF_0.8.ld
    output: data/chr1:46361813:C:T_FNF_ld_rsids.csv
    log: logs/getLDbuddy_rsIDs_FNF_chr1:46361813:C:T.out, logs/getLDbuddy_rsIDs_FNF_chr1:46361813:C:T.err
    jobid: 368
    wildcards: snp=chr1:46361813:C:T, condition=FNF

Submitted job 368 with external jobid '1606522'.

[Wed Mar  1 15:27:44 2023]
rule getLDbuddy_rsIDs:
    input: /work/users/n/e/nekramer/Data/CQTL/AI/freeze/LD_buddies/chr8:22613634:G:T_FNF_0.8.ld
    output: data/chr8:22613634:G:T_FNF_ld_rsids.csv
    log: logs/getLDbuddy_rsIDs_FNF_chr8:22613634:G:T.out, logs/getLDbuddy_rsIDs_FNF_chr8:22613634:G:T.err
    jobid: 429
    wildcards: snp=chr8:22613634:G:T, condition=FNF

Submitted job 429 with external jobid '1606523'.

[Wed Mar  1 15:27:45 2023]
rule getLDbuddy_rsIDs:
    input: /work/users/n/e/nekramer/Data/CQTL/AI/freeze/LD_buddies/chr5:31515550:G:A_FNF_0.8.ld
    output: data/chr5:31515550:G:A_FNF_ld_rsids.csv
    log: logs/getLDbuddy_rsIDs_FNF_chr5:31515550:G:A.out, logs/getLDbuddy_rsIDs_FNF_chr5:31515550:G:A.err
    jobid: 423
    wildcards: snp=chr5:31515550:G:A, condition=FNF

Submitted job 423 with external jobid '1606524'.

[Wed Mar  1 15:27:45 2023]
rule getLDbuddy_rsIDs:
    input: /work/users/n/e/nekramer/Data/CQTL/AI/freeze/LD_buddies/chr19:52384174:A:C_FNF_0.8.ld
    output: data/chr19:52384174:A:C_FNF_ld_rsids.csv
    log: logs/getLDbuddy_rsIDs_FNF_chr19:52384174:A:C.out, logs/getLDbuddy_rsIDs_FNF_chr19:52384174:A:C.err
    jobid: 356
    wildcards: snp=chr19:52384174:A:C, condition=FNF

Submitted job 356 with external jobid '1606525'.

[Wed Mar  1 15:27:45 2023]
rule getLDbuddy_rsIDs:
    input: /work/users/n/e/nekramer/Data/CQTL/AI/freeze/LD_buddies/chr17:5536901:T:C_FNF_0.8.ld
    output: data/chr17:5536901:T:C_FNF_ld_rsids.csv
    log: logs/getLDbuddy_rsIDs_FNF_chr17:5536901:T:C.out, logs/getLDbuddy_rsIDs_FNF_chr17:5536901:T:C.err
    jobid: 433
    wildcards: snp=chr17:5536901:T:C, condition=FNF

Submitted job 433 with external jobid '1606526'.

[Wed Mar  1 15:27:45 2023]
rule getLDbuddy_rsIDs:
    input: /work/users/n/e/nekramer/Data/CQTL/AI/freeze/LD_buddies/chr17:31317834:G:A_FNF_0.8.ld
    output: data/chr17:31317834:G:A_FNF_ld_rsids.csv
    log: logs/getLDbuddy_rsIDs_FNF_chr17:31317834:G:A.out, logs/getLDbuddy_rsIDs_FNF_chr17:31317834:G:A.err
    jobid: 460
    wildcards: snp=chr17:31317834:G:A, condition=FNF

Submitted job 460 with external jobid '1606527'.

[Wed Mar  1 15:27:46 2023]
rule getLDbuddy_rsIDs:
    input: /work/users/n/e/nekramer/Data/CQTL/AI/freeze/LD_buddies/chr2:24099899:C:T_FNF_0.8.ld
    output: data/chr2:24099899:C:T_FNF_ld_rsids.csv
    log: logs/getLDbuddy_rsIDs_FNF_chr2:24099899:C:T.out, logs/getLDbuddy_rsIDs_FNF_chr2:24099899:C:T.err
    jobid: 413
    wildcards: snp=chr2:24099899:C:T, condition=FNF

Submitted job 413 with external jobid '1606528'.

[Wed Mar  1 15:27:46 2023]
rule getLDbuddy_rsIDs:
    input: /work/users/n/e/nekramer/Data/CQTL/AI/freeze/LD_buddies/chr18:13095592:G:A_FNF_0.8.ld
    output: data/chr18:13095592:G:A_FNF_ld_rsids.csv
    log: logs/getLDbuddy_rsIDs_FNF_chr18:13095592:G:A.out, logs/getLDbuddy_rsIDs_FNF_chr18:13095592:G:A.err
    jobid: 411
    wildcards: snp=chr18:13095592:G:A, condition=FNF

Submitted job 411 with external jobid '1606529'.

[Wed Mar  1 15:27:47 2023]
rule getLDbuddy_rsIDs:
    input: /work/users/n/e/nekramer/Data/CQTL/AI/freeze/LD_buddies/chr10:100962892:C:T_FNF_0.8.ld
    output: data/chr10:100962892:C:T_FNF_ld_rsids.csv
    log: logs/getLDbuddy_rsIDs_FNF_chr10:100962892:C:T.out, logs/getLDbuddy_rsIDs_FNF_chr10:100962892:C:T.err
    jobid: 439
    wildcards: snp=chr10:100962892:C:T, condition=FNF

Submitted job 439 with external jobid '1606530'.

[Wed Mar  1 15:27:48 2023]
rule getLDbuddy_rsIDs:
    input: /work/users/n/e/nekramer/Data/CQTL/AI/freeze/LD_buddies/chr5:78487278:G:A_FNF_0.8.ld
    output: data/chr5:78487278:G:A_FNF_ld_rsids.csv
    log: logs/getLDbuddy_rsIDs_FNF_chr5:78487278:G:A.out, logs/getLDbuddy_rsIDs_FNF_chr5:78487278:G:A.err
    jobid: 472
    wildcards: snp=chr5:78487278:G:A, condition=FNF

Submitted job 472 with external jobid '1606531'.

[Wed Mar  1 15:27:50 2023]
rule getLDbuddy_rsIDs:
    input: /work/users/n/e/nekramer/Data/CQTL/AI/freeze/LD_buddies/chr8:23574292:C:G_FNF_0.8.ld
    output: data/chr8:23574292:C:G_FNF_ld_rsids.csv
    log: logs/getLDbuddy_rsIDs_FNF_chr8:23574292:C:G.out, logs/getLDbuddy_rsIDs_FNF_chr8:23574292:C:G.err
    jobid: 436
    wildcards: snp=chr8:23574292:C:G, condition=FNF

Submitted job 436 with external jobid '1606532'.

[Wed Mar  1 15:27:50 2023]
rule getLDbuddy_rsIDs:
    input: /work/users/n/e/nekramer/Data/CQTL/AI/freeze/LD_buddies/chr15:82151483:C:T_FNF_0.8.ld
    output: data/chr15:82151483:C:T_FNF_ld_rsids.csv
    log: logs/getLDbuddy_rsIDs_FNF_chr15:82151483:C:T.out, logs/getLDbuddy_rsIDs_FNF_chr15:82151483:C:T.err
    jobid: 428
    wildcards: snp=chr15:82151483:C:T, condition=FNF

Submitted job 428 with external jobid '1606533'.

[Wed Mar  1 15:27:50 2023]
rule getLDbuddy_rsIDs:
    input: /work/users/n/e/nekramer/Data/CQTL/AI/freeze/LD_buddies/chr1:186306628:G:A_FNF_0.8.ld
    output: data/chr1:186306628:G:A_FNF_ld_rsids.csv
    log: logs/getLDbuddy_rsIDs_FNF_chr1:186306628:G:A.out, logs/getLDbuddy_rsIDs_FNF_chr1:186306628:G:A.err
    jobid: 399
    wildcards: snp=chr1:186306628:G:A, condition=FNF

Submitted job 399 with external jobid '1606534'.

[Wed Mar  1 15:27:50 2023]
rule getLDbuddy_rsIDs:
    input: /work/users/n/e/nekramer/Data/CQTL/AI/freeze/LD_buddies/chr17:81701782:C:T_FNF_0.8.ld
    output: data/chr17:81701782:C:T_FNF_ld_rsids.csv
    log: logs/getLDbuddy_rsIDs_FNF_chr17:81701782:C:T.out, logs/getLDbuddy_rsIDs_FNF_chr17:81701782:C:T.err
    jobid: 371
    wildcards: snp=chr17:81701782:C:T, condition=FNF

Submitted job 371 with external jobid '1606535'.

[Wed Mar  1 15:27:51 2023]
rule getLDbuddy_rsIDs:
    input: /work/users/n/e/nekramer/Data/CQTL/AI/freeze/LD_buddies/chr11:6681654:C:G_FNF_0.8.ld
    output: data/chr11:6681654:C:G_FNF_ld_rsids.csv
    log: logs/getLDbuddy_rsIDs_FNF_chr11:6681654:C:G.out, logs/getLDbuddy_rsIDs_FNF_chr11:6681654:C:G.err
    jobid: 378
    wildcards: snp=chr11:6681654:C:G, condition=FNF

Submitted job 378 with external jobid '1606536'.

[Wed Mar  1 15:27:51 2023]
rule getLDbuddy_rsIDs:
    input: /work/users/n/e/nekramer/Data/CQTL/AI/freeze/LD_buddies/chr14:51256420:T:C_FNF_0.8.ld
    output: data/chr14:51256420:T:C_FNF_ld_rsids.csv
    log: logs/getLDbuddy_rsIDs_FNF_chr14:51256420:T:C.out, logs/getLDbuddy_rsIDs_FNF_chr14:51256420:T:C.err
    jobid: 390
    wildcards: snp=chr14:51256420:T:C, condition=FNF

Submitted job 390 with external jobid '1606537'.

[Wed Mar  1 15:27:51 2023]
rule getLDbuddy_rsIDs:
    input: /work/users/n/e/nekramer/Data/CQTL/AI/freeze/LD_buddies/chr1:10307512:G:A_FNF_0.8.ld
    output: data/chr1:10307512:G:A_FNF_ld_rsids.csv
    log: logs/getLDbuddy_rsIDs_FNF_chr1:10307512:G:A.out, logs/getLDbuddy_rsIDs_FNF_chr1:10307512:G:A.err
    jobid: 365
    wildcards: snp=chr1:10307512:G:A, condition=FNF

Submitted job 365 with external jobid '1606538'.

[Wed Mar  1 15:27:51 2023]
rule getLDbuddy_rsIDs:
    input: /work/users/n/e/nekramer/Data/CQTL/AI/freeze/LD_buddies/chr1:119032547:C:A_FNF_0.8.ld
    output: data/chr1:119032547:C:A_FNF_ld_rsids.csv
    log: logs/getLDbuddy_rsIDs_FNF_chr1:119032547:C:A.out, logs/getLDbuddy_rsIDs_FNF_chr1:119032547:C:A.err
    jobid: 381
    wildcards: snp=chr1:119032547:C:A, condition=FNF

Submitted job 381 with external jobid '1606539'.

[Wed Mar  1 15:27:52 2023]
rule getLDbuddy_rsIDs:
    input: /work/users/n/e/nekramer/Data/CQTL/AI/freeze/LD_buddies/chr17:67340357:C:T_FNF_0.8.ld
    output: data/chr17:67340357:C:T_FNF_ld_rsids.csv
    log: logs/getLDbuddy_rsIDs_FNF_chr17:67340357:C:T.out, logs/getLDbuddy_rsIDs_FNF_chr17:67340357:C:T.err
    jobid: 446
    wildcards: snp=chr17:67340357:C:T, condition=FNF

Submitted job 446 with external jobid '1606540'.

[Wed Mar  1 15:27:52 2023]
rule getLDbuddy_rsIDs:
    input: /work/users/n/e/nekramer/Data/CQTL/AI/freeze/LD_buddies/chr10:89339900:A:G_FNF_0.8.ld
    output: data/chr10:89339900:A:G_FNF_ld_rsids.csv
    log: logs/getLDbuddy_rsIDs_FNF_chr10:89339900:A:G.out, logs/getLDbuddy_rsIDs_FNF_chr10:89339900:A:G.err
    jobid: 475
    wildcards: snp=chr10:89339900:A:G, condition=FNF

Submitted job 475 with external jobid '1606541'.

[Wed Mar  1 15:27:53 2023]
rule getLDbuddy_rsIDs:
    input: /work/users/n/e/nekramer/Data/CQTL/AI/freeze/LD_buddies/chr7:4997014:T:C_FNF_0.8.ld
    output: data/chr7:4997014:T:C_FNF_ld_rsids.csv
    log: logs/getLDbuddy_rsIDs_FNF_chr7:4997014:T:C.out, logs/getLDbuddy_rsIDs_FNF_chr7:4997014:T:C.err
    jobid: 374
    wildcards: snp=chr7:4997014:T:C, condition=FNF

Submitted job 374 with external jobid '1606542'.

[Wed Mar  1 15:27:53 2023]
rule getLDbuddy_rsIDs:
    input: /work/users/n/e/nekramer/Data/CQTL/AI/freeze/LD_buddies/chr11:6681927:T:A_FNF_0.8.ld
    output: data/chr11:6681927:T:A_FNF_ld_rsids.csv
    log: logs/getLDbuddy_rsIDs_FNF_chr11:6681927:T:A.out, logs/getLDbuddy_rsIDs_FNF_chr11:6681927:T:A.err
    jobid: 441
    wildcards: snp=chr11:6681927:T:A, condition=FNF

Submitted job 441 with external jobid '1606543'.

[Wed Mar  1 15:27:53 2023]
rule getLDbuddy_rsIDs:
    input: /work/users/n/e/nekramer/Data/CQTL/AI/freeze/LD_buddies/chr19:52893812:G:A_FNF_0.8.ld
    output: data/chr19:52893812:G:A_FNF_ld_rsids.csv
    log: logs/getLDbuddy_rsIDs_FNF_chr19:52893812:G:A.out, logs/getLDbuddy_rsIDs_FNF_chr19:52893812:G:A.err
    jobid: 363
    wildcards: snp=chr19:52893812:G:A, condition=FNF

Submitted job 363 with external jobid '1606544'.

[Wed Mar  1 15:27:53 2023]
rule getLDbuddy_rsIDs:
    input: /work/users/n/e/nekramer/Data/CQTL/AI/freeze/LD_buddies/chr16:82000007:T:C_FNF_0.8.ld
    output: data/chr16:82000007:T:C_FNF_ld_rsids.csv
    log: logs/getLDbuddy_rsIDs_FNF_chr16:82000007:T:C.out, logs/getLDbuddy_rsIDs_FNF_chr16:82000007:T:C.err
    jobid: 395
    wildcards: snp=chr16:82000007:T:C, condition=FNF

Submitted job 395 with external jobid '1606545'.

[Wed Mar  1 15:27:54 2023]
rule getLDbuddy_rsIDs:
    input: /work/users/n/e/nekramer/Data/CQTL/AI/freeze/LD_buddies/chr17:79936498:A:G_FNF_0.8.ld
    output: data/chr17:79936498:A:G_FNF_ld_rsids.csv
    log: logs/getLDbuddy_rsIDs_FNF_chr17:79936498:A:G.out, logs/getLDbuddy_rsIDs_FNF_chr17:79936498:A:G.err
    jobid: 467
    wildcards: snp=chr17:79936498:A:G, condition=FNF

Submitted job 467 with external jobid '1606546'.

[Wed Mar  1 15:27:55 2023]
rule getLDbuddy_rsIDs:
    input: /work/users/n/e/nekramer/Data/CQTL/AI/freeze/LD_buddies/chr1:86382272:G:A_FNF_0.8.ld
    output: data/chr1:86382272:G:A_FNF_ld_rsids.csv
    log: logs/getLDbuddy_rsIDs_FNF_chr1:86382272:G:A.out, logs/getLDbuddy_rsIDs_FNF_chr1:86382272:G:A.err
    jobid: 445
    wildcards: snp=chr1:86382272:G:A, condition=FNF

Submitted job 445 with external jobid '1606547'.

[Wed Mar  1 15:27:55 2023]
rule getLDbuddy_rsIDs:
    input: /work/users/n/e/nekramer/Data/CQTL/AI/freeze/LD_buddies/chr11:204680:G:A_FNF_0.8.ld
    output: data/chr11:204680:G:A_FNF_ld_rsids.csv
    log: logs/getLDbuddy_rsIDs_FNF_chr11:204680:G:A.out, logs/getLDbuddy_rsIDs_FNF_chr11:204680:G:A.err
    jobid: 420
    wildcards: snp=chr11:204680:G:A, condition=FNF

Submitted job 420 with external jobid '1606549'.

[Wed Mar  1 15:27:56 2023]
rule getLDbuddy_rsIDs:
    input: /work/users/n/e/nekramer/Data/CQTL/AI/freeze/LD_buddies/chr9:71745318:C:T_FNF_0.8.ld
    output: data/chr9:71745318:C:T_FNF_ld_rsids.csv
    log: logs/getLDbuddy_rsIDs_FNF_chr9:71745318:C:T.out, logs/getLDbuddy_rsIDs_FNF_chr9:71745318:C:T.err
    jobid: 415
    wildcards: snp=chr9:71745318:C:T, condition=FNF

Submitted job 415 with external jobid '1606550'.

[Wed Mar  1 15:27:56 2023]
rule getLDbuddy_rsIDs:
    input: /work/users/n/e/nekramer/Data/CQTL/AI/freeze/LD_buddies/chr17:30783634:G:A_FNF_0.8.ld
    output: data/chr17:30783634:G:A_FNF_ld_rsids.csv
    log: logs/getLDbuddy_rsIDs_FNF_chr17:30783634:G:A.out, logs/getLDbuddy_rsIDs_FNF_chr17:30783634:G:A.err
    jobid: 454
    wildcards: snp=chr17:30783634:G:A, condition=FNF

Submitted job 454 with external jobid '1606551'.

[Wed Mar  1 15:27:56 2023]
rule getLDbuddy_rsIDs:
    input: /work/users/n/e/nekramer/Data/CQTL/AI/freeze/LD_buddies/chr11:6681928:T:A_FNF_0.8.ld
    output: data/chr11:6681928:T:A_FNF_ld_rsids.csv
    log: logs/getLDbuddy_rsIDs_FNF_chr11:6681928:T:A.out, logs/getLDbuddy_rsIDs_FNF_chr11:6681928:T:A.err
    jobid: 444
    wildcards: snp=chr11:6681928:T:A, condition=FNF

Submitted job 444 with external jobid '1606552'.

[Wed Mar  1 15:27:56 2023]
rule getLDbuddy_rsIDs:
    input: /work/users/n/e/nekramer/Data/CQTL/AI/freeze/LD_buddies/chr12:68841383:T:G_FNF_0.8.ld
    output: data/chr12:68841383:T:G_FNF_ld_rsids.csv
    log: logs/getLDbuddy_rsIDs_FNF_chr12:68841383:T:G.out, logs/getLDbuddy_rsIDs_FNF_chr12:68841383:T:G.err
    jobid: 412
    wildcards: snp=chr12:68841383:T:G, condition=FNF

[Wed Mar  1 15:27:58 2023]
Finished job 419.
1 of 382 steps (0.26%) done
[Wed Mar  1 15:27:59 2023]
Finished job 367.
2 of 382 steps (0.52%) done
[Wed Mar  1 15:27:59 2023]
Finished job 432.
3 of 382 steps (0.79%) done
Submitted job 412 with external jobid '1606553'.

[Wed Mar  1 15:28:00 2023]
rule getLDbuddy_rsIDs:
    input: /work/users/n/e/nekramer/Data/CQTL/AI/freeze/LD_buddies/chr3:179399804:T:A_FNF_0.8.ld
    output: data/chr3:179399804:T:A_FNF_ld_rsids.csv
    log: logs/getLDbuddy_rsIDs_FNF_chr3:179399804:T:A.out, logs/getLDbuddy_rsIDs_FNF_chr3:179399804:T:A.err
    jobid: 359
    wildcards: snp=chr3:179399804:T:A, condition=FNF

[Wed Mar  1 15:28:00 2023]
Finished job 404.
4 of 382 steps (1%) done
[Wed Mar  1 15:28:00 2023]
Finished job 461.
5 of 382 steps (1%) done
[Wed Mar  1 15:28:00 2023]
Finished job 403.
6 of 382 steps (2%) done
[Wed Mar  1 15:28:01 2023]
Error in rule join_conditionLDbuddies:
    jobid: 715
    output: data/CTL_LDbuddies.csv
    log: logs/join_conditionLDbuddies_CTL.out, logs/join_conditionLDbuddies_CTL.err (check log file(s) for error message)
    shell:
        
        module load r/4.1.3
        Rscript scripts/join_allLD_buddies.R CTL data/chr7:24698499:G:A_CTL_ldbuddies_final.csv data/chr6:3018500:A:C_CTL_ldbuddies_final.csv data/chr19:52384174:A:C_CTL_ldbuddies_final.csv data/chr19:52384184:A:C_CTL_ldbuddies_final.csv data/chr2:48599465:C:A_CTL_ldbuddies_final.csv data/chr21:41279568:G:A_CTL_ldbuddies_final.csv data/chr19:52893812:G:A_CTL_ldbuddies_final.csv data/chr6:138418442:T:G_CTL_ldbuddies_final.csv data/chr3:47850893:G:A_CTL_ldbuddies_final.csv data/chr20:62945340:C:T_CTL_ldbuddies_final.csv data/chr21:39342936:C:T_CTL_ldbuddies_final.csv data/chr2:238447385:C:T_CTL_ldbuddies_final.csv data/chr5:78885754:T:C_CTL_ldbuddies_final.csv data/chr11:126408308:T:C_CTL_ldbuddies_final.csv data/chr7:4997014:T:C_CTL_ldbuddies_final.csv data/chr20:38373945:G:A_CTL_ldbuddies_final.csv data/chr15:88630424:G:A_CTL_ldbuddies_final.csv data/chr1:119032547:C:A_CTL_ldbuddies_final.csv data/chr7:4996980:C:G_CTL_ldbuddies_final.csv data/chr17:5533965:G:A_CTL_ldbuddies_final.csv data/chr1:186306628:G:A_CTL_ldbuddies_final.csv data/chr4:39214620:G:A_CTL_ldbuddies_final.csv data/chr8:81658396:C:T_CTL_ldbuddies_final.csv data/chr10:70115028:C:T_CTL_ldbuddies_final.csv data/chr2:113471049:G:A_CTL_ldbuddies_final.csv data/chr11:6681188:T:G_CTL_ldbuddies_final.csv data/chr1:151844149:C:T_CTL_ldbuddies_final.csv data/chr20:62945295:T:G_CTL_ldbuddies_final.csv data/chr1:119182778:G:A_CTL_ldbuddies_final.csv data/chr7:94398387:T:C_CTL_ldbuddies_final.csv data/chr16:82000007:T:C_CTL_ldbuddies_final.csv data/chr17:81701782:C:T_CTL_ldbuddies_final.csv data/chr17:48048796:G:A_CTL_ldbuddies_final.csv data/chr22:45341429:A:G_CTL_ldbuddies_final.csv data/chr17:30522671:G:A_CTL_ldbuddies_final.csv data/chr5:141125259:A:C_CTL_ldbuddies_final.csv data/chr14:51256420:T:C_CTL_ldbuddies_final.csv data/chr18:13095592:G:A_CTL_ldbuddies_final.csv data/chr7:33006506:G:T_CTL_ldbuddies_final.csv data/chr17:73236851:C:A_CTL_ldbuddies_final.csv data/chr9:113594496:C:T_CTL_ldbuddies_final.csv data/chr4:82423755:A:G_CTL_ldbuddies_final.csv data/chr3:179399804:T:A_CTL_ldbuddies_final.csv data/chr1:21218242:C:T_CTL_ldbuddies_final.csv data/chr1:11787715:G:T_CTL_ldbuddies_final.csv data/chr18:62154610:T:C_CTL_ldbuddies_final.csv data/chr1:10307512:G:A_CTL_ldbuddies_final.csv data/chr15:82151483:C:T_CTL_ldbuddies_final.csv data/chr12:95658366:C:T_CTL_ldbuddies_final.csv data/chr13:48076356:A:G_CTL_ldbuddies_final.csv data/chr2:24100236:A:G_CTL_ldbuddies_final.csv data/chr2:24100237:G:A_CTL_ldbuddies_final.csv data/chr11:204680:G:A_CTL_ldbuddies_final.csv data/chr11:6681654:C:G_CTL_ldbuddies_final.csv data/chr14:51256361:A:C_CTL_ldbuddies_final.csv data/chr1:46361813:C:T_CTL_ldbuddies_final.csv data/chr8:103072159:A:T_CTL_ldbuddies_final.csv data/chr3:38126634:A:C_CTL_ldbuddies_final.csv data/chr18:2917370:G:A_CTL_ldbuddies_final.csv data/chr1:161961083:A:G_CTL_ldbuddies_final.csv data/chr3:9365020:G:A_CTL_ldbuddies_final.csv data/chr8:26411516:C:T_CTL_ldbuddies_final.csv data/chr12:133191967:A:T_CTL_ldbuddies_final.csv data/chr12:132841483:C:T_CTL_ldbuddies_final.csv data/chr18:59359204:C:T_CTL_ldbuddies_final.csv data/chr1:230279402:G:A_CTL_ldbuddies_final.csv data/chr1:236897797:A:G_CTL_ldbuddies_final.csv data/chr9:71745318:C:T_CTL_ldbuddies_final.csv data/chr5:31515550:G:A_CTL_ldbuddies_final.csv data/chr20:62852790:A:G_CTL_ldbuddies_final.csv data/chr9:37863152:G:C_CTL_ldbuddies_final.csv data/chr5:141388424:G:A_CTL_ldbuddies_final.csv data/chr17:4798107:C:T_CTL_ldbuddies_final.csv data/chr1:21219821:C:T_CTL_ldbuddies_final.csv data/chr19:40779010:C:T_CTL_ldbuddies_final.csv data/chr17:5515479:G:A_CTL_ldbuddies_final.csv data/chr10:70114927:G:A_CTL_ldbuddies_final.csv data/chr22:38735830:T:C_CTL_ldbuddies_final.csv data/chr19:56087463:G:C_CTL_ldbuddies_final.csv data/chr4:6302742:A:G_CTL_ldbuddies_final.csv data/chr7:66152686:G:A_CTL_ldbuddies_final.csv data/chr12:123613219:A:G_CTL_ldbuddies_final.csv data/chr3:56615254:C:T_CTL_ldbuddies_final.csv data/chr4:94664990:C:T_CTL_ldbuddies_final.csv data/chr1:86382272:G:A_CTL_ldbuddies_final.csv data/chr17:67340357:C:T_CTL_ldbuddies_final.csv data/chr14:67650289:C:A_CTL_ldbuddies_final.csv data/chr8:123437226:C:T_CTL_ldbuddies_final.csv data/chr17:40092101:C:T_CTL_ldbuddies_final.csv data/chr3:101826262:G:C_CTL_ldbuddies_final.csv data/chr10:100962892:C:T_CTL_ldbuddies_final.csv data/chr21:44769371:G:C_CTL_ldbuddies_final.csv data/chr17:30783634:G:A_CTL_ldbuddies_final.csv data/chr17:79936498:A:G_CTL_ldbuddies_final.csv data/chr19:58417855:G:A_CTL_ldbuddies_final.csv data/chr9:37500898:T:C_CTL_ldbuddies_final.csv data/chr2:85606203:C:T_CTL_ldbuddies_final.csv data/chr16:57994956:G:A_CTL_ldbuddies_final.csv data/chr15:89900547:G:C_CTL_ldbuddies_final.csv data/chr7:38765615:C:T_CTL_ldbuddies_final.csv data/chr18:59359129:A:G_CTL_ldbuddies_final.csv data/chr3:47916506:C:G_CTL_ldbuddies_final.csv data/chr17:64041782:C:T_CTL_ldbuddies_final.csv data/chr12:133156038:C:T_CTL_ldbuddies_final.csv data/chr1:58655671:T:A_CTL_ldbuddies_final.csv data/chr1:59321678:T:G_CTL_ldbuddies_final.csv data/chr2:205777385:A:C_CTL_ldbuddies_final.csv data/chr19:45409478:C:A_CTL_ldbuddies_final.csv data/chr6:49447735:C:T_CTL_ldbuddies_final.csv data/chr17:31317834:G:A_CTL_ldbuddies_final.csv data/chr9:134701253:G:A_CTL_ldbuddies_final.csv data/chr3:136001831:T:C_CTL_ldbuddies_final.csv data/chr6:131894217:G:A_CTL_ldbuddies_final.csv data/chr15:65443863:T:C_CTL_ldbuddies_final.csv data/chr1:230280573:A:C_CTL_ldbuddies_final.csv data/chr1:160332508:T:C_CTL_ldbuddies_final.csv
        
        (one of the commands exited with non-zero exit code; note that snakemake uses bash strict mode!)
    cluster_jobid: 1606488

Error executing rule join_conditionLDbuddies on cluster (jobid: 715, external: 1606488, jobscript: /work/users/n/e/nekramer/CQTL_GIT/CQTL/AllelicImbalance/AIanalysis/.snakemake/tmp.cdfhpivg/snakejob.join_conditionLDbuddies.715.sh). For error details see the cluster log and the log files of the involved rule(s).
Submitted job 359 with external jobid '1606554'.

[Wed Mar  1 15:28:01 2023]
rule getLDbuddy_rsIDs:
    input: /work/users/n/e/nekramer/Data/CQTL/AI/freeze/LD_buddies/chr10:126049361:G:A_FNF_0.8.ld
    output: data/chr10:126049361:G:A_FNF_ld_rsids.csv
    log: logs/getLDbuddy_rsIDs_FNF_chr10:126049361:G:A.out, logs/getLDbuddy_rsIDs_FNF_chr10:126049361:G:A.err
    jobid: 455
    wildcards: snp=chr10:126049361:G:A, condition=FNF

Submitted job 455 with external jobid '1606555'.

[Wed Mar  1 15:28:01 2023]
rule getLDbuddy_rsIDs:
    input: /work/users/n/e/nekramer/Data/CQTL/AI/freeze/LD_buddies/chr1:119182778:G:A_FNF_0.8.ld
    output: data/chr1:119182778:G:A_FNF_ld_rsids.csv
    log: logs/getLDbuddy_rsIDs_FNF_chr1:119182778:G:A.out, logs/getLDbuddy_rsIDs_FNF_chr1:119182778:G:A.err
    jobid: 385
    wildcards: snp=chr1:119182778:G:A, condition=FNF

Submitted job 385 with external jobid '1606556'.

[Wed Mar  1 15:28:01 2023]
rule getLDbuddy_rsIDs:
    input: /work/users/n/e/nekramer/Data/CQTL/AI/freeze/LD_buddies/chr22:45341429:A:G_FNF_0.8.ld
    output: data/chr22:45341429:A:G_FNF_ld_rsids.csv
    log: logs/getLDbuddy_rsIDs_FNF_chr22:45341429:A:G.out, logs/getLDbuddy_rsIDs_FNF_chr22:45341429:A:G.err
    jobid: 416
    wildcards: snp=chr22:45341429:A:G, condition=FNF

[Wed Mar  1 15:28:01 2023]
Finished job 421.
7 of 382 steps (2%) done
[Wed Mar  1 15:28:02 2023]
Finished job 448.
8 of 382 steps (2%) done
Submitted job 416 with external jobid '1606557'.

[Wed Mar  1 15:28:02 2023]
rule getLDbuddy_rsIDs:
    input: /work/users/n/e/nekramer/Data/CQTL/AI/freeze/LD_buddies/chr7:33006506:G:T_FNF_0.8.ld
    output: data/chr7:33006506:G:T_FNF_ld_rsids.csv
    log: logs/getLDbuddy_rsIDs_FNF_chr7:33006506:G:T.out, logs/getLDbuddy_rsIDs_FNF_chr7:33006506:G:T.err
    jobid: 442
    wildcards: snp=chr7:33006506:G:T, condition=FNF

Submitted job 442 with external jobid '1606558'.

[Wed Mar  1 15:28:03 2023]
rule getLDbuddy_rsIDs:
    input: /work/users/n/e/nekramer/Data/CQTL/AI/freeze/LD_buddies/chr1:87108231:A:T_FNF_0.8.ld
    output: data/chr1:87108231:A:T_FNF_ld_rsids.csv
    log: logs/getLDbuddy_rsIDs_FNF_chr1:87108231:A:T.out, logs/getLDbuddy_rsIDs_FNF_chr1:87108231:A:T.err
    jobid: 370
    wildcards: snp=chr1:87108231:A:T, condition=FNF

[Wed Mar  1 15:28:03 2023]
Finished job 466.
9 of 382 steps (2%) done
Submitted job 370 with external jobid '1606559'.

[Wed Mar  1 15:28:03 2023]
rule getLDbuddy_rsIDs:
    input: /work/users/n/e/nekramer/Data/CQTL/AI/freeze/LD_buddies/chr1:23961694:A:C_FNF_0.8.ld
    output: data/chr1:23961694:A:C_FNF_ld_rsids.csv
    log: logs/getLDbuddy_rsIDs_FNF_chr1:23961694:A:C.out, logs/getLDbuddy_rsIDs_FNF_chr1:23961694:A:C.err
    jobid: 438
    wildcards: snp=chr1:23961694:A:C, condition=FNF

Submitted job 438 with external jobid '1606560'.

[Wed Mar  1 15:28:03 2023]
rule getLDbuddy_rsIDs:
    input: /work/users/n/e/nekramer/Data/CQTL/AI/freeze/LD_buddies/chr18:13068110:G:A_FNF_0.8.ld
    output: data/chr18:13068110:G:A_FNF_ld_rsids.csv
    log: logs/getLDbuddy_rsIDs_FNF_chr18:13068110:G:A.out, logs/getLDbuddy_rsIDs_FNF_chr18:13068110:G:A.err
    jobid: 377
    wildcards: snp=chr18:13068110:G:A, condition=FNF

Submitted job 377 with external jobid '1606561'.
[Wed Mar  1 15:28:03 2023]
Finished job 380.
10 of 382 steps (3%) done

[Wed Mar  1 15:28:03 2023]
rule getLDbuddy_rsIDs:
    input: /work/users/n/e/nekramer/Data/CQTL/AI/freeze/LD_buddies/chr18:59359129:A:G_FNF_0.8.ld
    output: data/chr18:59359129:A:G_FNF_ld_rsids.csv
    log: logs/getLDbuddy_rsIDs_FNF_chr18:59359129:A:G.out, logs/getLDbuddy_rsIDs_FNF_chr18:59359129:A:G.err
    jobid: 407
    wildcards: snp=chr18:59359129:A:G, condition=FNF

Submitted job 407 with external jobid '1606562'.

[Wed Mar  1 15:28:04 2023]
rule getLDbuddy_rsIDs:
    input: /work/users/n/e/nekramer/Data/CQTL/AI/freeze/LD_buddies/chr11:57313672:G:C_FNF_0.8.ld
    output: data/chr11:57313672:G:C_FNF_ld_rsids.csv
    log: logs/getLDbuddy_rsIDs_FNF_chr11:57313672:G:C.out, logs/getLDbuddy_rsIDs_FNF_chr11:57313672:G:C.err
    jobid: 379
    wildcards: snp=chr11:57313672:G:C, condition=FNF

[Wed Mar  1 15:28:04 2023]
Finished job 397.
11 of 382 steps (3%) done
[Wed Mar  1 15:28:04 2023]
Finished job 392.
12 of 382 steps (3%) done
[Wed Mar  1 15:28:04 2023]
Finished job 376.
13 of 382 steps (3%) done
Submitted job 379 with external jobid '1606563'.

[Wed Mar  1 15:28:06 2023]
rule getLDbuddy_rsIDs:
    input: /work/users/n/e/nekramer/Data/CQTL/AI/freeze/LD_buddies/chr12:121778986:A:G_FNF_0.8.ld
    output: data/chr12:121778986:A:G_FNF_ld_rsids.csv
    log: logs/getLDbuddy_rsIDs_FNF_chr12:121778986:A:G.out, logs/getLDbuddy_rsIDs_FNF_chr12:121778986:A:G.err
    jobid: 384
    wildcards: snp=chr12:121778986:A:G, condition=FNF

Submitted job 384 with external jobid '1606564'.

[Wed Mar  1 15:28:06 2023]
rule getLDbuddy_rsIDs:
    input: /work/users/n/e/nekramer/Data/CQTL/AI/freeze/LD_buddies/chr20:62945340:C:T_FNF_0.8.ld
    output: data/chr20:62945340:C:T_FNF_ld_rsids.csv
    log: logs/getLDbuddy_rsIDs_FNF_chr20:62945340:C:T.out, logs/getLDbuddy_rsIDs_FNF_chr20:62945340:C:T.err
    jobid: 383
    wildcards: snp=chr20:62945340:C:T, condition=FNF

Submitted job 383 with external jobid '1606565'.

[Wed Mar  1 15:28:06 2023]
rule getLDbuddy_rsIDs:
    input: /work/users/n/e/nekramer/Data/CQTL/AI/freeze/LD_buddies/chr1:196741787:A:G_FNF_0.8.ld
    output: data/chr1:196741787:A:G_FNF_ld_rsids.csv
    log: logs/getLDbuddy_rsIDs_FNF_chr1:196741787:A:G.out, logs/getLDbuddy_rsIDs_FNF_chr1:196741787:A:G.err
    jobid: 417
    wildcards: snp=chr1:196741787:A:G, condition=FNF

Submitted job 417 with external jobid '1606566'.

[Wed Mar  1 15:28:06 2023]
rule getLDbuddy_rsIDs:
    input: /work/users/n/e/nekramer/Data/CQTL/AI/freeze/LD_buddies/chr2:24100237:G:A_FNF_0.8.ld
    output: data/chr2:24100237:G:A_FNF_ld_rsids.csv
    log: logs/getLDbuddy_rsIDs_FNF_chr2:24100237:G:A.out, logs/getLDbuddy_rsIDs_FNF_chr2:24100237:G:A.err
    jobid: 418
    wildcards: snp=chr2:24100237:G:A, condition=FNF

Submitted job 418 with external jobid '1606567'.

[Wed Mar  1 15:28:07 2023]
rule getLDbuddy_rsIDs:
    input: /work/users/n/e/nekramer/Data/CQTL/AI/freeze/LD_buddies/chr10:70115028:C:T_FNF_0.8.ld
    output: data/chr10:70115028:C:T_FNF_ld_rsids.csv
    log: logs/getLDbuddy_rsIDs_FNF_chr10:70115028:C:T.out, logs/getLDbuddy_rsIDs_FNF_chr10:70115028:C:T.err
    jobid: 388
    wildcards: snp=chr10:70115028:C:T, condition=FNF

Submitted job 388 with external jobid '1606568'.

[Wed Mar  1 15:28:07 2023]
rule getLDbuddy_rsIDs:
    input: /work/users/n/e/nekramer/Data/CQTL/AI/freeze/LD_buddies/chr1:59321678:T:G_FNF_0.8.ld
    output: data/chr1:59321678:T:G_FNF_ld_rsids.csv
    log: logs/getLDbuddy_rsIDs_FNF_chr1:59321678:T:G.out, logs/getLDbuddy_rsIDs_FNF_chr1:59321678:T:G.err
    jobid: 437
    wildcards: snp=chr1:59321678:T:G, condition=FNF

Submitted job 437 with external jobid '1606569'.

[Wed Mar  1 15:28:07 2023]
rule getLDbuddy_rsIDs:
    input: /work/users/n/e/nekramer/Data/CQTL/AI/freeze/LD_buddies/chr2:32441343:T:C_FNF_0.8.ld
    output: data/chr2:32441343:T:C_FNF_ld_rsids.csv
    log: logs/getLDbuddy_rsIDs_FNF_chr2:32441343:T:C.out, logs/getLDbuddy_rsIDs_FNF_chr2:32441343:T:C.err
    jobid: 451
    wildcards: snp=chr2:32441343:T:C, condition=FNF

Submitted job 451 with external jobid '1606570'.

[Wed Mar  1 15:28:07 2023]
rule getLDbuddy_rsIDs:
    input: /work/users/n/e/nekramer/Data/CQTL/AI/freeze/LD_buddies/chr6:26414145:G:C_FNF_0.8.ld
    output: data/chr6:26414145:G:C_FNF_ld_rsids.csv
    log: logs/getLDbuddy_rsIDs_FNF_chr6:26414145:G:C.out, logs/getLDbuddy_rsIDs_FNF_chr6:26414145:G:C.err
    jobid: 450
    wildcards: snp=chr6:26414145:G:C, condition=FNF

Submitted job 450 with external jobid '1606571'.

[Wed Mar  1 15:28:08 2023]
rule getLDbuddy_rsIDs:
    input: /work/users/n/e/nekramer/Data/CQTL/AI/freeze/LD_buddies/chr2:74529049:G:C_FNF_0.8.ld
    output: data/chr2:74529049:G:C_FNF_ld_rsids.csv
    log: logs/getLDbuddy_rsIDs_FNF_chr2:74529049:G:C.out, logs/getLDbuddy_rsIDs_FNF_chr2:74529049:G:C.err
    jobid: 426
    wildcards: snp=chr2:74529049:G:C, condition=FNF

Submitted job 426 with external jobid '1606572'.

[Wed Mar  1 15:28:08 2023]
rule getLDbuddy_rsIDs:
    input: /work/users/n/e/nekramer/Data/CQTL/AI/freeze/LD_buddies/chr12:34022573:T:C_FNF_0.8.ld
    output: data/chr12:34022573:T:C_FNF_ld_rsids.csv
    log: logs/getLDbuddy_rsIDs_FNF_chr12:34022573:T:C.out, logs/getLDbuddy_rsIDs_FNF_chr12:34022573:T:C.err
    jobid: 452
    wildcards: snp=chr12:34022573:T:C, condition=FNF

Submitted job 452 with external jobid '1606573'.

[Wed Mar  1 15:28:08 2023]
rule getLDbuddy_rsIDs:
    input: /work/users/n/e/nekramer/Data/CQTL/AI/freeze/LD_buddies/chr7:66152686:G:A_FNF_0.8.ld
    output: data/chr7:66152686:G:A_FNF_ld_rsids.csv
    log: logs/getLDbuddy_rsIDs_FNF_chr7:66152686:G:A.out, logs/getLDbuddy_rsIDs_FNF_chr7:66152686:G:A.err
    jobid: 471
    wildcards: snp=chr7:66152686:G:A, condition=FNF

Submitted job 471 with external jobid '1606574'.

[Wed Mar  1 15:28:08 2023]
rule getLDbuddy_rsIDs:
    input: /work/users/n/e/nekramer/Data/CQTL/AI/freeze/LD_buddies/chr1:20651728:C:T_FNF_0.8.ld
    output: data/chr1:20651728:C:T_FNF_ld_rsids.csv
    log: logs/getLDbuddy_rsIDs_FNF_chr1:20651728:C:T.out, logs/getLDbuddy_rsIDs_FNF_chr1:20651728:C:T.err
    jobid: 409
    wildcards: snp=chr1:20651728:C:T, condition=FNF

Submitted job 409 with external jobid '1606575'.

[Wed Mar  1 15:28:09 2023]
rule getLDbuddy_rsIDs:
    input: /work/users/n/e/nekramer/Data/CQTL/AI/freeze/LD_buddies/chr6:3018500:A:C_FNF_0.8.ld
    output: data/chr6:3018500:A:C_FNF_ld_rsids.csv
    log: logs/getLDbuddy_rsIDs_FNF_chr6:3018500:A:C.out, logs/getLDbuddy_rsIDs_FNF_chr6:3018500:A:C.err
    jobid: 355
    wildcards: snp=chr6:3018500:A:C, condition=FNF

Submitted job 355 with external jobid '1606576'.
[Wed Mar  1 15:28:22 2023]
Finished job 467.
14 of 382 steps (4%) done
[Wed Mar  1 15:28:22 2023]
Finished job 445.
15 of 382 steps (4%) done
[Wed Mar  1 15:28:22 2023]
Finished job 420.
16 of 382 steps (4%) done
[Wed Mar  1 15:28:22 2023]
Finished job 415.
17 of 382 steps (4%) done
[Wed Mar  1 15:28:23 2023]
Finished job 444.
18 of 382 steps (5%) done
[Wed Mar  1 15:28:23 2023]
Finished job 412.
19 of 382 steps (5%) done
[Wed Mar  1 15:28:23 2023]
Finished job 359.
20 of 382 steps (5%) done
[Wed Mar  1 15:28:24 2023]
Finished job 455.
21 of 382 steps (5%) done
[Wed Mar  1 15:28:24 2023]
Finished job 385.
22 of 382 steps (6%) done
[Wed Mar  1 15:28:24 2023]
Finished job 416.
23 of 382 steps (6%) done
[Wed Mar  1 15:28:24 2023]
Finished job 442.
24 of 382 steps (6%) done
[Wed Mar  1 15:28:25 2023]
Finished job 370.
25 of 382 steps (7%) done
[Wed Mar  1 15:28:25 2023]
Finished job 438.
26 of 382 steps (7%) done
[Wed Mar  1 15:28:25 2023]
Finished job 407.
27 of 382 steps (7%) done
[Wed Mar  1 15:28:29 2023]
Finished job 447.
28 of 382 steps (7%) done
[Wed Mar  1 15:28:30 2023]
Finished job 398.
29 of 382 steps (8%) done
[Wed Mar  1 15:28:30 2023]
Finished job 402.
30 of 382 steps (8%) done
[Wed Mar  1 15:28:31 2023]
Finished job 408.
31 of 382 steps (8%) done
[Wed Mar  1 15:28:31 2023]
Finished job 382.
32 of 382 steps (8%) done
[Wed Mar  1 15:28:31 2023]
Finished job 406.
33 of 382 steps (9%) done
[Wed Mar  1 15:28:31 2023]
Finished job 357.
34 of 382 steps (9%) done
[Wed Mar  1 15:28:32 2023]
Finished job 469.
35 of 382 steps (9%) done
[Wed Mar  1 15:28:32 2023]
Finished job 456.
36 of 382 steps (9%) done
[Wed Mar  1 15:28:34 2023]
Finished job 360.
37 of 382 steps (10%) done
[Wed Mar  1 15:28:35 2023]
Finished job 424.
38 of 382 steps (10%) done
[Wed Mar  1 15:28:35 2023]
Finished job 468.
39 of 382 steps (10%) done
[Wed Mar  1 15:28:35 2023]
Finished job 387.
40 of 382 steps (10%) done
[Wed Mar  1 15:28:36 2023]
Finished job 366.
41 of 382 steps (11%) done
[Wed Mar  1 15:28:36 2023]
Finished job 429.
42 of 382 steps (11%) done
[Wed Mar  1 15:28:36 2023]
Finished job 423.
43 of 382 steps (11%) done
[Wed Mar  1 15:28:36 2023]
Finished job 356.
44 of 382 steps (12%) done
[Wed Mar  1 15:28:36 2023]
Finished job 433.
45 of 382 steps (12%) done
[Wed Mar  1 15:28:37 2023]
Finished job 460.
46 of 382 steps (12%) done
[Wed Mar  1 15:28:37 2023]
Finished job 413.
47 of 382 steps (12%) done
[Wed Mar  1 15:28:37 2023]
Finished job 411.
48 of 382 steps (13%) done
[Wed Mar  1 15:28:37 2023]
Finished job 439.
49 of 382 steps (13%) done
[Wed Mar  1 15:28:37 2023]
Finished job 472.
50 of 382 steps (13%) done
[Wed Mar  1 15:28:38 2023]
Finished job 436.
51 of 382 steps (13%) done
[Wed Mar  1 15:28:38 2023]
Finished job 428.
52 of 382 steps (14%) done
[Wed Mar  1 15:28:38 2023]
Finished job 399.
53 of 382 steps (14%) done
[Wed Mar  1 15:28:38 2023]
Finished job 371.
54 of 382 steps (14%) done
[Wed Mar  1 15:28:38 2023]
Finished job 378.
55 of 382 steps (14%) done
[Wed Mar  1 15:28:39 2023]
Finished job 390.
56 of 382 steps (15%) done
[Wed Mar  1 15:28:39 2023]
Finished job 381.
57 of 382 steps (15%) done
[Wed Mar  1 15:28:39 2023]
Finished job 446.
58 of 382 steps (15%) done
[Wed Mar  1 15:28:39 2023]
Finished job 475.
59 of 382 steps (15%) done
[Wed Mar  1 15:28:40 2023]
Finished job 374.
60 of 382 steps (16%) done
[Wed Mar  1 15:28:40 2023]
Finished job 441.
61 of 382 steps (16%) done
[Wed Mar  1 15:28:40 2023]
Finished job 363.
62 of 382 steps (16%) done
[Wed Mar  1 15:28:40 2023]
Finished job 395.
63 of 382 steps (16%) done
[Wed Mar  1 15:28:51 2023]
Finished job 377.
64 of 382 steps (17%) done
[Wed Mar  1 15:28:51 2023]
Finished job 379.
65 of 382 steps (17%) done
[Wed Mar  1 15:28:51 2023]
Finished job 384.
66 of 382 steps (17%) done
[Wed Mar  1 15:28:51 2023]
Finished job 383.
67 of 382 steps (18%) done
[Wed Mar  1 15:28:52 2023]
Finished job 417.
68 of 382 steps (18%) done
[Wed Mar  1 15:28:52 2023]
Finished job 388.
69 of 382 steps (18%) done
[Wed Mar  1 15:28:52 2023]
Finished job 437.
70 of 382 steps (18%) done
[Wed Mar  1 15:28:53 2023]
Finished job 426.
71 of 382 steps (19%) done
[Wed Mar  1 15:28:54 2023]
Finished job 409.
72 of 382 steps (19%) done
[Wed Mar  1 15:28:54 2023]
Finished job 355.
73 of 382 steps (19%) done
[Wed Mar  1 15:28:55 2023]
Finished job 368.
74 of 382 steps (19%) done
[Wed Mar  1 15:28:59 2023]
Finished job 365.
75 of 382 steps (20%) done
[Wed Mar  1 15:29:09 2023]
Finished job 454.
76 of 382 steps (20%) done
[Wed Mar  1 15:29:09 2023]
Finished job 418.
77 of 382 steps (20%) done
[Wed Mar  1 15:29:09 2023]
Finished job 451.
78 of 382 steps (20%) done
[Wed Mar  1 15:29:09 2023]
Finished job 450.
79 of 382 steps (21%) done
[Wed Mar  1 15:29:38 2023]
Finished job 452.
80 of 382 steps (21%) done
[Wed Mar  1 15:30:06 2023]
Finished job 471.
81 of 382 steps (21%) done
[Wed Mar  1 15:35:16 2023]
Error in rule getLD_buddies:
    jobid: 822
    output: /work/users/n/e/nekramer/Data/CQTL/AI/freeze/LD_buddies/chr4:94664990:C:T_FNF_0.8.ld
    log: logs/getLD_buddies_FNF_chr4:94664990:C:T.out, logs/getLD_buddies_FNF_chr4:94664990:C:T.err (check log file(s) for error message)
    shell:
        
        module load plink
        for snp in `cat /work/users/n/e/nekramer/Data/CQTL/AI/freeze/AIsigFNF05variantIDs.txt`
        do
            plink --bfile /work/users/n/e/nekramer/Data/CQTL/geno/CQTL_COA_01_GDA8_COA2_01_COA3_01_GDA8_COA4_COA5_COA6_COA7_ALL_qc --ld-snp ${snp} --ld-window 200000 --ld-window-kb 1000 --ld-window-r2 0.8 --r2 --out /work/users/n/e/nekramer/Data/CQTL/AI/freeze/LD_buddies/${snp}_FNF_0.8
        done
        
        (one of the commands exited with non-zero exit code; note that snakemake uses bash strict mode!)
    cluster_jobid: 1606515

Error executing rule getLD_buddies on cluster (jobid: 822, external: 1606515, jobscript: /work/users/n/e/nekramer/CQTL_GIT/CQTL/AllelicImbalance/AIanalysis/.snakemake/tmp.cdfhpivg/snakejob.getLD_buddies.822.sh). For error details see the cluster log and the log files of the involved rule(s).
[Wed Mar  1 15:35:44 2023]
Error in rule getLD_buddies:
    jobid: 804
    output: /work/users/n/e/nekramer/Data/CQTL/AI/freeze/LD_buddies/chr9:37863152:G:C_FNF_0.8.ld
    log: logs/getLD_buddies_FNF_chr9:37863152:G:C.out, logs/getLD_buddies_FNF_chr9:37863152:G:C.err (check log file(s) for error message)
    shell:
        
        module load plink
        for snp in `cat /work/users/n/e/nekramer/Data/CQTL/AI/freeze/AIsigFNF05variantIDs.txt`
        do
            plink --bfile /work/users/n/e/nekramer/Data/CQTL/geno/CQTL_COA_01_GDA8_COA2_01_COA3_01_GDA8_COA4_COA5_COA6_COA7_ALL_qc --ld-snp ${snp} --ld-window 200000 --ld-window-kb 1000 --ld-window-r2 0.8 --r2 --out /work/users/n/e/nekramer/Data/CQTL/AI/freeze/LD_buddies/${snp}_FNF_0.8
        done
        
        (one of the commands exited with non-zero exit code; note that snakemake uses bash strict mode!)
    cluster_jobid: 1606480

Error executing rule getLD_buddies on cluster (jobid: 804, external: 1606480, jobscript: /work/users/n/e/nekramer/CQTL_GIT/CQTL/AllelicImbalance/AIanalysis/.snakemake/tmp.cdfhpivg/snakejob.getLD_buddies.804.sh). For error details see the cluster log and the log files of the involved rule(s).
[Wed Mar  1 15:35:58 2023]
Error in rule getLD_buddies:
    jobid: 798
    output: /work/users/n/e/nekramer/Data/CQTL/AI/freeze/LD_buddies/chr1:230279402:G:A_FNF_0.8.ld
    log: logs/getLD_buddies_FNF_chr1:230279402:G:A.out, logs/getLD_buddies_FNF_chr1:230279402:G:A.err (check log file(s) for error message)
    shell:
        
        module load plink
        for snp in `cat /work/users/n/e/nekramer/Data/CQTL/AI/freeze/AIsigFNF05variantIDs.txt`
        do
            plink --bfile /work/users/n/e/nekramer/Data/CQTL/geno/CQTL_COA_01_GDA8_COA2_01_COA3_01_GDA8_COA4_COA5_COA6_COA7_ALL_qc --ld-snp ${snp} --ld-window 200000 --ld-window-kb 1000 --ld-window-r2 0.8 --r2 --out /work/users/n/e/nekramer/Data/CQTL/AI/freeze/LD_buddies/${snp}_FNF_0.8
        done
        
        (one of the commands exited with non-zero exit code; note that snakemake uses bash strict mode!)
    cluster_jobid: 1606484

Error executing rule getLD_buddies on cluster (jobid: 798, external: 1606484, jobscript: /work/users/n/e/nekramer/CQTL_GIT/CQTL/AllelicImbalance/AIanalysis/.snakemake/tmp.cdfhpivg/snakejob.getLD_buddies.798.sh). For error details see the cluster log and the log files of the involved rule(s).
[Wed Mar  1 15:38:38 2023]
Error in rule getLD_buddies:
    jobid: 762
    output: /work/users/n/e/nekramer/Data/CQTL/AI/freeze/LD_buddies/chr6:138418442:T:G_FNF_0.8.ld
    log: logs/getLD_buddies_FNF_chr6:138418442:T:G.out, logs/getLD_buddies_FNF_chr6:138418442:T:G.err (check log file(s) for error message)
    shell:
        
        module load plink
        for snp in `cat /work/users/n/e/nekramer/Data/CQTL/AI/freeze/AIsigFNF05variantIDs.txt`
        do
            plink --bfile /work/users/n/e/nekramer/Data/CQTL/geno/CQTL_COA_01_GDA8_COA2_01_COA3_01_GDA8_COA4_COA5_COA6_COA7_ALL_qc --ld-snp ${snp} --ld-window 200000 --ld-window-kb 1000 --ld-window-r2 0.8 --r2 --out /work/users/n/e/nekramer/Data/CQTL/AI/freeze/LD_buddies/${snp}_FNF_0.8
        done
        
        (one of the commands exited with non-zero exit code; note that snakemake uses bash strict mode!)
    cluster_jobid: 1606511

Error executing rule getLD_buddies on cluster (jobid: 762, external: 1606511, jobscript: /work/users/n/e/nekramer/CQTL_GIT/CQTL/AllelicImbalance/AIanalysis/.snakemake/tmp.cdfhpivg/snakejob.getLD_buddies.762.sh). For error details see the cluster log and the log files of the involved rule(s).
[Wed Mar  1 15:39:19 2023]
Error in rule getLD_buddies:
    jobid: 766
    output: /work/users/n/e/nekramer/Data/CQTL/AI/freeze/LD_buddies/chr2:113471049:G:A_FNF_0.8.ld
    log: logs/getLD_buddies_FNF_chr2:113471049:G:A.out, logs/getLD_buddies_FNF_chr2:113471049:G:A.err (check log file(s) for error message)
    shell:
        
        module load plink
        for snp in `cat /work/users/n/e/nekramer/Data/CQTL/AI/freeze/AIsigFNF05variantIDs.txt`
        do
            plink --bfile /work/users/n/e/nekramer/Data/CQTL/geno/CQTL_COA_01_GDA8_COA2_01_COA3_01_GDA8_COA4_COA5_COA6_COA7_ALL_qc --ld-snp ${snp} --ld-window 200000 --ld-window-kb 1000 --ld-window-r2 0.8 --r2 --out /work/users/n/e/nekramer/Data/CQTL/AI/freeze/LD_buddies/${snp}_FNF_0.8
        done
        
        (one of the commands exited with non-zero exit code; note that snakemake uses bash strict mode!)
    cluster_jobid: 1606495

Error executing rule getLD_buddies on cluster (jobid: 766, external: 1606495, jobscript: /work/users/n/e/nekramer/CQTL_GIT/CQTL/AllelicImbalance/AIanalysis/.snakemake/tmp.cdfhpivg/snakejob.getLD_buddies.766.sh). For error details see the cluster log and the log files of the involved rule(s).
[Wed Mar  1 15:39:33 2023]
Error in rule getLD_buddies:
    jobid: 824
    output: /work/users/n/e/nekramer/Data/CQTL/AI/freeze/LD_buddies/chr14:67650289:C:A_FNF_0.8.ld
    log: logs/getLD_buddies_FNF_chr14:67650289:C:A.out, logs/getLD_buddies_FNF_chr14:67650289:C:A.err (check log file(s) for error message)
    shell:
        
        module load plink
        for snp in `cat /work/users/n/e/nekramer/Data/CQTL/AI/freeze/AIsigFNF05variantIDs.txt`
        do
            plink --bfile /work/users/n/e/nekramer/Data/CQTL/geno/CQTL_COA_01_GDA8_COA2_01_COA3_01_GDA8_COA4_COA5_COA6_COA7_ALL_qc --ld-snp ${snp} --ld-window 200000 --ld-window-kb 1000 --ld-window-r2 0.8 --r2 --out /work/users/n/e/nekramer/Data/CQTL/AI/freeze/LD_buddies/${snp}_FNF_0.8
        done
        
        (one of the commands exited with non-zero exit code; note that snakemake uses bash strict mode!)
    cluster_jobid: 1606498

Error executing rule getLD_buddies on cluster (jobid: 824, external: 1606498, jobscript: /work/users/n/e/nekramer/CQTL_GIT/CQTL/AllelicImbalance/AIanalysis/.snakemake/tmp.cdfhpivg/snakejob.getLD_buddies.824.sh). For error details see the cluster log and the log files of the involved rule(s).
[Wed Mar  1 15:39:45 2023]
Error in rule getLD_buddies:
    jobid: 764
    output: /work/users/n/e/nekramer/Data/CQTL/AI/freeze/LD_buddies/chr3:47850893:G:A_FNF_0.8.ld
    log: logs/getLD_buddies_FNF_chr3:47850893:G:A.out, logs/getLD_buddies_FNF_chr3:47850893:G:A.err (check log file(s) for error message)
    shell:
        
        module load plink
        for snp in `cat /work/users/n/e/nekramer/Data/CQTL/AI/freeze/AIsigFNF05variantIDs.txt`
        do
            plink --bfile /work/users/n/e/nekramer/Data/CQTL/geno/CQTL_COA_01_GDA8_COA2_01_COA3_01_GDA8_COA4_COA5_COA6_COA7_ALL_qc --ld-snp ${snp} --ld-window 200000 --ld-window-kb 1000 --ld-window-r2 0.8 --r2 --out /work/users/n/e/nekramer/Data/CQTL/AI/freeze/LD_buddies/${snp}_FNF_0.8
        done
        
        (one of the commands exited with non-zero exit code; note that snakemake uses bash strict mode!)
    cluster_jobid: 1606491

Error executing rule getLD_buddies on cluster (jobid: 764, external: 1606491, jobscript: /work/users/n/e/nekramer/CQTL_GIT/CQTL/AllelicImbalance/AIanalysis/.snakemake/tmp.cdfhpivg/snakejob.getLD_buddies.764.sh). For error details see the cluster log and the log files of the involved rule(s).
[Wed Mar  1 15:40:09 2023]
Error in rule getLD_buddies:
    jobid: 848
    output: /work/users/n/e/nekramer/Data/CQTL/AI/freeze/LD_buddies/chr9:134701253:G:A_FNF_0.8.ld
    log: logs/getLD_buddies_FNF_chr9:134701253:G:A.out, logs/getLD_buddies_FNF_chr9:134701253:G:A.err (check log file(s) for error message)
    shell:
        
        module load plink
        for snp in `cat /work/users/n/e/nekramer/Data/CQTL/AI/freeze/AIsigFNF05variantIDs.txt`
        do
            plink --bfile /work/users/n/e/nekramer/Data/CQTL/geno/CQTL_COA_01_GDA8_COA2_01_COA3_01_GDA8_COA4_COA5_COA6_COA7_ALL_qc --ld-snp ${snp} --ld-window 200000 --ld-window-kb 1000 --ld-window-r2 0.8 --r2 --out /work/users/n/e/nekramer/Data/CQTL/AI/freeze/LD_buddies/${snp}_FNF_0.8
        done
        
        (one of the commands exited with non-zero exit code; note that snakemake uses bash strict mode!)
    cluster_jobid: 1606475

Error executing rule getLD_buddies on cluster (jobid: 848, external: 1606475, jobscript: /work/users/n/e/nekramer/CQTL_GIT/CQTL/AllelicImbalance/AIanalysis/.snakemake/tmp.cdfhpivg/snakejob.getLD_buddies.848.sh). For error details see the cluster log and the log files of the involved rule(s).
[Wed Mar  1 15:40:10 2023]
Error in rule getLD_buddies:
    jobid: 772
    output: /work/users/n/e/nekramer/Data/CQTL/AI/freeze/LD_buddies/chr17:30522671:G:A_FNF_0.8.ld
    log: logs/getLD_buddies_FNF_chr17:30522671:G:A.out, logs/getLD_buddies_FNF_chr17:30522671:G:A.err (check log file(s) for error message)
    shell:
        
        module load plink
        for snp in `cat /work/users/n/e/nekramer/Data/CQTL/AI/freeze/AIsigFNF05variantIDs.txt`
        do
            plink --bfile /work/users/n/e/nekramer/Data/CQTL/geno/CQTL_COA_01_GDA8_COA2_01_COA3_01_GDA8_COA4_COA5_COA6_COA7_ALL_qc --ld-snp ${snp} --ld-window 200000 --ld-window-kb 1000 --ld-window-r2 0.8 --r2 --out /work/users/n/e/nekramer/Data/CQTL/AI/freeze/LD_buddies/${snp}_FNF_0.8
        done
        
        (one of the commands exited with non-zero exit code; note that snakemake uses bash strict mode!)
    cluster_jobid: 1606493

Error executing rule getLD_buddies on cluster (jobid: 772, external: 1606493, jobscript: /work/users/n/e/nekramer/CQTL_GIT/CQTL/AllelicImbalance/AIanalysis/.snakemake/tmp.cdfhpivg/snakejob.getLD_buddies.772.sh). For error details see the cluster log and the log files of the involved rule(s).
[Wed Mar  1 15:40:22 2023]
Error in rule getLD_buddies:
    jobid: 834
    output: /work/users/n/e/nekramer/Data/CQTL/AI/freeze/LD_buddies/chr2:85606203:C:T_FNF_0.8.ld
    log: logs/getLD_buddies_FNF_chr2:85606203:C:T.out, logs/getLD_buddies_FNF_chr2:85606203:C:T.err (check log file(s) for error message)
    shell:
        
        module load plink
        for snp in `cat /work/users/n/e/nekramer/Data/CQTL/AI/freeze/AIsigFNF05variantIDs.txt`
        do
            plink --bfile /work/users/n/e/nekramer/Data/CQTL/geno/CQTL_COA_01_GDA8_COA2_01_COA3_01_GDA8_COA4_COA5_COA6_COA7_ALL_qc --ld-snp ${snp} --ld-window 200000 --ld-window-kb 1000 --ld-window-r2 0.8 --r2 --out /work/users/n/e/nekramer/Data/CQTL/AI/freeze/LD_buddies/${snp}_FNF_0.8
        done
        
        (one of the commands exited with non-zero exit code; note that snakemake uses bash strict mode!)
    cluster_jobid: 1606477

Error executing rule getLD_buddies on cluster (jobid: 834, external: 1606477, jobscript: /work/users/n/e/nekramer/CQTL_GIT/CQTL/AllelicImbalance/AIanalysis/.snakemake/tmp.cdfhpivg/snakejob.getLD_buddies.834.sh). For error details see the cluster log and the log files of the involved rule(s).
[Wed Mar  1 15:40:22 2023]
Error in rule getLD_buddies:
    jobid: 826
    output: /work/users/n/e/nekramer/Data/CQTL/AI/freeze/LD_buddies/chr8:123437226:C:T_FNF_0.8.ld
    log: logs/getLD_buddies_FNF_chr8:123437226:C:T.out, logs/getLD_buddies_FNF_chr8:123437226:C:T.err (check log file(s) for error message)
    shell:
        
        module load plink
        for snp in `cat /work/users/n/e/nekramer/Data/CQTL/AI/freeze/AIsigFNF05variantIDs.txt`
        do
            plink --bfile /work/users/n/e/nekramer/Data/CQTL/geno/CQTL_COA_01_GDA8_COA2_01_COA3_01_GDA8_COA4_COA5_COA6_COA7_ALL_qc --ld-snp ${snp} --ld-window 200000 --ld-window-kb 1000 --ld-window-r2 0.8 --r2 --out /work/users/n/e/nekramer/Data/CQTL/AI/freeze/LD_buddies/${snp}_FNF_0.8
        done
        
        (one of the commands exited with non-zero exit code; note that snakemake uses bash strict mode!)
    cluster_jobid: 1606482

Error executing rule getLD_buddies on cluster (jobid: 826, external: 1606482, jobscript: /work/users/n/e/nekramer/CQTL_GIT/CQTL/AllelicImbalance/AIanalysis/.snakemake/tmp.cdfhpivg/snakejob.getLD_buddies.826.sh). For error details see the cluster log and the log files of the involved rule(s).
[Wed Mar  1 15:40:23 2023]
Error in rule getLD_buddies:
    jobid: 796
    output: /work/users/n/e/nekramer/Data/CQTL/AI/freeze/LD_buddies/chr8:26411516:C:T_FNF_0.8.ld
    log: logs/getLD_buddies_FNF_chr8:26411516:C:T.out, logs/getLD_buddies_FNF_chr8:26411516:C:T.err (check log file(s) for error message)
    shell:
        
        module load plink
        for snp in `cat /work/users/n/e/nekramer/Data/CQTL/AI/freeze/AIsigFNF05variantIDs.txt`
        do
            plink --bfile /work/users/n/e/nekramer/Data/CQTL/geno/CQTL_COA_01_GDA8_COA2_01_COA3_01_GDA8_COA4_COA5_COA6_COA7_ALL_qc --ld-snp ${snp} --ld-window 200000 --ld-window-kb 1000 --ld-window-r2 0.8 --r2 --out /work/users/n/e/nekramer/Data/CQTL/AI/freeze/LD_buddies/${snp}_FNF_0.8
        done
        
        (one of the commands exited with non-zero exit code; note that snakemake uses bash strict mode!)
    cluster_jobid: 1606502

Error executing rule getLD_buddies on cluster (jobid: 796, external: 1606502, jobscript: /work/users/n/e/nekramer/CQTL_GIT/CQTL/AllelicImbalance/AIanalysis/.snakemake/tmp.cdfhpivg/snakejob.getLD_buddies.796.sh). For error details see the cluster log and the log files of the involved rule(s).
[Wed Mar  1 15:40:34 2023]
Error in rule getLD_buddies:
    jobid: 770
    output: /work/users/n/e/nekramer/Data/CQTL/AI/freeze/LD_buddies/chr20:62945295:T:G_FNF_0.8.ld
    log: logs/getLD_buddies_FNF_chr20:62945295:T:G.out, logs/getLD_buddies_FNF_chr20:62945295:T:G.err (check log file(s) for error message)
    shell:
        
        module load plink
        for snp in `cat /work/users/n/e/nekramer/Data/CQTL/AI/freeze/AIsigFNF05variantIDs.txt`
        do
            plink --bfile /work/users/n/e/nekramer/Data/CQTL/geno/CQTL_COA_01_GDA8_COA2_01_COA3_01_GDA8_COA4_COA5_COA6_COA7_ALL_qc --ld-snp ${snp} --ld-window 200000 --ld-window-kb 1000 --ld-window-r2 0.8 --r2 --out /work/users/n/e/nekramer/Data/CQTL/AI/freeze/LD_buddies/${snp}_FNF_0.8
        done
        
        (one of the commands exited with non-zero exit code; note that snakemake uses bash strict mode!)
    cluster_jobid: 1606489

Error executing rule getLD_buddies on cluster (jobid: 770, external: 1606489, jobscript: /work/users/n/e/nekramer/CQTL_GIT/CQTL/AllelicImbalance/AIanalysis/.snakemake/tmp.cdfhpivg/snakejob.getLD_buddies.770.sh). For error details see the cluster log and the log files of the involved rule(s).
[Wed Mar  1 15:40:57 2023]
Error in rule getLD_buddies:
    jobid: 802
    output: /work/users/n/e/nekramer/Data/CQTL/AI/freeze/LD_buddies/chr20:62852790:A:G_FNF_0.8.ld
    log: logs/getLD_buddies_FNF_chr20:62852790:A:G.out, logs/getLD_buddies_FNF_chr20:62852790:A:G.err (check log file(s) for error message)
    shell:
        
        module load plink
        for snp in `cat /work/users/n/e/nekramer/Data/CQTL/AI/freeze/AIsigFNF05variantIDs.txt`
        do
            plink --bfile /work/users/n/e/nekramer/Data/CQTL/geno/CQTL_COA_01_GDA8_COA2_01_COA3_01_GDA8_COA4_COA5_COA6_COA7_ALL_qc --ld-snp ${snp} --ld-window 200000 --ld-window-kb 1000 --ld-window-r2 0.8 --r2 --out /work/users/n/e/nekramer/Data/CQTL/AI/freeze/LD_buddies/${snp}_FNF_0.8
        done
        
        (one of the commands exited with non-zero exit code; note that snakemake uses bash strict mode!)
    cluster_jobid: 1606514

Error executing rule getLD_buddies on cluster (jobid: 802, external: 1606514, jobscript: /work/users/n/e/nekramer/CQTL_GIT/CQTL/AllelicImbalance/AIanalysis/.snakemake/tmp.cdfhpivg/snakejob.getLD_buddies.802.sh). For error details see the cluster log and the log files of the involved rule(s).
[Wed Mar  1 15:41:08 2023]
Error in rule getLD_buddies:
    jobid: 814
    output: /work/users/n/e/nekramer/Data/CQTL/AI/freeze/LD_buddies/chr22:38735830:T:C_FNF_0.8.ld
    log: logs/getLD_buddies_FNF_chr22:38735830:T:C.out, logs/getLD_buddies_FNF_chr22:38735830:T:C.err (check log file(s) for error message)
    shell:
        
        module load plink
        for snp in `cat /work/users/n/e/nekramer/Data/CQTL/AI/freeze/AIsigFNF05variantIDs.txt`
        do
            plink --bfile /work/users/n/e/nekramer/Data/CQTL/geno/CQTL_COA_01_GDA8_COA2_01_COA3_01_GDA8_COA4_COA5_COA6_COA7_ALL_qc --ld-snp ${snp} --ld-window 200000 --ld-window-kb 1000 --ld-window-r2 0.8 --r2 --out /work/users/n/e/nekramer/Data/CQTL/AI/freeze/LD_buddies/${snp}_FNF_0.8
        done
        
        (one of the commands exited with non-zero exit code; note that snakemake uses bash strict mode!)
    cluster_jobid: 1606507

Error executing rule getLD_buddies on cluster (jobid: 814, external: 1606507, jobscript: /work/users/n/e/nekramer/CQTL_GIT/CQTL/AllelicImbalance/AIanalysis/.snakemake/tmp.cdfhpivg/snakejob.getLD_buddies.814.sh). For error details see the cluster log and the log files of the involved rule(s).
[Wed Mar  1 15:41:19 2023]
Error in rule getLD_buddies:
    jobid: 774
    output: /work/users/n/e/nekramer/Data/CQTL/AI/freeze/LD_buddies/chr5:141125259:A:C_FNF_0.8.ld
    log: logs/getLD_buddies_FNF_chr5:141125259:A:C.out, logs/getLD_buddies_FNF_chr5:141125259:A:C.err (check log file(s) for error message)
    shell:
        
        module load plink
        for snp in `cat /work/users/n/e/nekramer/Data/CQTL/AI/freeze/AIsigFNF05variantIDs.txt`
        do
            plink --bfile /work/users/n/e/nekramer/Data/CQTL/geno/CQTL_COA_01_GDA8_COA2_01_COA3_01_GDA8_COA4_COA5_COA6_COA7_ALL_qc --ld-snp ${snp} --ld-window 200000 --ld-window-kb 1000 --ld-window-r2 0.8 --r2 --out /work/users/n/e/nekramer/Data/CQTL/AI/freeze/LD_buddies/${snp}_FNF_0.8
        done
        
        (one of the commands exited with non-zero exit code; note that snakemake uses bash strict mode!)
    cluster_jobid: 1606517

Error executing rule getLD_buddies on cluster (jobid: 774, external: 1606517, jobscript: /work/users/n/e/nekramer/CQTL_GIT/CQTL/AllelicImbalance/AIanalysis/.snakemake/tmp.cdfhpivg/snakejob.getLD_buddies.774.sh). For error details see the cluster log and the log files of the involved rule(s).
[Wed Mar  1 15:41:29 2023]
Error in rule getLD_buddies:
    jobid: 836
    output: /work/users/n/e/nekramer/Data/CQTL/AI/freeze/LD_buddies/chr15:89900547:G:C_FNF_0.8.ld
    log: logs/getLD_buddies_FNF_chr15:89900547:G:C.out, logs/getLD_buddies_FNF_chr15:89900547:G:C.err (check log file(s) for error message)
    shell:
        
        module load plink
        for snp in `cat /work/users/n/e/nekramer/Data/CQTL/AI/freeze/AIsigFNF05variantIDs.txt`
        do
            plink --bfile /work/users/n/e/nekramer/Data/CQTL/geno/CQTL_COA_01_GDA8_COA2_01_COA3_01_GDA8_COA4_COA5_COA6_COA7_ALL_qc --ld-snp ${snp} --ld-window 200000 --ld-window-kb 1000 --ld-window-r2 0.8 --r2 --out /work/users/n/e/nekramer/Data/CQTL/AI/freeze/LD_buddies/${snp}_FNF_0.8
        done
        
        (one of the commands exited with non-zero exit code; note that snakemake uses bash strict mode!)
    cluster_jobid: 1606494

Error executing rule getLD_buddies on cluster (jobid: 836, external: 1606494, jobscript: /work/users/n/e/nekramer/CQTL_GIT/CQTL/AllelicImbalance/AIanalysis/.snakemake/tmp.cdfhpivg/snakejob.getLD_buddies.836.sh). For error details see the cluster log and the log files of the involved rule(s).
[Wed Mar  1 15:42:31 2023]
Error in rule getLD_buddies:
    jobid: 830
    output: /work/users/n/e/nekramer/Data/CQTL/AI/freeze/LD_buddies/chr3:101826262:G:C_FNF_0.8.ld
    log: logs/getLD_buddies_FNF_chr3:101826262:G:C.out, logs/getLD_buddies_FNF_chr3:101826262:G:C.err (check log file(s) for error message)
    shell:
        
        module load plink
        for snp in `cat /work/users/n/e/nekramer/Data/CQTL/AI/freeze/AIsigFNF05variantIDs.txt`
        do
            plink --bfile /work/users/n/e/nekramer/Data/CQTL/geno/CQTL_COA_01_GDA8_COA2_01_COA3_01_GDA8_COA4_COA5_COA6_COA7_ALL_qc --ld-snp ${snp} --ld-window 200000 --ld-window-kb 1000 --ld-window-r2 0.8 --r2 --out /work/users/n/e/nekramer/Data/CQTL/AI/freeze/LD_buddies/${snp}_FNF_0.8
        done
        
        (one of the commands exited with non-zero exit code; note that snakemake uses bash strict mode!)
    cluster_jobid: 1606512

Error executing rule getLD_buddies on cluster (jobid: 830, external: 1606512, jobscript: /work/users/n/e/nekramer/CQTL_GIT/CQTL/AllelicImbalance/AIanalysis/.snakemake/tmp.cdfhpivg/snakejob.getLD_buddies.830.sh). For error details see the cluster log and the log files of the involved rule(s).
Shutting down, this might take some time.
Exiting because a job execution failed. Look above for error message
Complete log: /work/users/n/e/nekramer/CQTL_GIT/CQTL/AllelicImbalance/AIanalysis/.snakemake/log/2023-03-01T152722.695257.snakemake.log
