Building DAG of jobs...
Using shell: /usr/bin/bash
Provided cluster nodes: 100
Job counts:
	count	jobs
	1	all
	238	getLD_buddies
	239

[Tue Feb 28 13:56:28 2023]
rule getLD_buddies:
    input: /work/users/n/e/nekramer/Data/CQTL/AI/freeze/AIsigFNF05variantIDs.txt
    output: /work/users/n/e/nekramer/Data/CQTL/AI/freeze/LD_buddies/chr2:74529049:G:C_FNF_0.8.ld
    log: logs/getLD_buddies_FNF_chr2:74529049:G:C.out
    jobid: 188
    wildcards: snp=chr2:74529049:G:C, condition=FNF

Submitted job 188 with external jobid '1541158'.

[Tue Feb 28 13:56:28 2023]
rule getLD_buddies:
    input: /work/users/n/e/nekramer/Data/CQTL/AI/freeze/AIsigFNF05variantIDs.txt
    output: /work/users/n/e/nekramer/Data/CQTL/AI/freeze/LD_buddies/chr19:57620255:G:A_FNF_0.8.ld
    log: logs/getLD_buddies_FNF_chr19:57620255:G:A.out
    jobid: 164
    wildcards: snp=chr19:57620255:G:A, condition=FNF

Submitted job 164 with external jobid '1541159'.

[Tue Feb 28 13:56:28 2023]
rule getLD_buddies:
    input: /work/users/n/e/nekramer/Data/CQTL/AI/freeze/AIsigFNF05variantIDs.txt
    output: /work/users/n/e/nekramer/Data/CQTL/AI/freeze/LD_buddies/chr11:6681654:C:G_FNF_0.8.ld
    log: logs/getLD_buddies_FNF_chr11:6681654:C:G.out
    jobid: 140
    wildcards: snp=chr11:6681654:C:G, condition=FNF

Submitted job 140 with external jobid '1541160'.

[Tue Feb 28 13:56:28 2023]
rule getLD_buddies:
    input: /work/users/n/e/nekramer/Data/CQTL/AI/freeze/AIsigFNF05variantIDs.txt
    output: /work/users/n/e/nekramer/Data/CQTL/AI/freeze/LD_buddies/chr2:24100236:A:G_FNF_0.8.ld
    log: logs/getLD_buddies_FNF_chr2:24100236:A:G.out
    jobid: 170
    wildcards: snp=chr2:24100236:A:G, condition=FNF

Submitted job 170 with external jobid '1541161'.

[Tue Feb 28 13:56:28 2023]
rule getLD_buddies:
    input: /work/users/n/e/nekramer/Data/CQTL/AI/freeze/AIsigFNF05variantIDs.txt
    output: /work/users/n/e/nekramer/Data/CQTL/AI/freeze/LD_buddies/chr12:95658366:C:T_FNF_0.8.ld
    log: logs/getLD_buddies_FNF_chr12:95658366:C:T.out
    jobid: 224
    wildcards: snp=chr12:95658366:C:T, condition=FNF

Submitted job 224 with external jobid '1541162'.

[Tue Feb 28 13:56:29 2023]
rule getLD_buddies:
    input: /work/users/n/e/nekramer/Data/CQTL/AI/freeze/AIsigFNF05variantIDs.txt
    output: /work/users/n/e/nekramer/Data/CQTL/AI/freeze/LD_buddies/chr5:172422467:G:A_FNF_0.8.ld
    log: logs/getLD_buddies_FNF_chr5:172422467:G:A.out
    jobid: 181
    wildcards: snp=chr5:172422467:G:A, condition=FNF

Submitted job 181 with external jobid '1541170'.

[Tue Feb 28 13:56:29 2023]
rule getLD_buddies:
    input: /work/users/n/e/nekramer/Data/CQTL/AI/freeze/AIsigFNF05variantIDs.txt
    output: /work/users/n/e/nekramer/Data/CQTL/AI/freeze/LD_buddies/chr3:98588786:C:T_FNF_0.8.ld
    log: logs/getLD_buddies_FNF_chr3:98588786:C:T.out
    jobid: 167
    wildcards: snp=chr3:98588786:C:T, condition=FNF

Submitted job 167 with external jobid '1541179'.

[Tue Feb 28 13:56:29 2023]
rule getLD_buddies:
    input: /work/users/n/e/nekramer/Data/CQTL/AI/freeze/AIsigFNF05variantIDs.txt
    output: /work/users/n/e/nekramer/Data/CQTL/AI/freeze/LD_buddies/chr2:24100237:G:A_FNF_0.8.ld
    log: logs/getLD_buddies_FNF_chr2:24100237:G:A.out
    jobid: 180
    wildcards: snp=chr2:24100237:G:A, condition=FNF

Submitted job 180 with external jobid '1541187'.

[Tue Feb 28 13:56:29 2023]
rule getLD_buddies:
    input: /work/users/n/e/nekramer/Data/CQTL/AI/freeze/AIsigFNF05variantIDs.txt
    output: /work/users/n/e/nekramer/Data/CQTL/AI/freeze/LD_buddies/chr10:100962892:C:T_FNF_0.8.ld
    log: logs/getLD_buddies_FNF_chr10:100962892:C:T.out
    jobid: 201
    wildcards: snp=chr10:100962892:C:T, condition=FNF

Submitted job 201 with external jobid '1541195'.

[Tue Feb 28 13:56:30 2023]
rule getLD_buddies:
    input: /work/users/n/e/nekramer/Data/CQTL/AI/freeze/AIsigFNF05variantIDs.txt
    output: /work/users/n/e/nekramer/Data/CQTL/AI/freeze/LD_buddies/chr18:59359204:C:T_FNF_0.8.ld
    log: logs/getLD_buddies_FNF_chr18:59359204:C:T.out
    jobid: 151
    wildcards: snp=chr18:59359204:C:T, condition=FNF

Submitted job 151 with external jobid '1541213'.

[Tue Feb 28 13:56:31 2023]
rule getLD_buddies:
    input: /work/users/n/e/nekramer/Data/CQTL/AI/freeze/AIsigFNF05variantIDs.txt
    output: /work/users/n/e/nekramer/Data/CQTL/AI/freeze/LD_buddies/chr7:140057912:C:A_FNF_0.8.ld
    log: logs/getLD_buddies_FNF_chr7:140057912:C:A.out
    jobid: 202
    wildcards: snp=chr7:140057912:C:A, condition=FNF

Submitted job 202 with external jobid '1541221'.

[Tue Feb 28 13:56:31 2023]
rule getLD_buddies:
    input: /work/users/n/e/nekramer/Data/CQTL/AI/freeze/AIsigFNF05variantIDs.txt
    output: /work/users/n/e/nekramer/Data/CQTL/AI/freeze/LD_buddies/chr17:79936498:A:G_FNF_0.8.ld
    log: logs/getLD_buddies_FNF_chr17:79936498:A:G.out
    jobid: 229
    wildcards: snp=chr17:79936498:A:G, condition=FNF

Submitted job 229 with external jobid '1541229'.

[Tue Feb 28 13:56:31 2023]
rule getLD_buddies:
    input: /work/users/n/e/nekramer/Data/CQTL/AI/freeze/AIsigFNF05variantIDs.txt
    output: /work/users/n/e/nekramer/Data/CQTL/AI/freeze/LD_buddies/chr1:116988999:A:G_FNF_0.8.ld
    log: logs/getLD_buddies_FNF_chr1:116988999:A:G.out
    jobid: 211
    wildcards: snp=chr1:116988999:A:G, condition=FNF

Submitted job 211 with external jobid '1541239'.

[Tue Feb 28 13:56:31 2023]
rule getLD_buddies:
    input: /work/users/n/e/nekramer/Data/CQTL/AI/freeze/AIsigFNF05variantIDs.txt
    output: /work/users/n/e/nekramer/Data/CQTL/AI/freeze/LD_buddies/chr16:82000007:T:C_FNF_0.8.ld
    log: logs/getLD_buddies_FNF_chr16:82000007:T:C.out
    jobid: 157
    wildcards: snp=chr16:82000007:T:C, condition=FNF

Submitted job 157 with external jobid '1541247'.

[Tue Feb 28 13:56:32 2023]
rule getLD_buddies:
    input: /work/users/n/e/nekramer/Data/CQTL/AI/freeze/AIsigFNF05variantIDs.txt
    output: /work/users/n/e/nekramer/Data/CQTL/AI/freeze/LD_buddies/chr15:88630424:G:A_FNF_0.8.ld
    log: logs/getLD_buddies_FNF_chr15:88630424:G:A.out
    jobid: 148
    wildcards: snp=chr15:88630424:G:A, condition=FNF

Submitted job 148 with external jobid '1541255'.

[Tue Feb 28 13:56:32 2023]
rule getLD_buddies:
    input: /work/users/n/e/nekramer/Data/CQTL/AI/freeze/AIsigFNF05variantIDs.txt
    output: /work/users/n/e/nekramer/Data/CQTL/AI/freeze/LD_buddies/chr19:49907901:T:C_FNF_0.8.ld
    log: logs/getLD_buddies_FNF_chr19:49907901:T:C.out
    jobid: 220
    wildcards: snp=chr19:49907901:T:C, condition=FNF

Submitted job 220 with external jobid '1541262'.

[Tue Feb 28 13:56:32 2023]
rule getLD_buddies:
    input: /work/users/n/e/nekramer/Data/CQTL/AI/freeze/AIsigFNF05variantIDs.txt
    output: /work/users/n/e/nekramer/Data/CQTL/AI/freeze/LD_buddies/chr18:13068110:G:A_FNF_0.8.ld
    log: logs/getLD_buddies_FNF_chr18:13068110:G:A.out
    jobid: 139
    wildcards: snp=chr18:13068110:G:A, condition=FNF

Submitted job 139 with external jobid '1541263'.

[Tue Feb 28 13:56:32 2023]
rule getLD_buddies:
    input: /work/users/n/e/nekramer/Data/CQTL/AI/freeze/AIsigFNF05variantIDs.txt
    output: /work/users/n/e/nekramer/Data/CQTL/AI/freeze/LD_buddies/chr8:23574292:C:G_FNF_0.8.ld
    log: logs/getLD_buddies_FNF_chr8:23574292:C:G.out
    jobid: 198
    wildcards: snp=chr8:23574292:C:G, condition=FNF

Submitted job 198 with external jobid '1541264'.

[Tue Feb 28 13:56:32 2023]
rule getLD_buddies:
    input: /work/users/n/e/nekramer/Data/CQTL/AI/freeze/AIsigFNF05variantIDs.txt
    output: /work/users/n/e/nekramer/Data/CQTL/AI/freeze/LD_buddies/chr19:52384184:A:C_FNF_0.8.ld
    log: logs/getLD_buddies_FNF_chr19:52384184:A:C.out
    jobid: 119
    wildcards: snp=chr19:52384184:A:C, condition=FNF

Submitted job 119 with external jobid '1541266'.

[Tue Feb 28 13:56:33 2023]
rule getLD_buddies:
    input: /work/users/n/e/nekramer/Data/CQTL/AI/freeze/AIsigFNF05variantIDs.txt
    output: /work/users/n/e/nekramer/Data/CQTL/AI/freeze/LD_buddies/chr16:57994956:G:A_FNF_0.8.ld
    log: logs/getLD_buddies_FNF_chr16:57994956:G:A.out
    jobid: 158
    wildcards: snp=chr16:57994956:G:A, condition=FNF

Submitted job 158 with external jobid '1541267'.

[Tue Feb 28 13:56:33 2023]
rule getLD_buddies:
    input: /work/users/n/e/nekramer/Data/CQTL/AI/freeze/AIsigFNF05variantIDs.txt
    output: /work/users/n/e/nekramer/Data/CQTL/AI/freeze/LD_buddies/chr11:6681927:T:A_FNF_0.8.ld
    log: logs/getLD_buddies_FNF_chr11:6681927:T:A.out
    jobid: 203
    wildcards: snp=chr11:6681927:T:A, condition=FNF

Submitted job 203 with external jobid '1541268'.

[Tue Feb 28 13:56:34 2023]
rule getLD_buddies:
    input: /work/users/n/e/nekramer/Data/CQTL/AI/freeze/AIsigFNF05variantIDs.txt
    output: /work/users/n/e/nekramer/Data/CQTL/AI/freeze/LD_buddies/chr2:24099899:C:T_FNF_0.8.ld
    log: logs/getLD_buddies_FNF_chr2:24099899:C:T.out
    jobid: 175
    wildcards: snp=chr2:24099899:C:T, condition=FNF

Submitted job 175 with external jobid '1541269'.

[Tue Feb 28 13:56:35 2023]
rule getLD_buddies:
    input: /work/users/n/e/nekramer/Data/CQTL/AI/freeze/AIsigFNF05variantIDs.txt
    output: /work/users/n/e/nekramer/Data/CQTL/AI/freeze/LD_buddies/chr18:59359129:A:G_FNF_0.8.ld
    log: logs/getLD_buddies_FNF_chr18:59359129:A:G.out
    jobid: 169
    wildcards: snp=chr18:59359129:A:G, condition=FNF

Submitted job 169 with external jobid '1541270'.

[Tue Feb 28 13:56:36 2023]
rule getLD_buddies:
    input: /work/users/n/e/nekramer/Data/CQTL/AI/freeze/AIsigFNF05variantIDs.txt
    output: /work/users/n/e/nekramer/Data/CQTL/AI/freeze/LD_buddies/chr12:34022573:T:C_FNF_0.8.ld
    log: logs/getLD_buddies_FNF_chr12:34022573:T:C.out
    jobid: 214
    wildcards: snp=chr12:34022573:T:C, condition=FNF

Submitted job 214 with external jobid '1541271'.

[Tue Feb 28 13:56:36 2023]
rule getLD_buddies:
    input: /work/users/n/e/nekramer/Data/CQTL/AI/freeze/AIsigFNF05variantIDs.txt
    output: /work/users/n/e/nekramer/Data/CQTL/AI/freeze/LD_buddies/chr12:133191967:A:T_FNF_0.8.ld
    log: logs/getLD_buddies_FNF_chr12:133191967:A:T.out
    jobid: 194
    wildcards: snp=chr12:133191967:A:T, condition=FNF

Submitted job 194 with external jobid '1541272'.

[Tue Feb 28 13:56:36 2023]
rule getLD_buddies:
    input: /work/users/n/e/nekramer/Data/CQTL/AI/freeze/AIsigFNF05variantIDs.txt
    output: /work/users/n/e/nekramer/Data/CQTL/AI/freeze/LD_buddies/chr11:48144715:G:C_FNF_0.8.ld
    log: logs/getLD_buddies_FNF_chr11:48144715:G:C.out
    jobid: 231
    wildcards: snp=chr11:48144715:G:C, condition=FNF

Submitted job 231 with external jobid '1541273'.

[Tue Feb 28 13:56:36 2023]
rule getLD_buddies:
    input: /work/users/n/e/nekramer/Data/CQTL/AI/freeze/AIsigFNF05variantIDs.txt
    output: /work/users/n/e/nekramer/Data/CQTL/AI/freeze/LD_buddies/chr21:44769371:G:C_FNF_0.8.ld
    log: logs/getLD_buddies_FNF_chr21:44769371:G:C.out
    jobid: 215
    wildcards: snp=chr21:44769371:G:C, condition=FNF

Submitted job 215 with external jobid '1541274'.

[Tue Feb 28 13:56:37 2023]
rule getLD_buddies:
    input: /work/users/n/e/nekramer/Data/CQTL/AI/freeze/AIsigFNF05variantIDs.txt
    output: /work/users/n/e/nekramer/Data/CQTL/AI/freeze/LD_buddies/chr9:37500898:T:C_FNF_0.8.ld
    log: logs/getLD_buddies_FNF_chr9:37500898:T:C.out
    jobid: 154
    wildcards: snp=chr9:37500898:T:C, condition=FNF

Submitted job 154 with external jobid '1541275'.

[Tue Feb 28 13:56:37 2023]
rule getLD_buddies:
    input: /work/users/n/e/nekramer/Data/CQTL/AI/freeze/AIsigFNF05variantIDs.txt
    output: /work/users/n/e/nekramer/Data/CQTL/AI/freeze/LD_buddies/chr17:31317834:G:A_FNF_0.8.ld
    log: logs/getLD_buddies_FNF_chr17:31317834:G:A.out
    jobid: 222
    wildcards: snp=chr17:31317834:G:A, condition=FNF

Submitted job 222 with external jobid '1541276'.

[Tue Feb 28 13:56:37 2023]
rule getLD_buddies:
    input: /work/users/n/e/nekramer/Data/CQTL/AI/freeze/AIsigFNF05variantIDs.txt
    output: /work/users/n/e/nekramer/Data/CQTL/AI/freeze/LD_buddies/chr22:45341429:A:G_FNF_0.8.ld
    log: logs/getLD_buddies_FNF_chr22:45341429:A:G.out
    jobid: 178
    wildcards: snp=chr22:45341429:A:G, condition=FNF

Submitted job 178 with external jobid '1541277'.

[Tue Feb 28 13:56:37 2023]
rule getLD_buddies:
    input: /work/users/n/e/nekramer/Data/CQTL/AI/freeze/AIsigFNF05variantIDs.txt
    output: /work/users/n/e/nekramer/Data/CQTL/AI/freeze/LD_buddies/chr7:24698499:G:A_FNF_0.8.ld
    log: logs/getLD_buddies_FNF_chr7:24698499:G:A.out
    jobid: 122
    wildcards: snp=chr7:24698499:G:A, condition=FNF

Submitted job 122 with external jobid '1541278'.

[Tue Feb 28 13:56:37 2023]
rule getLD_buddies:
    input: /work/users/n/e/nekramer/Data/CQTL/AI/freeze/AIsigFNF05variantIDs.txt
    output: /work/users/n/e/nekramer/Data/CQTL/AI/freeze/LD_buddies/chr5:157138361:G:T_FNF_0.8.ld
    log: logs/getLD_buddies_FNF_chr5:157138361:G:T.out
    jobid: 189
    wildcards: snp=chr5:157138361:G:T, condition=FNF

Submitted job 189 with external jobid '1541279'.

[Tue Feb 28 13:56:38 2023]
rule getLD_buddies:
    input: /work/users/n/e/nekramer/Data/CQTL/AI/freeze/AIsigFNF05variantIDs.txt
    output: /work/users/n/e/nekramer/Data/CQTL/AI/freeze/LD_buddies/chr5:78487278:G:A_FNF_0.8.ld
    log: logs/getLD_buddies_FNF_chr5:78487278:G:A.out
    jobid: 234
    wildcards: snp=chr5:78487278:G:A, condition=FNF

Submitted job 234 with external jobid '1541280'.

[Tue Feb 28 13:56:38 2023]
rule getLD_buddies:
    input: /work/users/n/e/nekramer/Data/CQTL/AI/freeze/AIsigFNF05variantIDs.txt
    output: /work/users/n/e/nekramer/Data/CQTL/AI/freeze/LD_buddies/chr1:87108231:A:T_FNF_0.8.ld
    log: logs/getLD_buddies_FNF_chr1:87108231:A:T.out
    jobid: 132
    wildcards: snp=chr1:87108231:A:T, condition=FNF

Submitted job 132 with external jobid '1541281'.

[Tue Feb 28 13:56:38 2023]
rule getLD_buddies:
    input: /work/users/n/e/nekramer/Data/CQTL/AI/freeze/AIsigFNF05variantIDs.txt
    output: /work/users/n/e/nekramer/Data/CQTL/AI/freeze/LD_buddies/chr10:126049361:G:A_FNF_0.8.ld
    log: logs/getLD_buddies_FNF_chr10:126049361:G:A.out
    jobid: 217
    wildcards: snp=chr10:126049361:G:A, condition=FNF

Submitted job 217 with external jobid '1541282'.

[Tue Feb 28 13:56:38 2023]
rule getLD_buddies:
    input: /work/users/n/e/nekramer/Data/CQTL/AI/freeze/AIsigFNF05variantIDs.txt
    output: /work/users/n/e/nekramer/Data/CQTL/AI/freeze/LD_buddies/chr1:230280573:A:C_FNF_0.8.ld
    log: logs/getLD_buddies_FNF_chr1:230280573:A:C.out
    jobid: 227
    wildcards: snp=chr1:230280573:A:C, condition=FNF

Submitted job 227 with external jobid '1541283'.

[Tue Feb 28 13:56:38 2023]
rule getLD_buddies:
    input: /work/users/n/e/nekramer/Data/CQTL/AI/freeze/AIsigFNF05variantIDs.txt
    output: /work/users/n/e/nekramer/Data/CQTL/AI/freeze/LD_buddies/chr11:6681928:T:A_FNF_0.8.ld
    log: logs/getLD_buddies_FNF_chr11:6681928:T:A.out
    jobid: 206
    wildcards: snp=chr11:6681928:T:A, condition=FNF

Submitted job 206 with external jobid '1541284'.

[Tue Feb 28 13:56:39 2023]
rule getLD_buddies:
    input: /work/users/n/e/nekramer/Data/CQTL/AI/freeze/AIsigFNF05variantIDs.txt
    output: /work/users/n/e/nekramer/Data/CQTL/AI/freeze/LD_buddies/chr1:163147088:T:G_FNF_0.8.ld
    log: logs/getLD_buddies_FNF_chr1:163147088:T:G.out
    jobid: 149
    wildcards: snp=chr1:163147088:T:G, condition=FNF

Submitted job 149 with external jobid '1541285'.

[Tue Feb 28 13:56:39 2023]
rule getLD_buddies:
    input: /work/users/n/e/nekramer/Data/CQTL/AI/freeze/AIsigFNF05variantIDs.txt
    output: /work/users/n/e/nekramer/Data/CQTL/AI/freeze/LD_buddies/chr6:26414145:G:C_FNF_0.8.ld
    log: logs/getLD_buddies_FNF_chr6:26414145:G:C.out
    jobid: 212
    wildcards: snp=chr6:26414145:G:C, condition=FNF

Submitted job 212 with external jobid '1541286'.

[Tue Feb 28 13:56:39 2023]
rule getLD_buddies:
    input: /work/users/n/e/nekramer/Data/CQTL/AI/freeze/AIsigFNF05variantIDs.txt
    output: /work/users/n/e/nekramer/Data/CQTL/AI/freeze/LD_buddies/chr6:25108163:T:C_FNF_0.8.ld
    log: logs/getLD_buddies_FNF_chr6:25108163:T:C.out
    jobid: 160
    wildcards: snp=chr6:25108163:T:C, condition=FNF

Submitted job 160 with external jobid '1541287'.

[Tue Feb 28 13:56:39 2023]
rule getLD_buddies:
    input: /work/users/n/e/nekramer/Data/CQTL/AI/freeze/AIsigFNF05variantIDs.txt
    output: /work/users/n/e/nekramer/Data/CQTL/AI/freeze/LD_buddies/chr11:126408308:T:C_FNF_0.8.ld
    log: logs/getLD_buddies_FNF_chr11:126408308:T:C.out
    jobid: 135
    wildcards: snp=chr11:126408308:T:C, condition=FNF

Submitted job 135 with external jobid '1541288'.

[Tue Feb 28 13:56:40 2023]
rule getLD_buddies:
    input: /work/users/n/e/nekramer/Data/CQTL/AI/freeze/AIsigFNF05variantIDs.txt
    output: /work/users/n/e/nekramer/Data/CQTL/AI/freeze/LD_buddies/chr7:32917329:C:T_FNF_0.8.ld
    log: logs/getLD_buddies_FNF_chr7:32917329:C:T.out
    jobid: 193
    wildcards: snp=chr7:32917329:C:T, condition=FNF

Submitted job 193 with external jobid '1541289'.

[Tue Feb 28 13:56:40 2023]
rule getLD_buddies:
    input: /work/users/n/e/nekramer/Data/CQTL/AI/freeze/AIsigFNF05variantIDs.txt
    output: /work/users/n/e/nekramer/Data/CQTL/AI/freeze/LD_buddies/chr18:2917370:G:A_FNF_0.8.ld
    log: logs/getLD_buddies_FNF_chr18:2917370:G:A.out
    jobid: 205
    wildcards: snp=chr18:2917370:G:A, condition=FNF

Submitted job 205 with external jobid '1541290'.

[Tue Feb 28 13:56:40 2023]
rule getLD_buddies:
    input: /work/users/n/e/nekramer/Data/CQTL/AI/freeze/AIsigFNF05variantIDs.txt
    output: /work/users/n/e/nekramer/Data/CQTL/AI/freeze/LD_buddies/chr7:4996980:C:G_FNF_0.8.ld
    log: logs/getLD_buddies_FNF_chr7:4996980:C:G.out
    jobid: 153
    wildcards: snp=chr7:4996980:C:G, condition=FNF

Submitted job 153 with external jobid '1541291'.

[Tue Feb 28 13:56:41 2023]
rule getLD_buddies:
    input: /work/users/n/e/nekramer/Data/CQTL/AI/freeze/AIsigFNF05variantIDs.txt
    output: /work/users/n/e/nekramer/Data/CQTL/AI/freeze/LD_buddies/chr2:28416687:A:G_FNF_0.8.ld
    log: logs/getLD_buddies_FNF_chr2:28416687:A:G.out
    jobid: 162
    wildcards: snp=chr2:28416687:A:G, condition=FNF

Submitted job 162 with external jobid '1541292'.

[Tue Feb 28 13:56:41 2023]
rule getLD_buddies:
    input: /work/users/n/e/nekramer/Data/CQTL/AI/freeze/AIsigFNF05variantIDs.txt
    output: /work/users/n/e/nekramer/Data/CQTL/AI/freeze/LD_buddies/chr1:20651728:C:T_FNF_0.8.ld
    log: logs/getLD_buddies_FNF_chr1:20651728:C:T.out
    jobid: 171
    wildcards: snp=chr1:20651728:C:T, condition=FNF

Submitted job 171 with external jobid '1541293'.

[Tue Feb 28 13:56:41 2023]
rule getLD_buddies:
    input: /work/users/n/e/nekramer/Data/CQTL/AI/freeze/AIsigFNF05variantIDs.txt
    output: /work/users/n/e/nekramer/Data/CQTL/AI/freeze/LD_buddies/chr9:71745318:C:T_FNF_0.8.ld
    log: logs/getLD_buddies_FNF_chr9:71745318:C:T.out
    jobid: 177
    wildcards: snp=chr9:71745318:C:T, condition=FNF

Submitted job 177 with external jobid '1541294'.

[Tue Feb 28 13:56:41 2023]
rule getLD_buddies:
    input: /work/users/n/e/nekramer/Data/CQTL/AI/freeze/AIsigFNF05variantIDs.txt
    output: /work/users/n/e/nekramer/Data/CQTL/AI/freeze/LD_buddies/chr19:40779010:C:T_FNF_0.8.ld
    log: logs/getLD_buddies_FNF_chr19:40779010:C:T.out
    jobid: 138
    wildcards: snp=chr19:40779010:C:T, condition=FNF

Submitted job 138 with external jobid '1541295'.

[Tue Feb 28 13:56:42 2023]
rule getLD_buddies:
    input: /work/users/n/e/nekramer/Data/CQTL/AI/freeze/AIsigFNF05variantIDs.txt
    output: /work/users/n/e/nekramer/Data/CQTL/AI/freeze/LD_buddies/chr17:64041782:C:T_FNF_0.8.ld
    log: logs/getLD_buddies_FNF_chr17:64041782:C:T.out
    jobid: 235
    wildcards: snp=chr17:64041782:C:T, condition=FNF

Submitted job 235 with external jobid '1541296'.

[Tue Feb 28 13:56:42 2023]
rule getLD_buddies:
    input: /work/users/n/e/nekramer/Data/CQTL/AI/freeze/AIsigFNF05variantIDs.txt
    output: /work/users/n/e/nekramer/Data/CQTL/AI/freeze/LD_buddies/chr21:28874919:A:G_FNF_0.8.ld
    log: logs/getLD_buddies_FNF_chr21:28874919:A:G.out
    jobid: 168
    wildcards: snp=chr21:28874919:A:G, condition=FNF

Submitted job 168 with external jobid '1541297'.

[Tue Feb 28 13:56:42 2023]
rule getLD_buddies:
    input: /work/users/n/e/nekramer/Data/CQTL/AI/freeze/AIsigFNF05variantIDs.txt
    output: /work/users/n/e/nekramer/Data/CQTL/AI/freeze/LD_buddies/chr5:150658652:G:C_FNF_0.8.ld
    log: logs/getLD_buddies_FNF_chr5:150658652:G:C.out
    jobid: 236
    wildcards: snp=chr5:150658652:G:C, condition=FNF

Submitted job 236 with external jobid '1541298'.

[Tue Feb 28 13:56:42 2023]
rule getLD_buddies:
    input: /work/users/n/e/nekramer/Data/CQTL/AI/freeze/AIsigFNF05variantIDs.txt
    output: /work/users/n/e/nekramer/Data/CQTL/AI/freeze/LD_buddies/chr11:204680:G:A_FNF_0.8.ld
    log: logs/getLD_buddies_FNF_chr11:204680:G:A.out
    jobid: 182
    wildcards: snp=chr11:204680:G:A, condition=FNF

Submitted job 182 with external jobid '1541299'.

[Tue Feb 28 13:56:43 2023]
rule getLD_buddies:
    input: /work/users/n/e/nekramer/Data/CQTL/AI/freeze/AIsigFNF05variantIDs.txt
    output: /work/users/n/e/nekramer/Data/CQTL/AI/freeze/LD_buddies/chr18:62154610:T:C_FNF_0.8.ld
    log: logs/getLD_buddies_FNF_chr18:62154610:T:C.out
    jobid: 134
    wildcards: snp=chr18:62154610:T:C, condition=FNF

Submitted job 134 with external jobid '1541300'.

[Tue Feb 28 13:56:43 2023]
rule getLD_buddies:
    input: /work/users/n/e/nekramer/Data/CQTL/AI/freeze/AIsigFNF05variantIDs.txt
    output: /work/users/n/e/nekramer/Data/CQTL/AI/freeze/LD_buddies/chr17:81701782:C:T_FNF_0.8.ld
    log: logs/getLD_buddies_FNF_chr17:81701782:C:T.out
    jobid: 133
    wildcards: snp=chr17:81701782:C:T, condition=FNF

Submitted job 133 with external jobid '1541301'.

[Tue Feb 28 13:56:43 2023]
rule getLD_buddies:
    input: /work/users/n/e/nekramer/Data/CQTL/AI/freeze/AIsigFNF05variantIDs.txt
    output: /work/users/n/e/nekramer/Data/CQTL/AI/freeze/LD_buddies/chr17:5533965:G:A_FNF_0.8.ld
    log: logs/getLD_buddies_FNF_chr17:5533965:G:A.out
    jobid: 159
    wildcards: snp=chr17:5533965:G:A, condition=FNF

Submitted job 159 with external jobid '1541302'.

[Tue Feb 28 13:56:43 2023]
rule getLD_buddies:
    input: /work/users/n/e/nekramer/Data/CQTL/AI/freeze/AIsigFNF05variantIDs.txt
    output: /work/users/n/e/nekramer/Data/CQTL/AI/freeze/LD_buddies/chr22:36288285:C:T_FNF_0.8.ld
    log: logs/getLD_buddies_FNF_chr22:36288285:C:T.out
    jobid: 184
    wildcards: snp=chr22:36288285:C:T, condition=FNF

Submitted job 184 with external jobid '1541303'.

[Tue Feb 28 13:56:43 2023]
rule getLD_buddies:
    input: /work/users/n/e/nekramer/Data/CQTL/AI/freeze/AIsigFNF05variantIDs.txt
    output: /work/users/n/e/nekramer/Data/CQTL/AI/freeze/LD_buddies/chr4:39214620:G:A_FNF_0.8.ld
    log: logs/getLD_buddies_FNF_chr4:39214620:G:A.out
    jobid: 124
    wildcards: snp=chr4:39214620:G:A, condition=FNF

Submitted job 124 with external jobid '1541304'.

[Tue Feb 28 13:56:44 2023]
rule getLD_buddies:
    input: /work/users/n/e/nekramer/Data/CQTL/AI/freeze/AIsigFNF05variantIDs.txt
    output: /work/users/n/e/nekramer/Data/CQTL/AI/freeze/LD_buddies/chr8:22613634:G:T_FNF_0.8.ld
    log: logs/getLD_buddies_FNF_chr8:22613634:G:T.out
    jobid: 191
    wildcards: snp=chr8:22613634:G:T, condition=FNF

Submitted job 191 with external jobid '1541305'.

[Tue Feb 28 13:56:44 2023]
rule getLD_buddies:
    input: /work/users/n/e/nekramer/Data/CQTL/AI/freeze/AIsigFNF05variantIDs.txt
    output: /work/users/n/e/nekramer/Data/CQTL/AI/freeze/LD_buddies/chr2:32441343:T:C_FNF_0.8.ld
    log: logs/getLD_buddies_FNF_chr2:32441343:T:C.out
    jobid: 213
    wildcards: snp=chr2:32441343:T:C, condition=FNF

Submitted job 213 with external jobid '1541306'.

[Tue Feb 28 13:56:44 2023]
rule getLD_buddies:
    input: /work/users/n/e/nekramer/Data/CQTL/AI/freeze/AIsigFNF05variantIDs.txt
    output: /work/users/n/e/nekramer/Data/CQTL/AI/freeze/LD_buddies/chr15:82151483:C:T_FNF_0.8.ld
    log: logs/getLD_buddies_FNF_chr15:82151483:C:T.out
    jobid: 190
    wildcards: snp=chr15:82151483:C:T, condition=FNF

Submitted job 190 with external jobid '1541307'.

[Tue Feb 28 13:56:44 2023]
rule getLD_buddies:
    input: /work/users/n/e/nekramer/Data/CQTL/AI/freeze/AIsigFNF05variantIDs.txt
    output: /work/users/n/e/nekramer/Data/CQTL/AI/freeze/LD_buddies/chr1:21247362:G:A_FNF_0.8.ld
    log: logs/getLD_buddies_FNF_chr1:21247362:G:A.out
    jobid: 225
    wildcards: snp=chr1:21247362:G:A, condition=FNF

Submitted job 225 with external jobid '1541308'.

[Tue Feb 28 13:56:44 2023]
rule getLD_buddies:
    input: /work/users/n/e/nekramer/Data/CQTL/AI/freeze/AIsigFNF05variantIDs.txt
    output: /work/users/n/e/nekramer/Data/CQTL/AI/freeze/LD_buddies/chr17:67340357:C:T_FNF_0.8.ld
    log: logs/getLD_buddies_FNF_chr17:67340357:C:T.out
    jobid: 208
    wildcards: snp=chr17:67340357:C:T, condition=FNF

Submitted job 208 with external jobid '1541309'.

[Tue Feb 28 13:56:45 2023]
rule getLD_buddies:
    input: /work/users/n/e/nekramer/Data/CQTL/AI/freeze/AIsigFNF05variantIDs.txt
    output: /work/users/n/e/nekramer/Data/CQTL/AI/freeze/LD_buddies/chr1:196741787:A:G_FNF_0.8.ld
    log: logs/getLD_buddies_FNF_chr1:196741787:A:G.out
    jobid: 179
    wildcards: snp=chr1:196741787:A:G, condition=FNF

Submitted job 179 with external jobid '1541310'.

[Tue Feb 28 13:56:45 2023]
rule getLD_buddies:
    input: /work/users/n/e/nekramer/Data/CQTL/AI/freeze/AIsigFNF05variantIDs.txt
    output: /work/users/n/e/nekramer/Data/CQTL/AI/freeze/LD_buddies/chr3:56615254:C:T_FNF_0.8.ld
    log: logs/getLD_buddies_FNF_chr3:56615254:C:T.out
    jobid: 156
    wildcards: snp=chr3:56615254:C:T, condition=FNF

Submitted job 156 with external jobid '1541311'.

[Tue Feb 28 13:56:46 2023]
rule getLD_buddies:
    input: /work/users/n/e/nekramer/Data/CQTL/AI/freeze/AIsigFNF05variantIDs.txt
    output: /work/users/n/e/nekramer/Data/CQTL/AI/freeze/LD_buddies/chr5:31515550:G:A_FNF_0.8.ld
    log: logs/getLD_buddies_FNF_chr5:31515550:G:A.out
    jobid: 185
    wildcards: snp=chr5:31515550:G:A, condition=FNF

Submitted job 185 with external jobid '1541312'.

[Tue Feb 28 13:56:46 2023]
rule getLD_buddies:
    input: /work/users/n/e/nekramer/Data/CQTL/AI/freeze/AIsigFNF05variantIDs.txt
    output: /work/users/n/e/nekramer/Data/CQTL/AI/freeze/LD_buddies/chr1:175157820:C:G_FNF_0.8.ld
    log: logs/getLD_buddies_FNF_chr1:175157820:C:G.out
    jobid: 163
    wildcards: snp=chr1:175157820:C:G, condition=FNF

Submitted job 163 with external jobid '1541313'.

[Tue Feb 28 13:56:46 2023]
rule getLD_buddies:
    input: /work/users/n/e/nekramer/Data/CQTL/AI/freeze/AIsigFNF05variantIDs.txt
    output: /work/users/n/e/nekramer/Data/CQTL/AI/freeze/LD_buddies/chr12:21469993:T:C_FNF_0.8.ld
    log: logs/getLD_buddies_FNF_chr12:21469993:T:C.out
    jobid: 187
    wildcards: snp=chr12:21469993:T:C, condition=FNF

Submitted job 187 with external jobid '1541314'.

[Tue Feb 28 13:56:46 2023]
rule getLD_buddies:
    input: /work/users/n/e/nekramer/Data/CQTL/AI/freeze/AIsigFNF05variantIDs.txt
    output: /work/users/n/e/nekramer/Data/CQTL/AI/freeze/LD_buddies/chr1:230678922:A:G_FNF_0.8.ld
    log: logs/getLD_buddies_FNF_chr1:230678922:A:G.out
    jobid: 192
    wildcards: snp=chr1:230678922:A:G, condition=FNF

Submitted job 192 with external jobid '1541315'.

[Tue Feb 28 13:56:47 2023]
rule getLD_buddies:
    input: /work/users/n/e/nekramer/Data/CQTL/AI/freeze/AIsigFNF05variantIDs.txt
    output: /work/users/n/e/nekramer/Data/CQTL/AI/freeze/LD_buddies/chr12:121778986:A:G_FNF_0.8.ld
    log: logs/getLD_buddies_FNF_chr12:121778986:A:G.out
    jobid: 146
    wildcards: snp=chr12:121778986:A:G, condition=FNF

Submitted job 146 with external jobid '1541318'.

[Tue Feb 28 13:56:47 2023]
rule getLD_buddies:
    input: /work/users/n/e/nekramer/Data/CQTL/AI/freeze/AIsigFNF05variantIDs.txt
    output: /work/users/n/e/nekramer/Data/CQTL/AI/freeze/LD_buddies/chr1:225844317:G:A_FNF_0.8.ld
    log: logs/getLD_buddies_FNF_chr1:225844317:G:A.out
    jobid: 176
    wildcards: snp=chr1:225844317:G:A, condition=FNF

Submitted job 176 with external jobid '1541338'.

[Tue Feb 28 13:56:47 2023]
rule getLD_buddies:
    input: /work/users/n/e/nekramer/Data/CQTL/AI/freeze/AIsigFNF05variantIDs.txt
    output: /work/users/n/e/nekramer/Data/CQTL/AI/freeze/LD_buddies/chr21:41279568:G:A_FNF_0.8.ld
    log: logs/getLD_buddies_FNF_chr21:41279568:G:A.out
    jobid: 137
    wildcards: snp=chr21:41279568:G:A, condition=FNF

Submitted job 137 with external jobid '1541350'.

[Tue Feb 28 13:56:47 2023]
rule getLD_buddies:
    input: /work/users/n/e/nekramer/Data/CQTL/AI/freeze/AIsigFNF05variantIDs.txt
    output: /work/users/n/e/nekramer/Data/CQTL/AI/freeze/LD_buddies/chr1:86382272:G:A_FNF_0.8.ld
    log: logs/getLD_buddies_FNF_chr1:86382272:G:A.out
    jobid: 207
    wildcards: snp=chr1:86382272:G:A, condition=FNF

Submitted job 207 with external jobid '1541360'.

[Tue Feb 28 13:56:47 2023]
rule getLD_buddies:
    input: /work/users/n/e/nekramer/Data/CQTL/AI/freeze/AIsigFNF05variantIDs.txt
    output: /work/users/n/e/nekramer/Data/CQTL/AI/freeze/LD_buddies/chr7:94398387:T:C_FNF_0.8.ld
    log: logs/getLD_buddies_FNF_chr7:94398387:T:C.out
    jobid: 172
    wildcards: snp=chr7:94398387:T:C, condition=FNF

Submitted job 172 with external jobid '1541372'.

[Tue Feb 28 13:56:48 2023]
rule getLD_buddies:
    input: /work/users/n/e/nekramer/Data/CQTL/AI/freeze/AIsigFNF05variantIDs.txt
    output: /work/users/n/e/nekramer/Data/CQTL/AI/freeze/LD_buddies/chr1:108937337:G:A_FNF_0.8.ld
    log: logs/getLD_buddies_FNF_chr1:108937337:G:A.out
    jobid: 238
    wildcards: snp=chr1:108937337:G:A, condition=FNF

Submitted job 238 with external jobid '1541411'.

[Tue Feb 28 13:56:48 2023]
rule getLD_buddies:
    input: /work/users/n/e/nekramer/Data/CQTL/AI/freeze/AIsigFNF05variantIDs.txt
    output: /work/users/n/e/nekramer/Data/CQTL/AI/freeze/LD_buddies/chr18:13095592:G:A_FNF_0.8.ld
    log: logs/getLD_buddies_FNF_chr18:13095592:G:A.out
    jobid: 173
    wildcards: snp=chr18:13095592:G:A, condition=FNF

Submitted job 173 with external jobid '1541412'.

[Tue Feb 28 13:56:48 2023]
rule getLD_buddies:
    input: /work/users/n/e/nekramer/Data/CQTL/AI/freeze/AIsigFNF05variantIDs.txt
    output: /work/users/n/e/nekramer/Data/CQTL/AI/freeze/LD_buddies/chr1:59321678:T:G_FNF_0.8.ld
    log: logs/getLD_buddies_FNF_chr1:59321678:T:G.out
    jobid: 199
    wildcards: snp=chr1:59321678:T:G, condition=FNF

Submitted job 199 with external jobid '1541413'.

[Tue Feb 28 13:56:48 2023]
rule getLD_buddies:
    input: /work/users/n/e/nekramer/Data/CQTL/AI/freeze/AIsigFNF05variantIDs.txt
    output: /work/users/n/e/nekramer/Data/CQTL/AI/freeze/LD_buddies/chr14:51256361:A:C_FNF_0.8.ld
    log: logs/getLD_buddies_FNF_chr14:51256361:A:C.out
    jobid: 129
    wildcards: snp=chr14:51256361:A:C, condition=FNF

Submitted job 129 with external jobid '1541414'.

[Tue Feb 28 13:56:48 2023]
rule getLD_buddies:
    input: /work/users/n/e/nekramer/Data/CQTL/AI/freeze/AIsigFNF05variantIDs.txt
    output: /work/users/n/e/nekramer/Data/CQTL/AI/freeze/LD_buddies/chr1:119032547:C:A_FNF_0.8.ld
    log: logs/getLD_buddies_FNF_chr1:119032547:C:A.out
    jobid: 143
    wildcards: snp=chr1:119032547:C:A, condition=FNF

Submitted job 143 with external jobid '1541415'.

[Tue Feb 28 13:56:49 2023]
rule getLD_buddies:
    input: /work/users/n/e/nekramer/Data/CQTL/AI/freeze/AIsigFNF05variantIDs.txt
    output: /work/users/n/e/nekramer/Data/CQTL/AI/freeze/LD_buddies/chr21:39342936:C:T_FNF_0.8.ld
    log: logs/getLD_buddies_FNF_chr21:39342936:C:T.out
    jobid: 131
    wildcards: snp=chr21:39342936:C:T, condition=FNF

Submitted job 131 with external jobid '1541416'.

[Tue Feb 28 13:56:49 2023]
rule getLD_buddies:
    input: /work/users/n/e/nekramer/Data/CQTL/AI/freeze/AIsigFNF05variantIDs.txt
    output: /work/users/n/e/nekramer/Data/CQTL/AI/freeze/LD_buddies/chr2:48599465:C:A_FNF_0.8.ld
    log: logs/getLD_buddies_FNF_chr2:48599465:C:A.out
    jobid: 123
    wildcards: snp=chr2:48599465:C:A, condition=FNF

Submitted job 123 with external jobid '1541418'.

[Tue Feb 28 13:56:50 2023]
rule getLD_buddies:
    input: /work/users/n/e/nekramer/Data/CQTL/AI/freeze/AIsigFNF05variantIDs.txt
    output: /work/users/n/e/nekramer/Data/CQTL/AI/freeze/LD_buddies/chr7:66152686:G:A_FNF_0.8.ld
    log: logs/getLD_buddies_FNF_chr7:66152686:G:A.out
    jobid: 233
    wildcards: snp=chr7:66152686:G:A, condition=FNF

Submitted job 233 with external jobid '1541419'.

[Tue Feb 28 13:56:50 2023]
rule getLD_buddies:
    input: /work/users/n/e/nekramer/Data/CQTL/AI/freeze/AIsigFNF05variantIDs.txt
    output: /work/users/n/e/nekramer/Data/CQTL/AI/freeze/LD_buddies/chr1:58655671:T:A_FNF_0.8.ld
    log: logs/getLD_buddies_FNF_chr1:58655671:T:A.out
    jobid: 209
    wildcards: snp=chr1:58655671:T:A, condition=FNF

Submitted job 209 with external jobid '1541420'.

[Tue Feb 28 13:56:50 2023]
rule getLD_buddies:
    input: /work/users/n/e/nekramer/Data/CQTL/AI/freeze/AIsigFNF05variantIDs.txt
    output: /work/users/n/e/nekramer/Data/CQTL/AI/freeze/LD_buddies/chr17:30783634:G:A_FNF_0.8.ld
    log: logs/getLD_buddies_FNF_chr17:30783634:G:A.out
    jobid: 216
    wildcards: snp=chr17:30783634:G:A, condition=FNF

Submitted job 216 with external jobid '1541421'.

[Tue Feb 28 13:56:50 2023]
rule getLD_buddies:
    input: /work/users/n/e/nekramer/Data/CQTL/AI/freeze/AIsigFNF05variantIDs.txt
    output: /work/users/n/e/nekramer/Data/CQTL/AI/freeze/LD_buddies/chr3:179399804:T:A_FNF_0.8.ld
    log: logs/getLD_buddies_FNF_chr3:179399804:T:A.out
    jobid: 121
    wildcards: snp=chr3:179399804:T:A, condition=FNF

Submitted job 121 with external jobid '1541422'.

[Tue Feb 28 13:56:51 2023]
rule getLD_buddies:
    input: /work/users/n/e/nekramer/Data/CQTL/AI/freeze/AIsigFNF05variantIDs.txt
    output: /work/users/n/e/nekramer/Data/CQTL/AI/freeze/LD_buddies/chr7:33006506:G:T_FNF_0.8.ld
    log: logs/getLD_buddies_FNF_chr7:33006506:G:T.out
    jobid: 204
    wildcards: snp=chr7:33006506:G:T, condition=FNF

Submitted job 204 with external jobid '1541423'.

[Tue Feb 28 13:56:51 2023]
rule getLD_buddies:
    input: /work/users/n/e/nekramer/Data/CQTL/AI/freeze/AIsigFNF05variantIDs.txt
    output: /work/users/n/e/nekramer/Data/CQTL/AI/freeze/LD_buddies/chr3:136001831:T:C_FNF_0.8.ld
    log: logs/getLD_buddies_FNF_chr3:136001831:T:C.out
    jobid: 228
    wildcards: snp=chr3:136001831:T:C, condition=FNF

Submitted job 228 with external jobid '1541424'.

[Tue Feb 28 13:56:51 2023]
rule getLD_buddies:
    input: /work/users/n/e/nekramer/Data/CQTL/AI/freeze/AIsigFNF05variantIDs.txt
    output: /work/users/n/e/nekramer/Data/CQTL/AI/freeze/LD_buddies/chr15:65443863:T:C_FNF_0.8.ld
    log: logs/getLD_buddies_FNF_chr15:65443863:T:C.out
    jobid: 230
    wildcards: snp=chr15:65443863:T:C, condition=FNF

Submitted job 230 with external jobid '1541425'.

[Tue Feb 28 13:56:51 2023]
rule getLD_buddies:
    input: /work/users/n/e/nekramer/Data/CQTL/AI/freeze/AIsigFNF05variantIDs.txt
    output: /work/users/n/e/nekramer/Data/CQTL/AI/freeze/LD_buddies/chr1:10307512:G:A_FNF_0.8.ld
    log: logs/getLD_buddies_FNF_chr1:10307512:G:A.out
    jobid: 127
    wildcards: snp=chr1:10307512:G:A, condition=FNF

Submitted job 127 with external jobid '1541426'.

[Tue Feb 28 13:56:51 2023]
rule getLD_buddies:
    input: /work/users/n/e/nekramer/Data/CQTL/AI/freeze/AIsigFNF05variantIDs.txt
    output: /work/users/n/e/nekramer/Data/CQTL/AI/freeze/LD_buddies/chr11:6681188:T:G_FNF_0.8.ld
    log: logs/getLD_buddies_FNF_chr11:6681188:T:G.out
    jobid: 142
    wildcards: snp=chr11:6681188:T:G, condition=FNF

Submitted job 142 with external jobid '1541427'.

[Tue Feb 28 13:56:52 2023]
rule getLD_buddies:
    input: /work/users/n/e/nekramer/Data/CQTL/AI/freeze/AIsigFNF05variantIDs.txt
    output: /work/users/n/e/nekramer/Data/CQTL/AI/freeze/LD_buddies/chr19:52384174:A:C_FNF_0.8.ld
    log: logs/getLD_buddies_FNF_chr19:52384174:A:C.out
    jobid: 118
    wildcards: snp=chr19:52384174:A:C, condition=FNF

Submitted job 118 with external jobid '1541428'.

[Tue Feb 28 13:56:52 2023]
rule getLD_buddies:
    input: /work/users/n/e/nekramer/Data/CQTL/AI/freeze/AIsigFNF05variantIDs.txt
    output: /work/users/n/e/nekramer/Data/CQTL/AI/freeze/LD_buddies/chr17:48048796:G:A_FNF_0.8.ld
    log: logs/getLD_buddies_FNF_chr17:48048796:G:A.out
    jobid: 166
    wildcards: snp=chr17:48048796:G:A, condition=FNF

Submitted job 166 with external jobid '1541429'.

[Tue Feb 28 13:56:52 2023]
rule getLD_buddies:
    input: /work/users/n/e/nekramer/Data/CQTL/AI/freeze/AIsigFNF05variantIDs.txt
    output: /work/users/n/e/nekramer/Data/CQTL/AI/freeze/LD_buddies/chr2:238447385:C:T_FNF_0.8.ld
    log: logs/getLD_buddies_FNF_chr2:238447385:C:T.out
    jobid: 128
    wildcards: snp=chr2:238447385:C:T, condition=FNF

Submitted job 128 with external jobid '1541430'.

[Tue Feb 28 13:56:52 2023]
rule getLD_buddies:
    input: /work/users/n/e/nekramer/Data/CQTL/AI/freeze/AIsigFNF05variantIDs.txt
    output: /work/users/n/e/nekramer/Data/CQTL/AI/freeze/LD_buddies/chr12:130821733:T:C_FNF_0.8.ld
    log: logs/getLD_buddies_FNF_chr12:130821733:T:C.out
    jobid: 183
    wildcards: snp=chr12:130821733:T:C, condition=FNF

Submitted job 183 with external jobid '1541431'.

[Tue Feb 28 13:56:52 2023]
rule getLD_buddies:
    input: /work/users/n/e/nekramer/Data/CQTL/AI/freeze/AIsigFNF05variantIDs.txt
    output: /work/users/n/e/nekramer/Data/CQTL/AI/freeze/LD_buddies/chr10:70871869:C:T_FNF_0.8.ld
    log: logs/getLD_buddies_FNF_chr10:70871869:C:T.out
    jobid: 221
    wildcards: snp=chr10:70871869:C:T, condition=FNF

Submitted job 221 with external jobid '1541432'.

[Tue Feb 28 13:56:53 2023]
rule getLD_buddies:
    input: /work/users/n/e/nekramer/Data/CQTL/AI/freeze/AIsigFNF05variantIDs.txt
    output: /work/users/n/e/nekramer/Data/CQTL/AI/freeze/LD_buddies/chr1:46361813:C:T_FNF_0.8.ld
    log: logs/getLD_buddies_FNF_chr1:46361813:C:T.out
    jobid: 130
    wildcards: snp=chr1:46361813:C:T, condition=FNF

Submitted job 130 with external jobid '1541433'.

[Tue Feb 28 13:56:53 2023]
rule getLD_buddies:
    input: /work/users/n/e/nekramer/Data/CQTL/AI/freeze/AIsigFNF05variantIDs.txt
    output: /work/users/n/e/nekramer/Data/CQTL/AI/freeze/LD_buddies/chr6:3018500:A:C_FNF_0.8.ld
    log: logs/getLD_buddies_FNF_chr6:3018500:A:C.out
    jobid: 117
    wildcards: snp=chr6:3018500:A:C, condition=FNF

Submitted job 117 with external jobid '1541434'.

[Tue Feb 28 13:56:53 2023]
rule getLD_buddies:
    input: /work/users/n/e/nekramer/Data/CQTL/AI/freeze/AIsigFNF05variantIDs.txt
    output: /work/users/n/e/nekramer/Data/CQTL/AI/freeze/LD_buddies/chr12:96267572:C:T_FNF_0.8.ld
    log: logs/getLD_buddies_FNF_chr12:96267572:C:T.out
    jobid: 144
    wildcards: snp=chr12:96267572:C:T, condition=FNF

Submitted job 144 with external jobid '1541435'.

[Tue Feb 28 13:56:53 2023]
rule getLD_buddies:
    input: /work/users/n/e/nekramer/Data/CQTL/AI/freeze/AIsigFNF05variantIDs.txt
    output: /work/users/n/e/nekramer/Data/CQTL/AI/freeze/LD_buddies/chr12:132841483:C:T_FNF_0.8.ld
    log: logs/getLD_buddies_FNF_chr12:132841483:C:T.out
    jobid: 210
    wildcards: snp=chr12:132841483:C:T, condition=FNF

Submitted job 210 with external jobid '1541436'.

[Tue Feb 28 13:56:53 2023]
rule getLD_buddies:
    input: /work/users/n/e/nekramer/Data/CQTL/AI/freeze/AIsigFNF05variantIDs.txt
    output: /work/users/n/e/nekramer/Data/CQTL/AI/freeze/LD_buddies/chr5:78885754:T:C_FNF_0.8.ld
    log: logs/getLD_buddies_FNF_chr5:78885754:T:C.out
    jobid: 120
    wildcards: snp=chr5:78885754:T:C, condition=FNF

Submitted job 120 with external jobid '1541437'.

[Tue Feb 28 13:56:54 2023]
rule getLD_buddies:
    input: /work/users/n/e/nekramer/Data/CQTL/AI/freeze/AIsigFNF05variantIDs.txt
    output: /work/users/n/e/nekramer/Data/CQTL/AI/freeze/LD_buddies/chr10:70115028:C:T_FNF_0.8.ld
    log: logs/getLD_buddies_FNF_chr10:70115028:C:T.out
    jobid: 150
    wildcards: snp=chr10:70115028:C:T, condition=FNF

Submitted job 150 with external jobid '1541438'.
