Building DAG of jobs...
Using shell: /usr/bin/bash
Provided cluster nodes: 100
Job counts:
	count	jobs
	1	all
	1	combineASEP
	22	runASEP
	24

[Sun Jan  8 21:44:54 2023]
rule runASEP:
    input: ../processing/output/AI/chr18_ASEPfinal.txt
    output: data/chr18_ASEP.rda
    log: logs/runASEP_chr18.out
    jobid: 19
    wildcards: chrom=18
    threads: 8

Submitted job 19 with external jobid '63721877'.

[Sun Jan  8 21:44:54 2023]
rule runASEP:
    input: ../processing/output/AI/chr2_ASEPfinal.txt
    output: data/chr2_ASEP.rda
    log: logs/runASEP_chr2.out
    jobid: 3
    wildcards: chrom=2
    threads: 8

Submitted job 3 with external jobid '63721878'.

[Sun Jan  8 21:44:54 2023]
rule runASEP:
    input: ../processing/output/AI/chr3_ASEPfinal.txt
    output: data/chr3_ASEP.rda
    log: logs/runASEP_chr3.out
    jobid: 4
    wildcards: chrom=3
    threads: 8

Submitted job 4 with external jobid '63721879'.

[Sun Jan  8 21:44:54 2023]
rule runASEP:
    input: ../processing/output/AI/chr1_ASEPfinal.txt
    output: data/chr1_ASEP.rda
    log: logs/runASEP_chr1.out
    jobid: 2
    wildcards: chrom=1
    threads: 8

Submitted job 2 with external jobid '63721880'.

[Sun Jan  8 21:44:54 2023]
rule runASEP:
    input: ../processing/output/AI/chr8_ASEPfinal.txt
    output: data/chr8_ASEP.rda
    log: logs/runASEP_chr8.out
    jobid: 9
    wildcards: chrom=8
    threads: 8

Submitted job 9 with external jobid '63721881'.

[Sun Jan  8 21:44:55 2023]
rule runASEP:
    input: ../processing/output/AI/chr14_ASEPfinal.txt
    output: data/chr14_ASEP.rda
    log: logs/runASEP_chr14.out
    jobid: 15
    wildcards: chrom=14
    threads: 8

Submitted job 15 with external jobid '63721882'.

[Sun Jan  8 21:44:55 2023]
rule runASEP:
    input: ../processing/output/AI/chr4_ASEPfinal.txt
    output: data/chr4_ASEP.rda
    log: logs/runASEP_chr4.out
    jobid: 5
    wildcards: chrom=4
    threads: 8

Submitted job 5 with external jobid '63721883'.

[Sun Jan  8 21:44:55 2023]
rule runASEP:
    input: ../processing/output/AI/chr11_ASEPfinal.txt
    output: data/chr11_ASEP.rda
    log: logs/runASEP_chr11.out
    jobid: 12
    wildcards: chrom=11
    threads: 8

Submitted job 12 with external jobid '63721884'.

[Sun Jan  8 21:44:55 2023]
rule runASEP:
    input: ../processing/output/AI/chr5_ASEPfinal.txt
    output: data/chr5_ASEP.rda
    log: logs/runASEP_chr5.out
    jobid: 6
    wildcards: chrom=5
    threads: 8

Submitted job 6 with external jobid '63721885'.

[Sun Jan  8 21:44:55 2023]
rule runASEP:
    input: ../processing/output/AI/chr21_ASEPfinal.txt
    output: data/chr21_ASEP.rda
    log: logs/runASEP_chr21.out
    jobid: 22
    wildcards: chrom=21
    threads: 8

Submitted job 22 with external jobid '63721886'.

[Sun Jan  8 21:44:56 2023]
rule runASEP:
    input: ../processing/output/AI/chr13_ASEPfinal.txt
    output: data/chr13_ASEP.rda
    log: logs/runASEP_chr13.out
    jobid: 14
    wildcards: chrom=13
    threads: 8

Submitted job 14 with external jobid '63721889'.

[Sun Jan  8 21:44:56 2023]
rule runASEP:
    input: ../processing/output/AI/chr7_ASEPfinal.txt
    output: data/chr7_ASEP.rda
    log: logs/runASEP_chr7.out
    jobid: 8
    wildcards: chrom=7
    threads: 8

Submitted job 8 with external jobid '63721890'.

[Sun Jan  8 21:44:56 2023]
rule runASEP:
    input: ../processing/output/AI/chr9_ASEPfinal.txt
    output: data/chr9_ASEP.rda
    log: logs/runASEP_chr9.out
    jobid: 10
    wildcards: chrom=9
    threads: 8

Submitted job 10 with external jobid '63721891'.

[Sun Jan  8 21:44:56 2023]
rule runASEP:
    input: ../processing/output/AI/chr16_ASEPfinal.txt
    output: data/chr16_ASEP.rda
    log: logs/runASEP_chr16.out
    jobid: 17
    wildcards: chrom=16
    threads: 8

Submitted job 17 with external jobid '63721892'.

[Sun Jan  8 21:44:56 2023]
rule runASEP:
    input: ../processing/output/AI/chr6_ASEPfinal.txt
    output: data/chr6_ASEP.rda
    log: logs/runASEP_chr6.out
    jobid: 7
    wildcards: chrom=6
    threads: 8

Submitted job 7 with external jobid '63721893'.

[Sun Jan  8 21:44:57 2023]
rule runASEP:
    input: ../processing/output/AI/chr15_ASEPfinal.txt
    output: data/chr15_ASEP.rda
    log: logs/runASEP_chr15.out
    jobid: 16
    wildcards: chrom=15
    threads: 8

Submitted job 16 with external jobid '63721894'.

[Sun Jan  8 21:44:57 2023]
rule runASEP:
    input: ../processing/output/AI/chr12_ASEPfinal.txt
    output: data/chr12_ASEP.rda
    log: logs/runASEP_chr12.out
    jobid: 13
    wildcards: chrom=12
    threads: 8

Submitted job 13 with external jobid '63721895'.

[Sun Jan  8 21:44:57 2023]
rule runASEP:
    input: ../processing/output/AI/chr22_ASEPfinal.txt
    output: data/chr22_ASEP.rda
    log: logs/runASEP_chr22.out
    jobid: 23
    wildcards: chrom=22
    threads: 8

Submitted job 23 with external jobid '63721896'.

[Sun Jan  8 21:44:57 2023]
rule runASEP:
    input: ../processing/output/AI/chr19_ASEPfinal.txt
    output: data/chr19_ASEP.rda
    log: logs/runASEP_chr19.out
    jobid: 20
    wildcards: chrom=19
    threads: 8

Submitted job 20 with external jobid '63721897'.

[Sun Jan  8 21:44:57 2023]
rule runASEP:
    input: ../processing/output/AI/chr20_ASEPfinal.txt
    output: data/chr20_ASEP.rda
    log: logs/runASEP_chr20.out
    jobid: 21
    wildcards: chrom=20
    threads: 8

Submitted job 21 with external jobid '63721898'.

[Sun Jan  8 21:44:58 2023]
rule runASEP:
    input: ../processing/output/AI/chr10_ASEPfinal.txt
    output: data/chr10_ASEP.rda
    log: logs/runASEP_chr10.out
    jobid: 11
    wildcards: chrom=10
    threads: 8

Submitted job 11 with external jobid '63721900'.

[Sun Jan  8 21:44:58 2023]
rule runASEP:
    input: ../processing/output/AI/chr17_ASEPfinal.txt
    output: data/chr17_ASEP.rda
    log: logs/runASEP_chr17.out
    jobid: 18
    wildcards: chrom=17
    threads: 8

Submitted job 18 with external jobid '63721902'.
[Sun Jan  8 21:45:04 2023]
Error in rule runASEP:
    jobid: 19
    output: data/chr18_ASEP.rda
    log: logs/runASEP_chr18.out (check log file(s) for error message)
    shell:
        
        module load r/4.1.3
        Rscript scripts/runASEP.R ../processing/output/AI/chr18_ASEPfinal.txt 18 1> logs/runASEP_chr18.out
        
        (one of the commands exited with non-zero exit code; note that snakemake uses bash strict mode!)
    cluster_jobid: 63721877

Error executing rule runASEP on cluster (jobid: 19, external: 63721877, jobscript: /pine/scr/n/e/nekramer/CQTL_GIT/CQTL/AllelicImbalance/AIanalysis/.snakemake/tmp.hpg9077e/snakejob.runASEP.19.sh). For error details see the cluster log and the log files of the involved rule(s).
[Sun Jan  8 21:45:04 2023]
Error in rule runASEP:
    jobid: 3
    output: data/chr2_ASEP.rda
    log: logs/runASEP_chr2.out (check log file(s) for error message)
    shell:
        
        module load r/4.1.3
        Rscript scripts/runASEP.R ../processing/output/AI/chr2_ASEPfinal.txt 2 1> logs/runASEP_chr2.out
        
        (one of the commands exited with non-zero exit code; note that snakemake uses bash strict mode!)
    cluster_jobid: 63721878

Error executing rule runASEP on cluster (jobid: 3, external: 63721878, jobscript: /pine/scr/n/e/nekramer/CQTL_GIT/CQTL/AllelicImbalance/AIanalysis/.snakemake/tmp.hpg9077e/snakejob.runASEP.3.sh). For error details see the cluster log and the log files of the involved rule(s).
[Sun Jan  8 21:45:05 2023]
Error in rule runASEP:
    jobid: 4
    output: data/chr3_ASEP.rda
    log: logs/runASEP_chr3.out (check log file(s) for error message)
    shell:
        
        module load r/4.1.3
        Rscript scripts/runASEP.R ../processing/output/AI/chr3_ASEPfinal.txt 3 1> logs/runASEP_chr3.out
        
        (one of the commands exited with non-zero exit code; note that snakemake uses bash strict mode!)
    cluster_jobid: 63721879

Error executing rule runASEP on cluster (jobid: 4, external: 63721879, jobscript: /pine/scr/n/e/nekramer/CQTL_GIT/CQTL/AllelicImbalance/AIanalysis/.snakemake/tmp.hpg9077e/snakejob.runASEP.4.sh). For error details see the cluster log and the log files of the involved rule(s).
[Sun Jan  8 21:45:05 2023]
Error in rule runASEP:
    jobid: 2
    output: data/chr1_ASEP.rda
    log: logs/runASEP_chr1.out (check log file(s) for error message)
    shell:
        
        module load r/4.1.3
        Rscript scripts/runASEP.R ../processing/output/AI/chr1_ASEPfinal.txt 1 1> logs/runASEP_chr1.out
        
        (one of the commands exited with non-zero exit code; note that snakemake uses bash strict mode!)
    cluster_jobid: 63721880

Error executing rule runASEP on cluster (jobid: 2, external: 63721880, jobscript: /pine/scr/n/e/nekramer/CQTL_GIT/CQTL/AllelicImbalance/AIanalysis/.snakemake/tmp.hpg9077e/snakejob.runASEP.2.sh). For error details see the cluster log and the log files of the involved rule(s).
[Sun Jan  8 21:45:05 2023]
Error in rule runASEP:
    jobid: 9
    output: data/chr8_ASEP.rda
    log: logs/runASEP_chr8.out (check log file(s) for error message)
    shell:
        
        module load r/4.1.3
        Rscript scripts/runASEP.R ../processing/output/AI/chr8_ASEPfinal.txt 8 1> logs/runASEP_chr8.out
        
        (one of the commands exited with non-zero exit code; note that snakemake uses bash strict mode!)
    cluster_jobid: 63721881

Error executing rule runASEP on cluster (jobid: 9, external: 63721881, jobscript: /pine/scr/n/e/nekramer/CQTL_GIT/CQTL/AllelicImbalance/AIanalysis/.snakemake/tmp.hpg9077e/snakejob.runASEP.9.sh). For error details see the cluster log and the log files of the involved rule(s).
[Sun Jan  8 21:45:05 2023]
Error in rule runASEP:
    jobid: 15
    output: data/chr14_ASEP.rda
    log: logs/runASEP_chr14.out (check log file(s) for error message)
    shell:
        
        module load r/4.1.3
        Rscript scripts/runASEP.R ../processing/output/AI/chr14_ASEPfinal.txt 14 1> logs/runASEP_chr14.out
        
        (one of the commands exited with non-zero exit code; note that snakemake uses bash strict mode!)
    cluster_jobid: 63721882

Error executing rule runASEP on cluster (jobid: 15, external: 63721882, jobscript: /pine/scr/n/e/nekramer/CQTL_GIT/CQTL/AllelicImbalance/AIanalysis/.snakemake/tmp.hpg9077e/snakejob.runASEP.15.sh). For error details see the cluster log and the log files of the involved rule(s).
[Sun Jan  8 21:45:05 2023]
Error in rule runASEP:
    jobid: 5
    output: data/chr4_ASEP.rda
    log: logs/runASEP_chr4.out (check log file(s) for error message)
    shell:
        
        module load r/4.1.3
        Rscript scripts/runASEP.R ../processing/output/AI/chr4_ASEPfinal.txt 4 1> logs/runASEP_chr4.out
        
        (one of the commands exited with non-zero exit code; note that snakemake uses bash strict mode!)
    cluster_jobid: 63721883

Error executing rule runASEP on cluster (jobid: 5, external: 63721883, jobscript: /pine/scr/n/e/nekramer/CQTL_GIT/CQTL/AllelicImbalance/AIanalysis/.snakemake/tmp.hpg9077e/snakejob.runASEP.5.sh). For error details see the cluster log and the log files of the involved rule(s).
[Sun Jan  8 21:45:06 2023]
Error in rule runASEP:
    jobid: 12
    output: data/chr11_ASEP.rda
    log: logs/runASEP_chr11.out (check log file(s) for error message)
    shell:
        
        module load r/4.1.3
        Rscript scripts/runASEP.R ../processing/output/AI/chr11_ASEPfinal.txt 11 1> logs/runASEP_chr11.out
        
        (one of the commands exited with non-zero exit code; note that snakemake uses bash strict mode!)
    cluster_jobid: 63721884

Error executing rule runASEP on cluster (jobid: 12, external: 63721884, jobscript: /pine/scr/n/e/nekramer/CQTL_GIT/CQTL/AllelicImbalance/AIanalysis/.snakemake/tmp.hpg9077e/snakejob.runASEP.12.sh). For error details see the cluster log and the log files of the involved rule(s).
[Sun Jan  8 21:45:06 2023]
Error in rule runASEP:
    jobid: 6
    output: data/chr5_ASEP.rda
    log: logs/runASEP_chr5.out (check log file(s) for error message)
    shell:
        
        module load r/4.1.3
        Rscript scripts/runASEP.R ../processing/output/AI/chr5_ASEPfinal.txt 5 1> logs/runASEP_chr5.out
        
        (one of the commands exited with non-zero exit code; note that snakemake uses bash strict mode!)
    cluster_jobid: 63721885

Error executing rule runASEP on cluster (jobid: 6, external: 63721885, jobscript: /pine/scr/n/e/nekramer/CQTL_GIT/CQTL/AllelicImbalance/AIanalysis/.snakemake/tmp.hpg9077e/snakejob.runASEP.6.sh). For error details see the cluster log and the log files of the involved rule(s).
[Sun Jan  8 21:45:06 2023]
Error in rule runASEP:
    jobid: 22
    output: data/chr21_ASEP.rda
    log: logs/runASEP_chr21.out (check log file(s) for error message)
    shell:
        
        module load r/4.1.3
        Rscript scripts/runASEP.R ../processing/output/AI/chr21_ASEPfinal.txt 21 1> logs/runASEP_chr21.out
        
        (one of the commands exited with non-zero exit code; note that snakemake uses bash strict mode!)
    cluster_jobid: 63721886

Error executing rule runASEP on cluster (jobid: 22, external: 63721886, jobscript: /pine/scr/n/e/nekramer/CQTL_GIT/CQTL/AllelicImbalance/AIanalysis/.snakemake/tmp.hpg9077e/snakejob.runASEP.22.sh). For error details see the cluster log and the log files of the involved rule(s).
[Sun Jan  8 21:45:06 2023]
Error in rule runASEP:
    jobid: 14
    output: data/chr13_ASEP.rda
    log: logs/runASEP_chr13.out (check log file(s) for error message)
    shell:
        
        module load r/4.1.3
        Rscript scripts/runASEP.R ../processing/output/AI/chr13_ASEPfinal.txt 13 1> logs/runASEP_chr13.out
        
        (one of the commands exited with non-zero exit code; note that snakemake uses bash strict mode!)
    cluster_jobid: 63721889

Error executing rule runASEP on cluster (jobid: 14, external: 63721889, jobscript: /pine/scr/n/e/nekramer/CQTL_GIT/CQTL/AllelicImbalance/AIanalysis/.snakemake/tmp.hpg9077e/snakejob.runASEP.14.sh). For error details see the cluster log and the log files of the involved rule(s).
[Sun Jan  8 21:45:06 2023]
Error in rule runASEP:
    jobid: 8
    output: data/chr7_ASEP.rda
    log: logs/runASEP_chr7.out (check log file(s) for error message)
    shell:
        
        module load r/4.1.3
        Rscript scripts/runASEP.R ../processing/output/AI/chr7_ASEPfinal.txt 7 1> logs/runASEP_chr7.out
        
        (one of the commands exited with non-zero exit code; note that snakemake uses bash strict mode!)
    cluster_jobid: 63721890

Error executing rule runASEP on cluster (jobid: 8, external: 63721890, jobscript: /pine/scr/n/e/nekramer/CQTL_GIT/CQTL/AllelicImbalance/AIanalysis/.snakemake/tmp.hpg9077e/snakejob.runASEP.8.sh). For error details see the cluster log and the log files of the involved rule(s).
[Sun Jan  8 21:45:06 2023]
Error in rule runASEP:
    jobid: 10
    output: data/chr9_ASEP.rda
    log: logs/runASEP_chr9.out (check log file(s) for error message)
    shell:
        
        module load r/4.1.3
        Rscript scripts/runASEP.R ../processing/output/AI/chr9_ASEPfinal.txt 9 1> logs/runASEP_chr9.out
        
        (one of the commands exited with non-zero exit code; note that snakemake uses bash strict mode!)
    cluster_jobid: 63721891

Error executing rule runASEP on cluster (jobid: 10, external: 63721891, jobscript: /pine/scr/n/e/nekramer/CQTL_GIT/CQTL/AllelicImbalance/AIanalysis/.snakemake/tmp.hpg9077e/snakejob.runASEP.10.sh). For error details see the cluster log and the log files of the involved rule(s).
[Sun Jan  8 21:45:07 2023]
Error in rule runASEP:
    jobid: 17
    output: data/chr16_ASEP.rda
    log: logs/runASEP_chr16.out (check log file(s) for error message)
    shell:
        
        module load r/4.1.3
        Rscript scripts/runASEP.R ../processing/output/AI/chr16_ASEPfinal.txt 16 1> logs/runASEP_chr16.out
        
        (one of the commands exited with non-zero exit code; note that snakemake uses bash strict mode!)
    cluster_jobid: 63721892

Error executing rule runASEP on cluster (jobid: 17, external: 63721892, jobscript: /pine/scr/n/e/nekramer/CQTL_GIT/CQTL/AllelicImbalance/AIanalysis/.snakemake/tmp.hpg9077e/snakejob.runASEP.17.sh). For error details see the cluster log and the log files of the involved rule(s).
[Sun Jan  8 21:45:07 2023]
Error in rule runASEP:
    jobid: 7
    output: data/chr6_ASEP.rda
    log: logs/runASEP_chr6.out (check log file(s) for error message)
    shell:
        
        module load r/4.1.3
        Rscript scripts/runASEP.R ../processing/output/AI/chr6_ASEPfinal.txt 6 1> logs/runASEP_chr6.out
        
        (one of the commands exited with non-zero exit code; note that snakemake uses bash strict mode!)
    cluster_jobid: 63721893

Error executing rule runASEP on cluster (jobid: 7, external: 63721893, jobscript: /pine/scr/n/e/nekramer/CQTL_GIT/CQTL/AllelicImbalance/AIanalysis/.snakemake/tmp.hpg9077e/snakejob.runASEP.7.sh). For error details see the cluster log and the log files of the involved rule(s).
[Sun Jan  8 21:45:07 2023]
Error in rule runASEP:
    jobid: 16
    output: data/chr15_ASEP.rda
    log: logs/runASEP_chr15.out (check log file(s) for error message)
    shell:
        
        module load r/4.1.3
        Rscript scripts/runASEP.R ../processing/output/AI/chr15_ASEPfinal.txt 15 1> logs/runASEP_chr15.out
        
        (one of the commands exited with non-zero exit code; note that snakemake uses bash strict mode!)
    cluster_jobid: 63721894

Error executing rule runASEP on cluster (jobid: 16, external: 63721894, jobscript: /pine/scr/n/e/nekramer/CQTL_GIT/CQTL/AllelicImbalance/AIanalysis/.snakemake/tmp.hpg9077e/snakejob.runASEP.16.sh). For error details see the cluster log and the log files of the involved rule(s).
[Sun Jan  8 21:45:07 2023]
Error in rule runASEP:
    jobid: 13
    output: data/chr12_ASEP.rda
    log: logs/runASEP_chr12.out (check log file(s) for error message)
    shell:
        
        module load r/4.1.3
        Rscript scripts/runASEP.R ../processing/output/AI/chr12_ASEPfinal.txt 12 1> logs/runASEP_chr12.out
        
        (one of the commands exited with non-zero exit code; note that snakemake uses bash strict mode!)
    cluster_jobid: 63721895

Error executing rule runASEP on cluster (jobid: 13, external: 63721895, jobscript: /pine/scr/n/e/nekramer/CQTL_GIT/CQTL/AllelicImbalance/AIanalysis/.snakemake/tmp.hpg9077e/snakejob.runASEP.13.sh). For error details see the cluster log and the log files of the involved rule(s).
[Sun Jan  8 21:45:07 2023]
Error in rule runASEP:
    jobid: 23
    output: data/chr22_ASEP.rda
    log: logs/runASEP_chr22.out (check log file(s) for error message)
    shell:
        
        module load r/4.1.3
        Rscript scripts/runASEP.R ../processing/output/AI/chr22_ASEPfinal.txt 22 1> logs/runASEP_chr22.out
        
        (one of the commands exited with non-zero exit code; note that snakemake uses bash strict mode!)
    cluster_jobid: 63721896

Error executing rule runASEP on cluster (jobid: 23, external: 63721896, jobscript: /pine/scr/n/e/nekramer/CQTL_GIT/CQTL/AllelicImbalance/AIanalysis/.snakemake/tmp.hpg9077e/snakejob.runASEP.23.sh). For error details see the cluster log and the log files of the involved rule(s).
[Sun Jan  8 21:45:08 2023]
Error in rule runASEP:
    jobid: 20
    output: data/chr19_ASEP.rda
    log: logs/runASEP_chr19.out (check log file(s) for error message)
    shell:
        
        module load r/4.1.3
        Rscript scripts/runASEP.R ../processing/output/AI/chr19_ASEPfinal.txt 19 1> logs/runASEP_chr19.out
        
        (one of the commands exited with non-zero exit code; note that snakemake uses bash strict mode!)
    cluster_jobid: 63721897

Error executing rule runASEP on cluster (jobid: 20, external: 63721897, jobscript: /pine/scr/n/e/nekramer/CQTL_GIT/CQTL/AllelicImbalance/AIanalysis/.snakemake/tmp.hpg9077e/snakejob.runASEP.20.sh). For error details see the cluster log and the log files of the involved rule(s).
[Sun Jan  8 21:45:08 2023]
Error in rule runASEP:
    jobid: 21
    output: data/chr20_ASEP.rda
    log: logs/runASEP_chr20.out (check log file(s) for error message)
    shell:
        
        module load r/4.1.3
        Rscript scripts/runASEP.R ../processing/output/AI/chr20_ASEPfinal.txt 20 1> logs/runASEP_chr20.out
        
        (one of the commands exited with non-zero exit code; note that snakemake uses bash strict mode!)
    cluster_jobid: 63721898

Error executing rule runASEP on cluster (jobid: 21, external: 63721898, jobscript: /pine/scr/n/e/nekramer/CQTL_GIT/CQTL/AllelicImbalance/AIanalysis/.snakemake/tmp.hpg9077e/snakejob.runASEP.21.sh). For error details see the cluster log and the log files of the involved rule(s).
[Sun Jan  8 21:45:08 2023]
Error in rule runASEP:
    jobid: 11
    output: data/chr10_ASEP.rda
    log: logs/runASEP_chr10.out (check log file(s) for error message)
    shell:
        
        module load r/4.1.3
        Rscript scripts/runASEP.R ../processing/output/AI/chr10_ASEPfinal.txt 10 1> logs/runASEP_chr10.out
        
        (one of the commands exited with non-zero exit code; note that snakemake uses bash strict mode!)
    cluster_jobid: 63721900

Error executing rule runASEP on cluster (jobid: 11, external: 63721900, jobscript: /pine/scr/n/e/nekramer/CQTL_GIT/CQTL/AllelicImbalance/AIanalysis/.snakemake/tmp.hpg9077e/snakejob.runASEP.11.sh). For error details see the cluster log and the log files of the involved rule(s).
[Sun Jan  8 21:45:08 2023]
Error in rule runASEP:
    jobid: 18
    output: data/chr17_ASEP.rda
    log: logs/runASEP_chr17.out (check log file(s) for error message)
    shell:
        
        module load r/4.1.3
        Rscript scripts/runASEP.R ../processing/output/AI/chr17_ASEPfinal.txt 17 1> logs/runASEP_chr17.out
        
        (one of the commands exited with non-zero exit code; note that snakemake uses bash strict mode!)
    cluster_jobid: 63721902

Error executing rule runASEP on cluster (jobid: 18, external: 63721902, jobscript: /pine/scr/n/e/nekramer/CQTL_GIT/CQTL/AllelicImbalance/AIanalysis/.snakemake/tmp.hpg9077e/snakejob.runASEP.18.sh). For error details see the cluster log and the log files of the involved rule(s).
Shutting down, this might take some time.
Exiting because a job execution failed. Look above for error message
Complete log: /pine/scr/n/e/nekramer/CQTL_GIT/CQTL/AllelicImbalance/AIanalysis/.snakemake/log/2023-01-08T214454.338500.snakemake.log
