Building DAG of jobs...
Using shell: /usr/bin/bash
Provided cluster nodes: 100
Job counts:
	count	jobs
	1	all
	116	getLD_buddies
	238	getLDbuddy_rsIDs
	355

[Tue Feb 28 16:25:48 2023]
rule getLDbuddy_rsIDs:
    input: /work/users/n/e/nekramer/Data/CQTL/AI/freeze/AIsigFNF05variantIDs.txt
    output: data/chr22:36288285:C:T_FNF_ld_rsids.csv
    log: logs/getLDbuddy_rsIDs_FNF_chr22:36288285:C:T.out, logs/getLDbuddy_rsIDs_FNF_chr22:36288285:C:T.err
    jobid: 422
    wildcards: snp=chr22:36288285:C:T, condition=FNF

Submitted job 422 with external jobid '1548077'.

[Tue Feb 28 16:25:48 2023]
rule getLDbuddy_rsIDs:
    input: /work/users/n/e/nekramer/Data/CQTL/AI/freeze/AIsigFNF05variantIDs.txt
    output: data/chr1:230280573:A:C_FNF_ld_rsids.csv
    log: logs/getLDbuddy_rsIDs_FNF_chr1:230280573:A:C.out, logs/getLDbuddy_rsIDs_FNF_chr1:230280573:A:C.err
    jobid: 465
    wildcards: snp=chr1:230280573:A:C, condition=FNF

Submitted job 465 with external jobid '1548078'.

[Tue Feb 28 16:25:48 2023]
rule getLDbuddy_rsIDs:
    input: /work/users/n/e/nekramer/Data/CQTL/AI/freeze/AIsigFNF05variantIDs.txt
    output: data/chr3:98588786:C:T_FNF_ld_rsids.csv
    log: logs/getLDbuddy_rsIDs_FNF_chr3:98588786:C:T.out, logs/getLDbuddy_rsIDs_FNF_chr3:98588786:C:T.err
    jobid: 405
    wildcards: snp=chr3:98588786:C:T, condition=FNF

Submitted job 405 with external jobid '1548079'.

[Tue Feb 28 16:25:48 2023]
rule getLDbuddy_rsIDs:
    input: /work/users/n/e/nekramer/Data/CQTL/AI/freeze/AIsigFNF05variantIDs.txt
    output: data/chr5:31515550:G:A_FNF_ld_rsids.csv
    log: logs/getLDbuddy_rsIDs_FNF_chr5:31515550:G:A.out, logs/getLDbuddy_rsIDs_FNF_chr5:31515550:G:A.err
    jobid: 423
    wildcards: snp=chr5:31515550:G:A, condition=FNF

Submitted job 423 with external jobid '1548080'.

[Tue Feb 28 16:25:48 2023]
rule getLDbuddy_rsIDs:
    input: /work/users/n/e/nekramer/Data/CQTL/AI/freeze/AIsigFNF05variantIDs.txt
    output: data/chr11:6681928:T:A_FNF_ld_rsids.csv
    log: logs/getLDbuddy_rsIDs_FNF_chr11:6681928:T:A.out, logs/getLDbuddy_rsIDs_FNF_chr11:6681928:T:A.err
    jobid: 444
    wildcards: snp=chr11:6681928:T:A, condition=FNF

Submitted job 444 with external jobid '1548081'.

[Tue Feb 28 16:25:49 2023]
rule getLDbuddy_rsIDs:
    input: /work/users/n/e/nekramer/Data/CQTL/AI/freeze/AIsigFNF05variantIDs.txt
    output: data/chr15:65443863:T:C_FNF_ld_rsids.csv
    log: logs/getLDbuddy_rsIDs_FNF_chr15:65443863:T:C.out, logs/getLDbuddy_rsIDs_FNF_chr15:65443863:T:C.err
    jobid: 468
    wildcards: snp=chr15:65443863:T:C, condition=FNF

Submitted job 468 with external jobid '1548082'.

[Tue Feb 28 16:25:49 2023]
rule getLDbuddy_rsIDs:
    input: /work/users/n/e/nekramer/Data/CQTL/AI/freeze/AIsigFNF05variantIDs.txt
    output: data/chr17:79936498:A:G_FNF_ld_rsids.csv
    log: logs/getLDbuddy_rsIDs_FNF_chr17:79936498:A:G.out, logs/getLDbuddy_rsIDs_FNF_chr17:79936498:A:G.err
    jobid: 467
    wildcards: snp=chr17:79936498:A:G, condition=FNF

Submitted job 467 with external jobid '1548083'.

[Tue Feb 28 16:25:49 2023]
rule getLDbuddy_rsIDs:
    input: /work/users/n/e/nekramer/Data/CQTL/AI/freeze/AIsigFNF05variantIDs.txt
    output: data/chr1:10307512:G:A_FNF_ld_rsids.csv
    log: logs/getLDbuddy_rsIDs_FNF_chr1:10307512:G:A.out, logs/getLDbuddy_rsIDs_FNF_chr1:10307512:G:A.err
    jobid: 365
    wildcards: snp=chr1:10307512:G:A, condition=FNF

Submitted job 365 with external jobid '1548084'.

[Tue Feb 28 16:25:50 2023]
rule getLDbuddy_rsIDs:
    input: /work/users/n/e/nekramer/Data/CQTL/AI/freeze/AIsigFNF05variantIDs.txt
    output: data/chr2:74529049:G:C_FNF_ld_rsids.csv
    log: logs/getLDbuddy_rsIDs_FNF_chr2:74529049:G:C.out, logs/getLDbuddy_rsIDs_FNF_chr2:74529049:G:C.err
    jobid: 426
    wildcards: snp=chr2:74529049:G:C, condition=FNF

Submitted job 426 with external jobid '1548085'.

[Tue Feb 28 16:25:50 2023]
rule getLDbuddy_rsIDs:
    input: /work/users/n/e/nekramer/Data/CQTL/AI/freeze/AIsigFNF05variantIDs.txt
    output: data/chr7:140057912:C:A_FNF_ld_rsids.csv
    log: logs/getLDbuddy_rsIDs_FNF_chr7:140057912:C:A.out, logs/getLDbuddy_rsIDs_FNF_chr7:140057912:C:A.err
    jobid: 440
    wildcards: snp=chr7:140057912:C:A, condition=FNF

Submitted job 440 with external jobid '1548086'.

[Tue Feb 28 16:25:50 2023]
rule getLDbuddy_rsIDs:
    input: /work/users/n/e/nekramer/Data/CQTL/AI/freeze/AIsigFNF05variantIDs.txt
    output: data/chr12:34022573:T:C_FNF_ld_rsids.csv
    log: logs/getLDbuddy_rsIDs_FNF_chr12:34022573:T:C.out, logs/getLDbuddy_rsIDs_FNF_chr12:34022573:T:C.err
    jobid: 452
    wildcards: snp=chr12:34022573:T:C, condition=FNF

Submitted job 452 with external jobid '1548087'.

[Tue Feb 28 16:25:50 2023]
rule getLDbuddy_rsIDs:
    input: /work/users/n/e/nekramer/Data/CQTL/AI/freeze/AIsigFNF05variantIDs.txt
    output: data/chr1:20651728:C:T_FNF_ld_rsids.csv
    log: logs/getLDbuddy_rsIDs_FNF_chr1:20651728:C:T.out, logs/getLDbuddy_rsIDs_FNF_chr1:20651728:C:T.err
    jobid: 409
    wildcards: snp=chr1:20651728:C:T, condition=FNF

Submitted job 409 with external jobid '1548088'.

[Tue Feb 28 16:25:51 2023]
rule getLDbuddy_rsIDs:
    input: /work/users/n/e/nekramer/Data/CQTL/AI/freeze/AIsigFNF05variantIDs.txt
    output: data/chr5:78487278:G:A_FNF_ld_rsids.csv
    log: logs/getLDbuddy_rsIDs_FNF_chr5:78487278:G:A.out, logs/getLDbuddy_rsIDs_FNF_chr5:78487278:G:A.err
    jobid: 472
    wildcards: snp=chr5:78487278:G:A, condition=FNF

Submitted job 472 with external jobid '1548089'.

[Tue Feb 28 16:25:52 2023]
rule getLDbuddy_rsIDs:
    input: /work/users/n/e/nekramer/Data/CQTL/AI/freeze/AIsigFNF05variantIDs.txt
    output: data/chr8:23574292:C:G_FNF_ld_rsids.csv
    log: logs/getLDbuddy_rsIDs_FNF_chr8:23574292:C:G.out, logs/getLDbuddy_rsIDs_FNF_chr8:23574292:C:G.err
    jobid: 436
    wildcards: snp=chr8:23574292:C:G, condition=FNF

Submitted job 436 with external jobid '1548090'.

[Tue Feb 28 16:25:53 2023]
rule getLDbuddy_rsIDs:
    input: /work/users/n/e/nekramer/Data/CQTL/AI/freeze/AIsigFNF05variantIDs.txt
    output: data/chr12:133191967:A:T_FNF_ld_rsids.csv
    log: logs/getLDbuddy_rsIDs_FNF_chr12:133191967:A:T.out, logs/getLDbuddy_rsIDs_FNF_chr12:133191967:A:T.err
    jobid: 432
    wildcards: snp=chr12:133191967:A:T, condition=FNF

Submitted job 432 with external jobid '1548091'.

[Tue Feb 28 16:25:53 2023]
rule getLDbuddy_rsIDs:
    input: /work/users/n/e/nekramer/Data/CQTL/AI/freeze/AIsigFNF05variantIDs.txt
    output: data/chr1:119182778:G:A_FNF_ld_rsids.csv
    log: logs/getLDbuddy_rsIDs_FNF_chr1:119182778:G:A.out, logs/getLDbuddy_rsIDs_FNF_chr1:119182778:G:A.err
    jobid: 385
    wildcards: snp=chr1:119182778:G:A, condition=FNF

Submitted job 385 with external jobid '1548092'.

[Tue Feb 28 16:25:53 2023]
rule getLDbuddy_rsIDs:
    input: /work/users/n/e/nekramer/Data/CQTL/AI/freeze/AIsigFNF05variantIDs.txt
    output: data/chr3:136001831:T:C_FNF_ld_rsids.csv
    log: logs/getLDbuddy_rsIDs_FNF_chr3:136001831:T:C.out, logs/getLDbuddy_rsIDs_FNF_chr3:136001831:T:C.err
    jobid: 466
    wildcards: snp=chr3:136001831:T:C, condition=FNF

Submitted job 466 with external jobid '1548093'.

[Tue Feb 28 16:25:53 2023]
rule getLDbuddy_rsIDs:
    input: /work/users/n/e/nekramer/Data/CQTL/AI/freeze/AIsigFNF05variantIDs.txt
    output: data/chr18:59359204:C:T_FNF_ld_rsids.csv
    log: logs/getLDbuddy_rsIDs_FNF_chr18:59359204:C:T.out, logs/getLDbuddy_rsIDs_FNF_chr18:59359204:C:T.err
    jobid: 389
    wildcards: snp=chr18:59359204:C:T, condition=FNF

Submitted job 389 with external jobid '1548094'.

[Tue Feb 28 16:25:54 2023]
rule getLDbuddy_rsIDs:
    input: /work/users/n/e/nekramer/Data/CQTL/AI/freeze/AIsigFNF05variantIDs.txt
    output: data/chr7:24698499:G:A_FNF_ld_rsids.csv
    log: logs/getLDbuddy_rsIDs_FNF_chr7:24698499:G:A.out, logs/getLDbuddy_rsIDs_FNF_chr7:24698499:G:A.err
    jobid: 360
    wildcards: snp=chr7:24698499:G:A, condition=FNF

Submitted job 360 with external jobid '1548095'.

[Tue Feb 28 16:25:54 2023]
rule getLDbuddy_rsIDs:
    input: /work/users/n/e/nekramer/Data/CQTL/AI/freeze/AIsigFNF05variantIDs.txt
    output: data/chr2:24099899:C:T_FNF_ld_rsids.csv
    log: logs/getLDbuddy_rsIDs_FNF_chr2:24099899:C:T.out, logs/getLDbuddy_rsIDs_FNF_chr2:24099899:C:T.err
    jobid: 413
    wildcards: snp=chr2:24099899:C:T, condition=FNF

Submitted job 413 with external jobid '1548096'.

[Tue Feb 28 16:25:54 2023]
rule getLDbuddy_rsIDs:
    input: /work/users/n/e/nekramer/Data/CQTL/AI/freeze/AIsigFNF05variantIDs.txt
    output: data/chr1:108937337:G:A_FNF_ld_rsids.csv
    log: logs/getLDbuddy_rsIDs_FNF_chr1:108937337:G:A.out, logs/getLDbuddy_rsIDs_FNF_chr1:108937337:G:A.err
    jobid: 476
    wildcards: snp=chr1:108937337:G:A, condition=FNF

Submitted job 476 with external jobid '1548097'.

[Tue Feb 28 16:25:54 2023]
rule getLDbuddy_rsIDs:
    input: /work/users/n/e/nekramer/Data/CQTL/AI/freeze/AIsigFNF05variantIDs.txt
    output: data/chr10:89339900:A:G_FNF_ld_rsids.csv
    log: logs/getLDbuddy_rsIDs_FNF_chr10:89339900:A:G.out, logs/getLDbuddy_rsIDs_FNF_chr10:89339900:A:G.err
    jobid: 475
    wildcards: snp=chr10:89339900:A:G, condition=FNF

Submitted job 475 with external jobid '1548098'.

[Tue Feb 28 16:25:54 2023]
rule getLDbuddy_rsIDs:
    input: /work/users/n/e/nekramer/Data/CQTL/AI/freeze/AIsigFNF05variantIDs.txt
    output: data/chr4:39214620:G:A_FNF_ld_rsids.csv
    log: logs/getLDbuddy_rsIDs_FNF_chr4:39214620:G:A.out, logs/getLDbuddy_rsIDs_FNF_chr4:39214620:G:A.err
    jobid: 362
    wildcards: snp=chr4:39214620:G:A, condition=FNF

Submitted job 362 with external jobid '1548099'.

[Tue Feb 28 16:25:55 2023]
rule getLDbuddy_rsIDs:
    input: /work/users/n/e/nekramer/Data/CQTL/AI/freeze/AIsigFNF05variantIDs.txt
    output: data/chr1:21247362:G:A_FNF_ld_rsids.csv
    log: logs/getLDbuddy_rsIDs_FNF_chr1:21247362:G:A.out, logs/getLDbuddy_rsIDs_FNF_chr1:21247362:G:A.err
    jobid: 463
    wildcards: snp=chr1:21247362:G:A, condition=FNF

Submitted job 463 with external jobid '1548100'.

[Tue Feb 28 16:25:55 2023]
rule getLDbuddy_rsIDs:
    input: /work/users/n/e/nekramer/Data/CQTL/AI/freeze/AIsigFNF05variantIDs.txt
    output: data/chr8:81658396:C:T_FNF_ld_rsids.csv
    log: logs/getLDbuddy_rsIDs_FNF_chr8:81658396:C:T.out, logs/getLDbuddy_rsIDs_FNF_chr8:81658396:C:T.err
    jobid: 435
    wildcards: snp=chr8:81658396:C:T, condition=FNF

Submitted job 435 with external jobid '1548101'.

[Tue Feb 28 16:25:55 2023]
rule getLDbuddy_rsIDs:
    input: /work/users/n/e/nekramer/Data/CQTL/AI/freeze/AIsigFNF05variantIDs.txt
    output: data/chr19:19892767:C:G_FNF_ld_rsids.csv
    log: logs/getLDbuddy_rsIDs_FNF_chr19:19892767:C:G.out, logs/getLDbuddy_rsIDs_FNF_chr19:19892767:C:G.err
    jobid: 393
    wildcards: snp=chr19:19892767:C:G, condition=FNF

Submitted job 393 with external jobid '1548102'.

[Tue Feb 28 16:25:55 2023]
rule getLDbuddy_rsIDs:
    input: /work/users/n/e/nekramer/Data/CQTL/AI/freeze/AIsigFNF05variantIDs.txt
    output: data/chr3:56615254:C:T_FNF_ld_rsids.csv
    log: logs/getLDbuddy_rsIDs_FNF_chr3:56615254:C:T.out, logs/getLDbuddy_rsIDs_FNF_chr3:56615254:C:T.err
    jobid: 394
    wildcards: snp=chr3:56615254:C:T, condition=FNF

Submitted job 394 with external jobid '1548103'.

[Tue Feb 28 16:25:56 2023]
rule getLDbuddy_rsIDs:
    input: /work/users/n/e/nekramer/Data/CQTL/AI/freeze/AIsigFNF05variantIDs.txt
    output: data/chr14:51256420:T:C_FNF_ld_rsids.csv
    log: logs/getLDbuddy_rsIDs_FNF_chr14:51256420:T:C.out, logs/getLDbuddy_rsIDs_FNF_chr14:51256420:T:C.err
    jobid: 390
    wildcards: snp=chr14:51256420:T:C, condition=FNF

Submitted job 390 with external jobid '1548104'.

[Tue Feb 28 16:25:56 2023]
rule getLDbuddy_rsIDs:
    input: /work/users/n/e/nekramer/Data/CQTL/AI/freeze/AIsigFNF05variantIDs.txt
    output: data/chr2:24100237:G:A_FNF_ld_rsids.csv
    log: logs/getLDbuddy_rsIDs_FNF_chr2:24100237:G:A.out, logs/getLDbuddy_rsIDs_FNF_chr2:24100237:G:A.err
    jobid: 418
    wildcards: snp=chr2:24100237:G:A, condition=FNF

Submitted job 418 with external jobid '1548105'.

[Tue Feb 28 16:25:56 2023]
rule getLDbuddy_rsIDs:
    input: /work/users/n/e/nekramer/Data/CQTL/AI/freeze/AIsigFNF05variantIDs.txt
    output: data/chr19:40779010:C:T_FNF_ld_rsids.csv
    log: logs/getLDbuddy_rsIDs_FNF_chr19:40779010:C:T.out, logs/getLDbuddy_rsIDs_FNF_chr19:40779010:C:T.err
    jobid: 376
    wildcards: snp=chr19:40779010:C:T, condition=FNF

Submitted job 376 with external jobid '1548106'.

[Tue Feb 28 16:25:56 2023]
rule getLDbuddy_rsIDs:
    input: /work/users/n/e/nekramer/Data/CQTL/AI/freeze/AIsigFNF05variantIDs.txt
    output: data/chr20:62945340:C:T_FNF_ld_rsids.csv
    log: logs/getLDbuddy_rsIDs_FNF_chr20:62945340:C:T.out, logs/getLDbuddy_rsIDs_FNF_chr20:62945340:C:T.err
    jobid: 383
    wildcards: snp=chr20:62945340:C:T, condition=FNF

Submitted job 383 with external jobid '1548107'.

[Tue Feb 28 16:25:56 2023]
rule getLDbuddy_rsIDs:
    input: /work/users/n/e/nekramer/Data/CQTL/AI/freeze/AIsigFNF05variantIDs.txt
    output: data/chr7:4997014:T:C_FNF_ld_rsids.csv
    log: logs/getLDbuddy_rsIDs_FNF_chr7:4997014:T:C.out, logs/getLDbuddy_rsIDs_FNF_chr7:4997014:T:C.err
    jobid: 374
    wildcards: snp=chr7:4997014:T:C, condition=FNF

Submitted job 374 with external jobid '1548108'.

[Tue Feb 28 16:25:57 2023]
rule getLDbuddy_rsIDs:
    input: /work/users/n/e/nekramer/Data/CQTL/AI/freeze/AIsigFNF05variantIDs.txt
    output: data/chr1:186306628:G:A_FNF_ld_rsids.csv
    log: logs/getLDbuddy_rsIDs_FNF_chr1:186306628:G:A.out, logs/getLDbuddy_rsIDs_FNF_chr1:186306628:G:A.err
    jobid: 399
    wildcards: snp=chr1:186306628:G:A, condition=FNF

Submitted job 399 with external jobid '1548109'.

[Tue Feb 28 16:25:57 2023]
rule getLDbuddy_rsIDs:
    input: /work/users/n/e/nekramer/Data/CQTL/AI/freeze/AIsigFNF05variantIDs.txt
    output: data/chr17:48048796:G:A_FNF_ld_rsids.csv
    log: logs/getLDbuddy_rsIDs_FNF_chr17:48048796:G:A.out, logs/getLDbuddy_rsIDs_FNF_chr17:48048796:G:A.err
    jobid: 404
    wildcards: snp=chr17:48048796:G:A, condition=FNF

Submitted job 404 with external jobid '1548110'.

[Tue Feb 28 16:25:57 2023]
rule getLDbuddy_rsIDs:
    input: /work/users/n/e/nekramer/Data/CQTL/AI/freeze/AIsigFNF05variantIDs.txt
    output: data/chr19:52893812:G:A_FNF_ld_rsids.csv
    log: logs/getLDbuddy_rsIDs_FNF_chr19:52893812:G:A.out, logs/getLDbuddy_rsIDs_FNF_chr19:52893812:G:A.err
    jobid: 363
    wildcards: snp=chr19:52893812:G:A, condition=FNF

Submitted job 363 with external jobid '1548111'.

[Tue Feb 28 16:25:57 2023]
rule getLDbuddy_rsIDs:
    input: /work/users/n/e/nekramer/Data/CQTL/AI/freeze/AIsigFNF05variantIDs.txt
    output: data/chr21:39342936:C:T_FNF_ld_rsids.csv
    log: logs/getLDbuddy_rsIDs_FNF_chr21:39342936:C:T.out, logs/getLDbuddy_rsIDs_FNF_chr21:39342936:C:T.err
    jobid: 369
    wildcards: snp=chr21:39342936:C:T, condition=FNF

Submitted job 369 with external jobid '1548112'.

[Tue Feb 28 16:25:58 2023]
rule getLDbuddy_rsIDs:
    input: /work/users/n/e/nekramer/Data/CQTL/AI/freeze/AIsigFNF05variantIDs.txt
    output: data/chr12:96267572:C:T_FNF_ld_rsids.csv
    log: logs/getLDbuddy_rsIDs_FNF_chr12:96267572:C:T.out, logs/getLDbuddy_rsIDs_FNF_chr12:96267572:C:T.err
    jobid: 382
    wildcards: snp=chr12:96267572:C:T, condition=FNF

Submitted job 382 with external jobid '1548113'.

[Tue Feb 28 16:25:58 2023]
rule getLDbuddy_rsIDs:
    input: /work/users/n/e/nekramer/Data/CQTL/AI/freeze/AIsigFNF05variantIDs.txt
    output: data/chr19:49907901:T:C_FNF_ld_rsids.csv
    log: logs/getLDbuddy_rsIDs_FNF_chr19:49907901:T:C.out, logs/getLDbuddy_rsIDs_FNF_chr19:49907901:T:C.err
    jobid: 458
    wildcards: snp=chr19:49907901:T:C, condition=FNF

Submitted job 458 with external jobid '1548114'.

[Tue Feb 28 16:25:58 2023]
rule getLDbuddy_rsIDs:
    input: /work/users/n/e/nekramer/Data/CQTL/AI/freeze/AIsigFNF05variantIDs.txt
    output: data/chr1:58655671:T:A_FNF_ld_rsids.csv
    log: logs/getLDbuddy_rsIDs_FNF_chr1:58655671:T:A.out, logs/getLDbuddy_rsIDs_FNF_chr1:58655671:T:A.err
    jobid: 447
    wildcards: snp=chr1:58655671:T:A, condition=FNF

Submitted job 447 with external jobid '1548115'.

[Tue Feb 28 16:25:58 2023]
rule getLDbuddy_rsIDs:
    input: /work/users/n/e/nekramer/Data/CQTL/AI/freeze/AIsigFNF05variantIDs.txt
    output: data/chr5:43313429:C:T_FNF_ld_rsids.csv
    log: logs/getLDbuddy_rsIDs_FNF_chr5:43313429:C:T.out, logs/getLDbuddy_rsIDs_FNF_chr5:43313429:C:T.err
    jobid: 456
    wildcards: snp=chr5:43313429:C:T, condition=FNF

Submitted job 456 with external jobid '1548116'.

[Tue Feb 28 16:25:59 2023]
rule getLDbuddy_rsIDs:
    input: /work/users/n/e/nekramer/Data/CQTL/AI/freeze/AIsigFNF05variantIDs.txt
    output: data/chr10:70871869:C:T_FNF_ld_rsids.csv
    log: logs/getLDbuddy_rsIDs_FNF_chr10:70871869:C:T.out, logs/getLDbuddy_rsIDs_FNF_chr10:70871869:C:T.err
    jobid: 459
    wildcards: snp=chr10:70871869:C:T, condition=FNF

Submitted job 459 with external jobid '1548117'.

[Tue Feb 28 16:25:59 2023]
rule getLDbuddy_rsIDs:
    input: /work/users/n/e/nekramer/Data/CQTL/AI/freeze/AIsigFNF05variantIDs.txt
    output: data/chr1:46361813:C:T_FNF_ld_rsids.csv
    log: logs/getLDbuddy_rsIDs_FNF_chr1:46361813:C:T.out, logs/getLDbuddy_rsIDs_FNF_chr1:46361813:C:T.err
    jobid: 368
    wildcards: snp=chr1:46361813:C:T, condition=FNF

Submitted job 368 with external jobid '1548118'.

[Tue Feb 28 16:25:59 2023]
rule getLDbuddy_rsIDs:
    input: /work/users/n/e/nekramer/Data/CQTL/AI/freeze/AIsigFNF05variantIDs.txt
    output: data/chr15:82151483:C:T_FNF_ld_rsids.csv
    log: logs/getLDbuddy_rsIDs_FNF_chr15:82151483:C:T.out, logs/getLDbuddy_rsIDs_FNF_chr15:82151483:C:T.err
    jobid: 428
    wildcards: snp=chr15:82151483:C:T, condition=FNF

Submitted job 428 with external jobid '1548119'.

[Tue Feb 28 16:25:59 2023]
rule getLDbuddy_rsIDs:
    input: /work/users/n/e/nekramer/Data/CQTL/AI/freeze/AIsigFNF05variantIDs.txt
    output: data/chr1:225844317:G:A_FNF_ld_rsids.csv
    log: logs/getLDbuddy_rsIDs_FNF_chr1:225844317:G:A.out, logs/getLDbuddy_rsIDs_FNF_chr1:225844317:G:A.err
    jobid: 414
    wildcards: snp=chr1:225844317:G:A, condition=FNF

Submitted job 414 with external jobid '1548120'.

[Tue Feb 28 16:26:00 2023]
rule getLDbuddy_rsIDs:
    input: /work/users/n/e/nekramer/Data/CQTL/AI/freeze/AIsigFNF05variantIDs.txt
    output: data/chr11:27495171:T:A_FNF_ld_rsids.csv
    log: logs/getLDbuddy_rsIDs_FNF_chr11:27495171:T:A.out, logs/getLDbuddy_rsIDs_FNF_chr11:27495171:T:A.err
    jobid: 403
    wildcards: snp=chr11:27495171:T:A, condition=FNF

Submitted job 403 with external jobid '1548121'.

[Tue Feb 28 16:26:00 2023]
rule getLDbuddy_rsIDs:
    input: /work/users/n/e/nekramer/Data/CQTL/AI/freeze/AIsigFNF05variantIDs.txt
    output: data/chr2:28416687:A:G_FNF_ld_rsids.csv
    log: logs/getLDbuddy_rsIDs_FNF_chr2:28416687:A:G.out, logs/getLDbuddy_rsIDs_FNF_chr2:28416687:A:G.err
    jobid: 400
    wildcards: snp=chr2:28416687:A:G, condition=FNF

Submitted job 400 with external jobid '1548123'.

[Tue Feb 28 16:26:01 2023]
rule getLDbuddy_rsIDs:
    input: /work/users/n/e/nekramer/Data/CQTL/AI/freeze/AIsigFNF05variantIDs.txt
    output: data/chr7:32917329:C:T_FNF_ld_rsids.csv
    log: logs/getLDbuddy_rsIDs_FNF_chr7:32917329:C:T.out, logs/getLDbuddy_rsIDs_FNF_chr7:32917329:C:T.err
    jobid: 431
    wildcards: snp=chr7:32917329:C:T, condition=FNF

Submitted job 431 with external jobid '1548124'.

[Tue Feb 28 16:26:01 2023]
rule getLDbuddy_rsIDs:
    input: /work/users/n/e/nekramer/Data/CQTL/AI/freeze/AIsigFNF05variantIDs.txt
    output: data/chr19:57620255:G:A_FNF_ld_rsids.csv
    log: logs/getLDbuddy_rsIDs_FNF_chr19:57620255:G:A.out, logs/getLDbuddy_rsIDs_FNF_chr19:57620255:G:A.err
    jobid: 402
    wildcards: snp=chr19:57620255:G:A, condition=FNF

Submitted job 402 with external jobid '1548125'.

[Tue Feb 28 16:26:01 2023]
rule getLDbuddy_rsIDs:
    input: /work/users/n/e/nekramer/Data/CQTL/AI/freeze/AIsigFNF05variantIDs.txt
    output: data/chr10:126049361:G:A_FNF_ld_rsids.csv
    log: logs/getLDbuddy_rsIDs_FNF_chr10:126049361:G:A.out, logs/getLDbuddy_rsIDs_FNF_chr10:126049361:G:A.err
    jobid: 455
    wildcards: snp=chr10:126049361:G:A, condition=FNF

Submitted job 455 with external jobid '1548126'.

[Tue Feb 28 16:26:01 2023]
rule getLDbuddy_rsIDs:
    input: /work/users/n/e/nekramer/Data/CQTL/AI/freeze/AIsigFNF05variantIDs.txt
    output: data/chr19:56554644:C:T_FNF_ld_rsids.csv
    log: logs/getLDbuddy_rsIDs_FNF_chr19:56554644:C:T.out, logs/getLDbuddy_rsIDs_FNF_chr19:56554644:C:T.err
    jobid: 461
    wildcards: snp=chr19:56554644:C:T, condition=FNF

Submitted job 461 with external jobid '1548127'.

[Tue Feb 28 16:26:02 2023]
rule getLDbuddy_rsIDs:
    input: /work/users/n/e/nekramer/Data/CQTL/AI/freeze/AIsigFNF05variantIDs.txt
    output: data/chr19:52384174:A:C_FNF_ld_rsids.csv
    log: logs/getLDbuddy_rsIDs_FNF_chr19:52384174:A:C.out, logs/getLDbuddy_rsIDs_FNF_chr19:52384174:A:C.err
    jobid: 356
    wildcards: snp=chr19:52384174:A:C, condition=FNF

Submitted job 356 with external jobid '1548128'.

[Tue Feb 28 16:26:02 2023]
rule getLDbuddy_rsIDs:
    input: /work/users/n/e/nekramer/Data/CQTL/AI/freeze/AIsigFNF05variantIDs.txt
    output: data/chr7:33006506:G:T_FNF_ld_rsids.csv
    log: logs/getLDbuddy_rsIDs_FNF_chr7:33006506:G:T.out, logs/getLDbuddy_rsIDs_FNF_chr7:33006506:G:T.err
    jobid: 442
    wildcards: snp=chr7:33006506:G:T, condition=FNF

Submitted job 442 with external jobid '1548129'.

[Tue Feb 28 16:26:02 2023]
rule getLDbuddy_rsIDs:
    input: /work/users/n/e/nekramer/Data/CQTL/AI/freeze/AIsigFNF05variantIDs.txt
    output: data/chr12:130821733:T:C_FNF_ld_rsids.csv
    log: logs/getLDbuddy_rsIDs_FNF_chr12:130821733:T:C.out, logs/getLDbuddy_rsIDs_FNF_chr12:130821733:T:C.err
    jobid: 421
    wildcards: snp=chr12:130821733:T:C, condition=FNF

Submitted job 421 with external jobid '1548130'.

[Tue Feb 28 16:26:02 2023]
rule getLDbuddy_rsIDs:
    input: /work/users/n/e/nekramer/Data/CQTL/AI/freeze/AIsigFNF05variantIDs.txt
    output: data/chr17:4798107:C:T_FNF_ld_rsids.csv
    log: logs/getLDbuddy_rsIDs_FNF_chr17:4798107:C:T.out, logs/getLDbuddy_rsIDs_FNF_chr17:4798107:C:T.err
    jobid: 434
    wildcards: snp=chr17:4798107:C:T, condition=FNF

Submitted job 434 with external jobid '1548131'.

[Tue Feb 28 16:26:02 2023]
rule getLDbuddy_rsIDs:
    input: /work/users/n/e/nekramer/Data/CQTL/AI/freeze/AIsigFNF05variantIDs.txt
    output: data/chr6:131894217:G:A_FNF_ld_rsids.csv
    log: logs/getLDbuddy_rsIDs_FNF_chr6:131894217:G:A.out, logs/getLDbuddy_rsIDs_FNF_chr6:131894217:G:A.err
    jobid: 470
    wildcards: snp=chr6:131894217:G:A, condition=FNF

Submitted job 470 with external jobid '1548132'.

[Tue Feb 28 16:26:03 2023]
rule getLDbuddy_rsIDs:
    input: /work/users/n/e/nekramer/Data/CQTL/AI/freeze/AIsigFNF05variantIDs.txt
    output: data/chr11:57313672:G:C_FNF_ld_rsids.csv
    log: logs/getLDbuddy_rsIDs_FNF_chr11:57313672:G:C.out, logs/getLDbuddy_rsIDs_FNF_chr11:57313672:G:C.err
    jobid: 379
    wildcards: snp=chr11:57313672:G:C, condition=FNF

Submitted job 379 with external jobid '1548133'.

[Tue Feb 28 16:26:03 2023]
rule getLDbuddy_rsIDs:
    input: /work/users/n/e/nekramer/Data/CQTL/AI/freeze/AIsigFNF05variantIDs.txt
    output: data/chr21:28874919:A:G_FNF_ld_rsids.csv
    log: logs/getLDbuddy_rsIDs_FNF_chr21:28874919:A:G.out, logs/getLDbuddy_rsIDs_FNF_chr21:28874919:A:G.err
    jobid: 406
    wildcards: snp=chr21:28874919:A:G, condition=FNF

Submitted job 406 with external jobid '1548134'.

[Tue Feb 28 16:26:03 2023]
rule getLDbuddy_rsIDs:
    input: /work/users/n/e/nekramer/Data/CQTL/AI/freeze/AIsigFNF05variantIDs.txt
    output: data/chr18:59359129:A:G_FNF_ld_rsids.csv
    log: logs/getLDbuddy_rsIDs_FNF_chr18:59359129:A:G.out, logs/getLDbuddy_rsIDs_FNF_chr18:59359129:A:G.err
    jobid: 407
    wildcards: snp=chr18:59359129:A:G, condition=FNF

Submitted job 407 with external jobid '1548135'.

[Tue Feb 28 16:26:03 2023]
rule getLDbuddy_rsIDs:
    input: /work/users/n/e/nekramer/Data/CQTL/AI/freeze/AIsigFNF05variantIDs.txt
    output: data/chr12:121778986:A:G_FNF_ld_rsids.csv
    log: logs/getLDbuddy_rsIDs_FNF_chr12:121778986:A:G.out, logs/getLDbuddy_rsIDs_FNF_chr12:121778986:A:G.err
    jobid: 384
    wildcards: snp=chr12:121778986:A:G, condition=FNF

Submitted job 384 with external jobid '1548136'.

[Tue Feb 28 16:26:03 2023]
rule getLDbuddy_rsIDs:
    input: /work/users/n/e/nekramer/Data/CQTL/AI/freeze/AIsigFNF05variantIDs.txt
    output: data/chr11:126408308:T:C_FNF_ld_rsids.csv
    log: logs/getLDbuddy_rsIDs_FNF_chr11:126408308:T:C.out, logs/getLDbuddy_rsIDs_FNF_chr11:126408308:T:C.err
    jobid: 373
    wildcards: snp=chr11:126408308:T:C, condition=FNF

Submitted job 373 with external jobid '1548137'.

[Tue Feb 28 16:26:04 2023]
rule getLDbuddy_rsIDs:
    input: /work/users/n/e/nekramer/Data/CQTL/AI/freeze/AIsigFNF05variantIDs.txt
    output: data/chr1:23961694:A:C_FNF_ld_rsids.csv
    log: logs/getLDbuddy_rsIDs_FNF_chr1:23961694:A:C.out, logs/getLDbuddy_rsIDs_FNF_chr1:23961694:A:C.err
    jobid: 438
    wildcards: snp=chr1:23961694:A:C, condition=FNF

Submitted job 438 with external jobid '1548138'.

[Tue Feb 28 16:26:04 2023]
rule getLDbuddy_rsIDs:
    input: /work/users/n/e/nekramer/Data/CQTL/AI/freeze/AIsigFNF05variantIDs.txt
    output: data/chr16:57994956:G:A_FNF_ld_rsids.csv
    log: logs/getLDbuddy_rsIDs_FNF_chr16:57994956:G:A.out, logs/getLDbuddy_rsIDs_FNF_chr16:57994956:G:A.err
    jobid: 396
    wildcards: snp=chr16:57994956:G:A, condition=FNF

Submitted job 396 with external jobid '1548139'.

[Tue Feb 28 16:26:04 2023]
rule getLDbuddy_rsIDs:
    input: /work/users/n/e/nekramer/Data/CQTL/AI/freeze/AIsigFNF05variantIDs.txt
    output: data/chr21:44769371:G:C_FNF_ld_rsids.csv
    log: logs/getLDbuddy_rsIDs_FNF_chr21:44769371:G:C.out, logs/getLDbuddy_rsIDs_FNF_chr21:44769371:G:C.err
    jobid: 453
    wildcards: snp=chr21:44769371:G:C, condition=FNF

Submitted job 453 with external jobid '1548140'.

[Tue Feb 28 16:26:04 2023]
rule getLDbuddy_rsIDs:
    input: /work/users/n/e/nekramer/Data/CQTL/AI/freeze/AIsigFNF05variantIDs.txt
    output: data/chr18:13095592:G:A_FNF_ld_rsids.csv
    log: logs/getLDbuddy_rsIDs_FNF_chr18:13095592:G:A.out, logs/getLDbuddy_rsIDs_FNF_chr18:13095592:G:A.err
    jobid: 411
    wildcards: snp=chr18:13095592:G:A, condition=FNF

Submitted job 411 with external jobid '1548141'.

[Tue Feb 28 16:26:05 2023]
rule getLDbuddy_rsIDs:
    input: /work/users/n/e/nekramer/Data/CQTL/AI/freeze/AIsigFNF05variantIDs.txt
    output: data/chr7:4996980:C:G_FNF_ld_rsids.csv
    log: logs/getLDbuddy_rsIDs_FNF_chr7:4996980:C:G.out, logs/getLDbuddy_rsIDs_FNF_chr7:4996980:C:G.err
    jobid: 391
    wildcards: snp=chr7:4996980:C:G, condition=FNF

Submitted job 391 with external jobid '1548142'.

[Tue Feb 28 16:26:05 2023]
rule getLDbuddy_rsIDs:
    input: /work/users/n/e/nekramer/Data/CQTL/AI/freeze/AIsigFNF05variantIDs.txt
    output: data/chr11:6681188:T:G_FNF_ld_rsids.csv
    log: logs/getLDbuddy_rsIDs_FNF_chr11:6681188:T:G.out, logs/getLDbuddy_rsIDs_FNF_chr11:6681188:T:G.err
    jobid: 380
    wildcards: snp=chr11:6681188:T:G, condition=FNF

Submitted job 380 with external jobid '1548143'.

[Tue Feb 28 16:26:05 2023]
rule getLDbuddy_rsIDs:
    input: /work/users/n/e/nekramer/Data/CQTL/AI/freeze/AIsigFNF05variantIDs.txt
    output: data/chr17:5533965:G:A_FNF_ld_rsids.csv
    log: logs/getLDbuddy_rsIDs_FNF_chr17:5533965:G:A.out, logs/getLDbuddy_rsIDs_FNF_chr17:5533965:G:A.err
    jobid: 397
    wildcards: snp=chr17:5533965:G:A, condition=FNF

Submitted job 397 with external jobid '1548144'.

[Tue Feb 28 16:26:06 2023]
rule getLDbuddy_rsIDs:
    input: /work/users/n/e/nekramer/Data/CQTL/AI/freeze/AIsigFNF05variantIDs.txt
    output: data/chr17:67340357:C:T_FNF_ld_rsids.csv
    log: logs/getLDbuddy_rsIDs_FNF_chr17:67340357:C:T.out, logs/getLDbuddy_rsIDs_FNF_chr17:67340357:C:T.err
    jobid: 446
    wildcards: snp=chr17:67340357:C:T, condition=FNF

Submitted job 446 with external jobid '1548145'.

[Tue Feb 28 16:26:06 2023]
rule getLDbuddy_rsIDs:
    input: /work/users/n/e/nekramer/Data/CQTL/AI/freeze/AIsigFNF05variantIDs.txt
    output: data/chr17:30783634:G:A_FNF_ld_rsids.csv
    log: logs/getLDbuddy_rsIDs_FNF_chr17:30783634:G:A.out, logs/getLDbuddy_rsIDs_FNF_chr17:30783634:G:A.err
    jobid: 454
    wildcards: snp=chr17:30783634:G:A, condition=FNF

Submitted job 454 with external jobid '1548146'.

[Tue Feb 28 16:26:06 2023]
rule getLDbuddy_rsIDs:
    input: /work/users/n/e/nekramer/Data/CQTL/AI/freeze/AIsigFNF05variantIDs.txt
    output: data/chr12:68841383:T:G_FNF_ld_rsids.csv
    log: logs/getLDbuddy_rsIDs_FNF_chr12:68841383:T:G.out, logs/getLDbuddy_rsIDs_FNF_chr12:68841383:T:G.err
    jobid: 412
    wildcards: snp=chr12:68841383:T:G, condition=FNF

Submitted job 412 with external jobid '1548147'.

[Tue Feb 28 16:26:06 2023]
rule getLDbuddy_rsIDs:
    input: /work/users/n/e/nekramer/Data/CQTL/AI/freeze/AIsigFNF05variantIDs.txt
    output: data/chr11:204680:G:A_FNF_ld_rsids.csv
    log: logs/getLDbuddy_rsIDs_FNF_chr11:204680:G:A.out, logs/getLDbuddy_rsIDs_FNF_chr11:204680:G:A.err
    jobid: 420
    wildcards: snp=chr11:204680:G:A, condition=FNF

Submitted job 420 with external jobid '1548148'.

[Tue Feb 28 16:26:07 2023]
rule getLDbuddy_rsIDs:
    input: /work/users/n/e/nekramer/Data/CQTL/AI/freeze/AIsigFNF05variantIDs.txt
    output: data/chr7:94398387:T:C_FNF_ld_rsids.csv
    log: logs/getLDbuddy_rsIDs_FNF_chr7:94398387:T:C.out, logs/getLDbuddy_rsIDs_FNF_chr7:94398387:T:C.err
    jobid: 410
    wildcards: snp=chr7:94398387:T:C, condition=FNF

Submitted job 410 with external jobid '1548149'.

[Tue Feb 28 16:26:07 2023]
rule getLDbuddy_rsIDs:
    input: /work/users/n/e/nekramer/Data/CQTL/AI/freeze/AIsigFNF05variantIDs.txt
    output: data/chr9:71745318:C:T_FNF_ld_rsids.csv
    log: logs/getLDbuddy_rsIDs_FNF_chr9:71745318:C:T.out, logs/getLDbuddy_rsIDs_FNF_chr9:71745318:C:T.err
    jobid: 415
    wildcards: snp=chr9:71745318:C:T, condition=FNF

Submitted job 415 with external jobid '1548150'.

[Tue Feb 28 16:26:07 2023]
rule getLDbuddy_rsIDs:
    input: /work/users/n/e/nekramer/Data/CQTL/AI/freeze/AIsigFNF05variantIDs.txt
    output: data/chr14:51256361:A:C_FNF_ld_rsids.csv
    log: logs/getLDbuddy_rsIDs_FNF_chr14:51256361:A:C.out, logs/getLDbuddy_rsIDs_FNF_chr14:51256361:A:C.err
    jobid: 367
    wildcards: snp=chr14:51256361:A:C, condition=FNF

Submitted job 367 with external jobid '1548151'.

[Tue Feb 28 16:26:07 2023]
rule getLDbuddy_rsIDs:
    input: /work/users/n/e/nekramer/Data/CQTL/AI/freeze/AIsigFNF05variantIDs.txt
    output: data/chr18:2917370:G:A_FNF_ld_rsids.csv
    log: logs/getLDbuddy_rsIDs_FNF_chr18:2917370:G:A.out, logs/getLDbuddy_rsIDs_FNF_chr18:2917370:G:A.err
    jobid: 443
    wildcards: snp=chr18:2917370:G:A, condition=FNF

Submitted job 443 with external jobid '1548152'.

[Tue Feb 28 16:26:08 2023]
rule getLDbuddy_rsIDs:
    input: /work/users/n/e/nekramer/Data/CQTL/AI/freeze/AIsigFNF05variantIDs.txt
    output: data/chr1:119032547:C:A_FNF_ld_rsids.csv
    log: logs/getLDbuddy_rsIDs_FNF_chr1:119032547:C:A.out, logs/getLDbuddy_rsIDs_FNF_chr1:119032547:C:A.err
    jobid: 381
    wildcards: snp=chr1:119032547:C:A, condition=FNF

Submitted job 381 with external jobid '1548153'.

[Tue Feb 28 16:26:08 2023]
rule getLDbuddy_rsIDs:
    input: /work/users/n/e/nekramer/Data/CQTL/AI/freeze/AIsigFNF05variantIDs.txt
    output: data/chr2:32441343:T:C_FNF_ld_rsids.csv
    log: logs/getLDbuddy_rsIDs_FNF_chr2:32441343:T:C.out, logs/getLDbuddy_rsIDs_FNF_chr2:32441343:T:C.err
    jobid: 451
    wildcards: snp=chr2:32441343:T:C, condition=FNF

Submitted job 451 with external jobid '1548154'.

[Tue Feb 28 16:26:08 2023]
rule getLDbuddy_rsIDs:
    input: /work/users/n/e/nekramer/Data/CQTL/AI/freeze/AIsigFNF05variantIDs.txt
    output: data/chr18:62154610:T:C_FNF_ld_rsids.csv
    log: logs/getLDbuddy_rsIDs_FNF_chr18:62154610:T:C.out, logs/getLDbuddy_rsIDs_FNF_chr18:62154610:T:C.err
    jobid: 372
    wildcards: snp=chr18:62154610:T:C, condition=FNF

Submitted job 372 with external jobid '1548155'.

[Tue Feb 28 16:26:08 2023]
rule getLDbuddy_rsIDs:
    input: /work/users/n/e/nekramer/Data/CQTL/AI/freeze/AIsigFNF05variantIDs.txt
    output: data/chr17:81701782:C:T_FNF_ld_rsids.csv
    log: logs/getLDbuddy_rsIDs_FNF_chr17:81701782:C:T.out, logs/getLDbuddy_rsIDs_FNF_chr17:81701782:C:T.err
    jobid: 371
    wildcards: snp=chr17:81701782:C:T, condition=FNF

Submitted job 371 with external jobid '1548156'.

[Tue Feb 28 16:26:09 2023]
rule getLDbuddy_rsIDs:
    input: /work/users/n/e/nekramer/Data/CQTL/AI/freeze/AIsigFNF05variantIDs.txt
    output: data/chr1:230678922:A:G_FNF_ld_rsids.csv
    log: logs/getLDbuddy_rsIDs_FNF_chr1:230678922:A:G.out, logs/getLDbuddy_rsIDs_FNF_chr1:230678922:A:G.err
    jobid: 430
    wildcards: snp=chr1:230678922:A:G, condition=FNF

Submitted job 430 with external jobid '1548157'.

[Tue Feb 28 16:26:09 2023]
rule getLDbuddy_rsIDs:
    input: /work/users/n/e/nekramer/Data/CQTL/AI/freeze/AIsigFNF05variantIDs.txt
    output: data/chr17:5536901:T:C_FNF_ld_rsids.csv
    log: logs/getLDbuddy_rsIDs_FNF_chr17:5536901:T:C.out, logs/getLDbuddy_rsIDs_FNF_chr17:5536901:T:C.err
    jobid: 433
    wildcards: snp=chr17:5536901:T:C, condition=FNF

Submitted job 433 with external jobid '1548158'.

[Tue Feb 28 16:26:09 2023]
rule getLDbuddy_rsIDs:
    input: /work/users/n/e/nekramer/Data/CQTL/AI/freeze/AIsigFNF05variantIDs.txt
    output: data/chr3:47916506:C:G_FNF_ld_rsids.csv
    log: logs/getLDbuddy_rsIDs_FNF_chr3:47916506:C:G.out, logs/getLDbuddy_rsIDs_FNF_chr3:47916506:C:G.err
    jobid: 457
    wildcards: snp=chr3:47916506:C:G, condition=FNF

Submitted job 457 with external jobid '1548159'.

[Tue Feb 28 16:26:09 2023]
rule getLDbuddy_rsIDs:
    input: /work/users/n/e/nekramer/Data/CQTL/AI/freeze/AIsigFNF05variantIDs.txt
    output: data/chr8:22613634:G:T_FNF_ld_rsids.csv
    log: logs/getLDbuddy_rsIDs_FNF_chr8:22613634:G:T.out, logs/getLDbuddy_rsIDs_FNF_chr8:22613634:G:T.err
    jobid: 429
    wildcards: snp=chr8:22613634:G:T, condition=FNF

Submitted job 429 with external jobid '1548160'.

[Tue Feb 28 16:26:09 2023]
rule getLDbuddy_rsIDs:
    input: /work/users/n/e/nekramer/Data/CQTL/AI/freeze/AIsigFNF05variantIDs.txt
    output: data/chr5:157138361:G:T_FNF_ld_rsids.csv
    log: logs/getLDbuddy_rsIDs_FNF_chr5:157138361:G:T.out, logs/getLDbuddy_rsIDs_FNF_chr5:157138361:G:T.err
    jobid: 427
    wildcards: snp=chr5:157138361:G:T, condition=FNF

Submitted job 427 with external jobid '1548161'.

[Tue Feb 28 16:26:10 2023]
rule getLDbuddy_rsIDs:
    input: /work/users/n/e/nekramer/Data/CQTL/AI/freeze/AIsigFNF05variantIDs.txt
    output: data/chr12:132841483:C:T_FNF_ld_rsids.csv
    log: logs/getLDbuddy_rsIDs_FNF_chr12:132841483:C:T.out, logs/getLDbuddy_rsIDs_FNF_chr12:132841483:C:T.err
    jobid: 448
    wildcards: snp=chr12:132841483:C:T, condition=FNF

Submitted job 448 with external jobid '1548162'.

[Tue Feb 28 16:26:10 2023]
rule getLDbuddy_rsIDs:
    input: /work/users/n/e/nekramer/Data/CQTL/AI/freeze/AIsigFNF05variantIDs.txt
    output: data/chr16:23570957:A:G_FNF_ld_rsids.csv
    log: logs/getLDbuddy_rsIDs_FNF_chr16:23570957:A:G.out, logs/getLDbuddy_rsIDs_FNF_chr16:23570957:A:G.err
    jobid: 424
    wildcards: snp=chr16:23570957:A:G, condition=FNF

Submitted job 424 with external jobid '1548163'.

[Tue Feb 28 16:26:10 2023]
rule getLDbuddy_rsIDs:
    input: /work/users/n/e/nekramer/Data/CQTL/AI/freeze/AIsigFNF05variantIDs.txt
    output: data/chr1:87108231:A:T_FNF_ld_rsids.csv
    log: logs/getLDbuddy_rsIDs_FNF_chr1:87108231:A:T.out, logs/getLDbuddy_rsIDs_FNF_chr1:87108231:A:T.err
    jobid: 370
    wildcards: snp=chr1:87108231:A:T, condition=FNF

Submitted job 370 with external jobid '1548164'.

[Tue Feb 28 16:26:10 2023]
rule getLDbuddy_rsIDs:
    input: /work/users/n/e/nekramer/Data/CQTL/AI/freeze/AIsigFNF05variantIDs.txt
    output: data/chr10:70115028:C:T_FNF_ld_rsids.csv
    log: logs/getLDbuddy_rsIDs_FNF_chr10:70115028:C:T.out, logs/getLDbuddy_rsIDs_FNF_chr10:70115028:C:T.err
    jobid: 388
    wildcards: snp=chr10:70115028:C:T, condition=FNF

Submitted job 388 with external jobid '1548165'.

[Tue Feb 28 16:26:11 2023]
rule getLDbuddy_rsIDs:
    input: /work/users/n/e/nekramer/Data/CQTL/AI/freeze/AIsigFNF05variantIDs.txt
    output: data/chr11:6681654:C:G_FNF_ld_rsids.csv
    log: logs/getLDbuddy_rsIDs_FNF_chr11:6681654:C:G.out, logs/getLDbuddy_rsIDs_FNF_chr11:6681654:C:G.err
    jobid: 378
    wildcards: snp=chr11:6681654:C:G, condition=FNF

Submitted job 378 with external jobid '1548166'.

[Tue Feb 28 16:26:11 2023]
rule getLDbuddy_rsIDs:
    input: /work/users/n/e/nekramer/Data/CQTL/AI/freeze/AIsigFNF05variantIDs.txt
    output: data/chr1:59321678:T:G_FNF_ld_rsids.csv
    log: logs/getLDbuddy_rsIDs_FNF_chr1:59321678:T:G.out, logs/getLDbuddy_rsIDs_FNF_chr1:59321678:T:G.err
    jobid: 437
    wildcards: snp=chr1:59321678:T:G, condition=FNF

Submitted job 437 with external jobid '1548167'.

[Tue Feb 28 16:26:11 2023]
rule getLDbuddy_rsIDs:
    input: /work/users/n/e/nekramer/Data/CQTL/AI/freeze/AIsigFNF05variantIDs.txt
    output: data/chr1:175157820:C:G_FNF_ld_rsids.csv
    log: logs/getLDbuddy_rsIDs_FNF_chr1:175157820:C:G.out, logs/getLDbuddy_rsIDs_FNF_chr1:175157820:C:G.err
    jobid: 401
    wildcards: snp=chr1:175157820:C:G, condition=FNF

Submitted job 401 with external jobid '1548168'.

[Tue Feb 28 16:26:11 2023]
rule getLDbuddy_rsIDs:
    input: /work/users/n/e/nekramer/Data/CQTL/AI/freeze/AIsigFNF05variantIDs.txt
    output: data/chr2:24100236:A:G_FNF_ld_rsids.csv
    log: logs/getLDbuddy_rsIDs_FNF_chr2:24100236:A:G.out, logs/getLDbuddy_rsIDs_FNF_chr2:24100236:A:G.err
    jobid: 408
    wildcards: snp=chr2:24100236:A:G, condition=FNF

Submitted job 408 with external jobid '1548169'.

[Tue Feb 28 16:26:12 2023]
rule getLDbuddy_rsIDs:
    input: /work/users/n/e/nekramer/Data/CQTL/AI/freeze/AIsigFNF05variantIDs.txt
    output: data/chr5:172422467:G:A_FNF_ld_rsids.csv
    log: logs/getLDbuddy_rsIDs_FNF_chr5:172422467:G:A.out, logs/getLDbuddy_rsIDs_FNF_chr5:172422467:G:A.err
    jobid: 419
    wildcards: snp=chr5:172422467:G:A, condition=FNF

Submitted job 419 with external jobid '1548170'.

[Tue Feb 28 16:26:12 2023]
rule getLDbuddy_rsIDs:
    input: /work/users/n/e/nekramer/Data/CQTL/AI/freeze/AIsigFNF05variantIDs.txt
    output: data/chr11:6681927:T:A_FNF_ld_rsids.csv
    log: logs/getLDbuddy_rsIDs_FNF_chr11:6681927:T:A.out, logs/getLDbuddy_rsIDs_FNF_chr11:6681927:T:A.err
    jobid: 441
    wildcards: snp=chr11:6681927:T:A, condition=FNF

Submitted job 441 with external jobid '1548171'.

[Tue Feb 28 16:26:12 2023]
rule getLDbuddy_rsIDs:
    input: /work/users/n/e/nekramer/Data/CQTL/AI/freeze/AIsigFNF05variantIDs.txt
    output: data/chr6:26414145:G:C_FNF_ld_rsids.csv
    log: logs/getLDbuddy_rsIDs_FNF_chr6:26414145:G:C.out, logs/getLDbuddy_rsIDs_FNF_chr6:26414145:G:C.err
    jobid: 450
    wildcards: snp=chr6:26414145:G:C, condition=FNF

Submitted job 450 with external jobid '1548172'.

[Tue Feb 28 16:26:14 2023]
rule getLDbuddy_rsIDs:
    input: /work/users/n/e/nekramer/Data/CQTL/AI/freeze/AIsigFNF05variantIDs.txt
    output: data/chr1:116988999:A:G_FNF_ld_rsids.csv
    log: logs/getLDbuddy_rsIDs_FNF_chr1:116988999:A:G.out, logs/getLDbuddy_rsIDs_FNF_chr1:116988999:A:G.err
    jobid: 449
    wildcards: snp=chr1:116988999:A:G, condition=FNF

Submitted job 449 with external jobid '1548173'.

[Tue Feb 28 16:26:14 2023]
rule getLDbuddy_rsIDs:
    input: /work/users/n/e/nekramer/Data/CQTL/AI/freeze/AIsigFNF05variantIDs.txt
    output: data/chr18:13068110:G:A_FNF_ld_rsids.csv
    log: logs/getLDbuddy_rsIDs_FNF_chr18:13068110:G:A.out, logs/getLDbuddy_rsIDs_FNF_chr18:13068110:G:A.err
    jobid: 377
    wildcards: snp=chr18:13068110:G:A, condition=FNF

Submitted job 377 with external jobid '1548174'.

[Tue Feb 28 16:26:14 2023]
rule getLDbuddy_rsIDs:
    input: /work/users/n/e/nekramer/Data/CQTL/AI/freeze/AIsigFNF05variantIDs.txt
    output: data/chr10:100962892:C:T_FNF_ld_rsids.csv
    log: logs/getLDbuddy_rsIDs_FNF_chr10:100962892:C:T.out, logs/getLDbuddy_rsIDs_FNF_chr10:100962892:C:T.err
    jobid: 439
    wildcards: snp=chr10:100962892:C:T, condition=FNF

Submitted job 439 with external jobid '1548175'.

[Tue Feb 28 16:26:14 2023]
rule getLDbuddy_rsIDs:
    input: /work/users/n/e/nekramer/Data/CQTL/AI/freeze/AIsigFNF05variantIDs.txt
    output: data/chr5:78885754:T:C_FNF_ld_rsids.csv
    log: logs/getLDbuddy_rsIDs_FNF_chr5:78885754:T:C.out, logs/getLDbuddy_rsIDs_FNF_chr5:78885754:T:C.err
    jobid: 358
    wildcards: snp=chr5:78885754:T:C, condition=FNF

Submitted job 358 with external jobid '1548176'.

[Tue Feb 28 16:26:15 2023]
rule getLDbuddy_rsIDs:
    input: /work/users/n/e/nekramer/Data/CQTL/AI/freeze/AIsigFNF05variantIDs.txt
    output: data/chr20:38373945:G:A_FNF_ld_rsids.csv
    log: logs/getLDbuddy_rsIDs_FNF_chr20:38373945:G:A.out, logs/getLDbuddy_rsIDs_FNF_chr20:38373945:G:A.err
    jobid: 364
    wildcards: snp=chr20:38373945:G:A, condition=FNF

Submitted job 364 with external jobid '1548177'.
[Tue Feb 28 16:37:29 2023]
Finished job 420.
1 of 355 steps (0.28%) done

[Tue Feb 28 16:37:29 2023]
rule getLDbuddy_rsIDs:
    input: /work/users/n/e/nekramer/Data/CQTL/AI/freeze/AIsigFNF05variantIDs.txt
    output: data/chr17:31317834:G:A_FNF_ld_rsids.csv
    log: logs/getLDbuddy_rsIDs_FNF_chr17:31317834:G:A.out, logs/getLDbuddy_rsIDs_FNF_chr17:31317834:G:A.err
    jobid: 460
    wildcards: snp=chr17:31317834:G:A, condition=FNF

Submitted job 460 with external jobid '1548311'.
[Tue Feb 28 16:39:00 2023]
Finished job 476.
2 of 355 steps (0.56%) done

[Tue Feb 28 16:39:00 2023]
rule getLDbuddy_rsIDs:
    input: /work/users/n/e/nekramer/Data/CQTL/AI/freeze/AIsigFNF05variantIDs.txt
    output: data/chr9:37500898:T:C_FNF_ld_rsids.csv
    log: logs/getLDbuddy_rsIDs_FNF_chr9:37500898:T:C.out, logs/getLDbuddy_rsIDs_FNF_chr9:37500898:T:C.err
    jobid: 392
    wildcards: snp=chr9:37500898:T:C, condition=FNF

Submitted job 392 with external jobid '1548327'.
[Tue Feb 28 16:39:04 2023]
Finished job 410.
3 of 355 steps (0.85%) done

[Tue Feb 28 16:39:04 2023]
rule getLDbuddy_rsIDs:
    input: /work/users/n/e/nekramer/Data/CQTL/AI/freeze/AIsigFNF05variantIDs.txt
    output: data/chr2:238447385:C:T_FNF_ld_rsids.csv
    log: logs/getLDbuddy_rsIDs_FNF_chr2:238447385:C:T.out, logs/getLDbuddy_rsIDs_FNF_chr2:238447385:C:T.err
    jobid: 366
    wildcards: snp=chr2:238447385:C:T, condition=FNF

Submitted job 366 with external jobid '1548328'.
[Tue Feb 28 16:39:30 2023]
Finished job 452.
4 of 355 steps (1%) done

[Tue Feb 28 16:39:30 2023]
rule getLDbuddy_rsIDs:
    input: /work/users/n/e/nekramer/Data/CQTL/AI/freeze/AIsigFNF05variantIDs.txt
    output: data/chr16:82000007:T:C_FNF_ld_rsids.csv
    log: logs/getLDbuddy_rsIDs_FNF_chr16:82000007:T:C.out, logs/getLDbuddy_rsIDs_FNF_chr16:82000007:T:C.err
    jobid: 395
    wildcards: snp=chr16:82000007:T:C, condition=FNF

Submitted job 395 with external jobid '1548337'.
[Tue Feb 28 16:39:53 2023]
Finished job 428.
5 of 355 steps (1%) done

[Tue Feb 28 16:39:53 2023]
rule getLDbuddy_rsIDs:
    input: /work/users/n/e/nekramer/Data/CQTL/AI/freeze/AIsigFNF05variantIDs.txt
    output: data/chr1:196741787:A:G_FNF_ld_rsids.csv
    log: logs/getLDbuddy_rsIDs_FNF_chr1:196741787:A:G.out, logs/getLDbuddy_rsIDs_FNF_chr1:196741787:A:G.err
    jobid: 417
    wildcards: snp=chr1:196741787:A:G, condition=FNF

Submitted job 417 with external jobid '1548342'.
[Tue Feb 28 16:39:57 2023]
Finished job 396.
6 of 355 steps (2%) done

[Tue Feb 28 16:39:57 2023]
rule getLDbuddy_rsIDs:
    input: /work/users/n/e/nekramer/Data/CQTL/AI/freeze/AIsigFNF05variantIDs.txt
    output: data/chr15:88630424:G:A_FNF_ld_rsids.csv
    log: logs/getLDbuddy_rsIDs_FNF_chr15:88630424:G:A.out, logs/getLDbuddy_rsIDs_FNF_chr15:88630424:G:A.err
    jobid: 386
    wildcards: snp=chr15:88630424:G:A, condition=FNF

Submitted job 386 with external jobid '1548343'.
[Tue Feb 28 16:40:00 2023]
Finished job 365.
7 of 355 steps (2%) done

[Tue Feb 28 16:40:01 2023]
rule getLDbuddy_rsIDs:
    input: /work/users/n/e/nekramer/Data/CQTL/AI/freeze/AIsigFNF05variantIDs.txt
    output: data/chr1:86382272:G:A_FNF_ld_rsids.csv
    log: logs/getLDbuddy_rsIDs_FNF_chr1:86382272:G:A.out, logs/getLDbuddy_rsIDs_FNF_chr1:86382272:G:A.err
    jobid: 445
    wildcards: snp=chr1:86382272:G:A, condition=FNF

Submitted job 445 with external jobid '1548344'.
[Tue Feb 28 16:40:02 2023]
Finished job 466.
8 of 355 steps (2%) done

[Tue Feb 28 16:40:02 2023]
rule getLDbuddy_rsIDs:
    input: /work/users/n/e/nekramer/Data/CQTL/AI/freeze/AIsigFNF05variantIDs.txt
    output: data/chr6:3018500:A:C_FNF_ld_rsids.csv
    log: logs/getLDbuddy_rsIDs_FNF_chr6:3018500:A:C.out, logs/getLDbuddy_rsIDs_FNF_chr6:3018500:A:C.err
    jobid: 355
    wildcards: snp=chr6:3018500:A:C, condition=FNF

Submitted job 355 with external jobid '1548345'.
[Tue Feb 28 16:40:28 2023]
Finished job 406.
9 of 355 steps (3%) done

[Tue Feb 28 16:40:28 2023]
rule getLDbuddy_rsIDs:
    input: /work/users/n/e/nekramer/Data/CQTL/AI/freeze/AIsigFNF05variantIDs.txt
    output: data/chr6:25108163:T:C_FNF_ld_rsids.csv
    log: logs/getLDbuddy_rsIDs_FNF_chr6:25108163:T:C.out, logs/getLDbuddy_rsIDs_FNF_chr6:25108163:T:C.err
    jobid: 398
    wildcards: snp=chr6:25108163:T:C, condition=FNF

Submitted job 398 with external jobid '1548348'.
[Tue Feb 28 16:40:38 2023]
Finished job 415.
10 of 355 steps (3%) done

[Tue Feb 28 16:40:38 2023]
rule getLDbuddy_rsIDs:
    input: /work/users/n/e/nekramer/Data/CQTL/AI/freeze/AIsigFNF05variantIDs.txt
    output: data/chr12:4814629:G:A_FNF_ld_rsids.csv
    log: logs/getLDbuddy_rsIDs_FNF_chr12:4814629:G:A.out, logs/getLDbuddy_rsIDs_FNF_chr12:4814629:G:A.err
    jobid: 464
    wildcards: snp=chr12:4814629:G:A, condition=FNF

Submitted job 464 with external jobid '1548359'.
[Tue Feb 28 16:41:05 2023]
Finished job 385.
11 of 355 steps (3%) done

[Tue Feb 28 16:41:05 2023]
rule getLDbuddy_rsIDs:
    input: /work/users/n/e/nekramer/Data/CQTL/AI/freeze/AIsigFNF05variantIDs.txt
    output: data/chr3:179399804:T:A_FNF_ld_rsids.csv
    log: logs/getLDbuddy_rsIDs_FNF_chr3:179399804:T:A.out, logs/getLDbuddy_rsIDs_FNF_chr3:179399804:T:A.err
    jobid: 359
    wildcards: snp=chr3:179399804:T:A, condition=FNF

Submitted job 359 with external jobid '1548361'.
[Tue Feb 28 16:41:29 2023]
Finished job 414.
12 of 355 steps (3%) done

[Tue Feb 28 16:41:29 2023]
rule getLDbuddy_rsIDs:
    input: /work/users/n/e/nekramer/Data/CQTL/AI/freeze/AIsigFNF05variantIDs.txt
    output: data/chr19:52384184:A:C_FNF_ld_rsids.csv
    log: logs/getLDbuddy_rsIDs_FNF_chr19:52384184:A:C.out, logs/getLDbuddy_rsIDs_FNF_chr19:52384184:A:C.err
    jobid: 357
    wildcards: snp=chr19:52384184:A:C, condition=FNF

Submitted job 357 with external jobid '1548365'.
[Tue Feb 28 16:41:43 2023]
Finished job 448.
13 of 355 steps (4%) done

[Tue Feb 28 16:41:43 2023]
rule getLDbuddy_rsIDs:
    input: /work/users/n/e/nekramer/Data/CQTL/AI/freeze/AIsigFNF05variantIDs.txt
    output: data/chr12:21469993:T:C_FNF_ld_rsids.csv
    log: logs/getLDbuddy_rsIDs_FNF_chr12:21469993:T:C.out, logs/getLDbuddy_rsIDs_FNF_chr12:21469993:T:C.err
    jobid: 425
    wildcards: snp=chr12:21469993:T:C, condition=FNF

Submitted job 425 with external jobid '1548366'.
[Tue Feb 28 16:42:04 2023]
Finished job 438.
14 of 355 steps (4%) done

[Tue Feb 28 16:42:04 2023]
rule getLDbuddy_rsIDs:
    input: /work/users/n/e/nekramer/Data/CQTL/AI/freeze/AIsigFNF05variantIDs.txt
    output: data/chr22:45341429:A:G_FNF_ld_rsids.csv
    log: logs/getLDbuddy_rsIDs_FNF_chr22:45341429:A:G.out, logs/getLDbuddy_rsIDs_FNF_chr22:45341429:A:G.err
    jobid: 416
    wildcards: snp=chr22:45341429:A:G, condition=FNF

[Tue Feb 28 16:42:04 2023]
Finished job 453.
15 of 355 steps (4%) done
Submitted job 416 with external jobid '1548370'.

[Tue Feb 28 16:42:04 2023]
rule getLDbuddy_rsIDs:
    input: /work/users/n/e/nekramer/Data/CQTL/AI/freeze/AIsigFNF05variantIDs.txt
    output: data/chr5:150658652:G:C_FNF_ld_rsids.csv
    log: logs/getLDbuddy_rsIDs_FNF_chr5:150658652:G:C.out, logs/getLDbuddy_rsIDs_FNF_chr5:150658652:G:C.err
    jobid: 474
    wildcards: snp=chr5:150658652:G:C, condition=FNF

Submitted job 474 with external jobid '1548371'.
[Tue Feb 28 16:42:16 2023]
Finished job 437.
16 of 355 steps (5%) done

[Tue Feb 28 16:42:16 2023]
rule getLDbuddy_rsIDs:
    input: /work/users/n/e/nekramer/Data/CQTL/AI/freeze/AIsigFNF05variantIDs.txt
    output: data/chr17:64041782:C:T_FNF_ld_rsids.csv
    log: logs/getLDbuddy_rsIDs_FNF_chr17:64041782:C:T.out, logs/getLDbuddy_rsIDs_FNF_chr17:64041782:C:T.err
    jobid: 473
    wildcards: snp=chr17:64041782:C:T, condition=FNF

Submitted job 473 with external jobid '1548377'.
[Tue Feb 28 16:42:41 2023]
Finished job 435.
17 of 355 steps (5%) done

[Tue Feb 28 16:42:41 2023]
rule getLDbuddy_rsIDs:
    input: /work/users/n/e/nekramer/Data/CQTL/AI/freeze/AIsigFNF05variantIDs.txt
    output: data/chr7:66152686:G:A_FNF_ld_rsids.csv
    log: logs/getLDbuddy_rsIDs_FNF_chr7:66152686:G:A.out, logs/getLDbuddy_rsIDs_FNF_chr7:66152686:G:A.err
    jobid: 471
    wildcards: snp=chr7:66152686:G:A, condition=FNF

Submitted job 471 with external jobid '1548385'.
[Tue Feb 28 16:43:12 2023]
Finished job 463.
18 of 355 steps (5%) done

[Tue Feb 28 16:43:12 2023]
rule getLDbuddy_rsIDs:
    input: /work/users/n/e/nekramer/Data/CQTL/AI/freeze/AIsigFNF05variantIDs.txt
    output: data/chr21:41279568:G:A_FNF_ld_rsids.csv
    log: logs/getLDbuddy_rsIDs_FNF_chr21:41279568:G:A.out, logs/getLDbuddy_rsIDs_FNF_chr21:41279568:G:A.err
    jobid: 375
    wildcards: snp=chr21:41279568:G:A, condition=FNF

Submitted job 375 with external jobid '1548397'.
[Tue Feb 28 16:43:40 2023]
Finished job 446.
19 of 355 steps (5%) done

[Tue Feb 28 16:43:40 2023]
rule getLDbuddy_rsIDs:
    input: /work/users/n/e/nekramer/Data/CQTL/AI/freeze/AIsigFNF05variantIDs.txt
    output: data/chr12:95658366:C:T_FNF_ld_rsids.csv
    log: logs/getLDbuddy_rsIDs_FNF_chr12:95658366:C:T.out, logs/getLDbuddy_rsIDs_FNF_chr12:95658366:C:T.err
    jobid: 462
    wildcards: snp=chr12:95658366:C:T, condition=FNF

Submitted job 462 with external jobid '1548400'.
[Tue Feb 28 16:43:40 2023]
Finished job 422.
20 of 355 steps (6%) done

[Tue Feb 28 16:43:40 2023]
rule getLDbuddy_rsIDs:
    input: /work/users/n/e/nekramer/Data/CQTL/AI/freeze/AIsigFNF05variantIDs.txt
    output: data/chr2:48599465:C:A_FNF_ld_rsids.csv
    log: logs/getLDbuddy_rsIDs_FNF_chr2:48599465:C:A.out, logs/getLDbuddy_rsIDs_FNF_chr2:48599465:C:A.err
    jobid: 361
    wildcards: snp=chr2:48599465:C:A, condition=FNF

Submitted job 361 with external jobid '1548401'.
[Tue Feb 28 16:43:40 2023]
Finished job 465.
21 of 355 steps (6%) done

[Tue Feb 28 16:43:40 2023]
rule getLDbuddy_rsIDs:
    input: /work/users/n/e/nekramer/Data/CQTL/AI/freeze/AIsigFNF05variantIDs.txt
    output: data/chr11:48144715:G:C_FNF_ld_rsids.csv
    log: logs/getLDbuddy_rsIDs_FNF_chr11:48144715:G:C.out, logs/getLDbuddy_rsIDs_FNF_chr11:48144715:G:C.err
    jobid: 469
    wildcards: snp=chr11:48144715:G:C, condition=FNF

Submitted job 469 with external jobid '1548402'.
[Tue Feb 28 16:43:41 2023]
Finished job 423.
22 of 355 steps (6%) done

[Tue Feb 28 16:43:41 2023]
rule getLDbuddy_rsIDs:
    input: /work/users/n/e/nekramer/Data/CQTL/AI/freeze/AIsigFNF05variantIDs.txt
    output: data/chr1:163147088:T:G_FNF_ld_rsids.csv
    log: logs/getLDbuddy_rsIDs_FNF_chr1:163147088:T:G.out, logs/getLDbuddy_rsIDs_FNF_chr1:163147088:T:G.err
    jobid: 387
    wildcards: snp=chr1:163147088:T:G, condition=FNF

Submitted job 387 with external jobid '1548403'.
[Tue Feb 28 16:43:41 2023]
Finished job 444.
23 of 355 steps (6%) done

[Tue Feb 28 16:43:41 2023]
rule getLDbuddy_rsIDs:
    input: /work/users/n/e/nekramer/Data/CQTL/AI/freeze/AIsigCTL05variantIDs.txt
    output: data/chr1:11787715:G:T_CTL_ld_rsids.csv
    log: logs/getLDbuddy_rsIDs_CTL_chr1:11787715:G:T.out, logs/getLDbuddy_rsIDs_CTL_chr1:11787715:G:T.err
    jobid: 283
    wildcards: snp=chr1:11787715:G:T, condition=CTL

Submitted job 283 with external jobid '1548404'.
[Tue Feb 28 16:43:42 2023]
Finished job 426.
24 of 355 steps (7%) done

[Tue Feb 28 16:43:42 2023]
rule getLD_buddies:
    input: /work/users/n/e/nekramer/Data/CQTL/AI/freeze/AIsigCTL05variantIDs.txt
    output: /work/users/n/e/nekramer/Data/CQTL/AI/freeze/LD_buddies/chr3:101826262:G:C_CTL_0.8.ld
    log: logs/getLD_buddies_CTL_chr3:101826262:G:C.out, logs/getLD_buddies_CTL_chr3:101826262:G:C.err
    jobid: 90
    wildcards: snp=chr3:101826262:G:C, condition=CTL

Submitted job 90 with external jobid '1548405'.
[Tue Feb 28 16:43:42 2023]
Finished job 440.
25 of 355 steps (7%) done

[Tue Feb 28 16:43:42 2023]
rule getLD_buddies:
    input: /work/users/n/e/nekramer/Data/CQTL/AI/freeze/AIsigCTL05variantIDs.txt
    output: /work/users/n/e/nekramer/Data/CQTL/AI/freeze/LD_buddies/chr1:119032547:C:A_CTL_0.8.ld
    log: logs/getLD_buddies_CTL_chr1:119032547:C:A.out, logs/getLD_buddies_CTL_chr1:119032547:C:A.err
    jobid: 18
    wildcards: snp=chr1:119032547:C:A, condition=CTL

Submitted job 18 with external jobid '1548406'.
[Tue Feb 28 16:43:42 2023]
Finished job 472.
26 of 355 steps (7%) done

[Tue Feb 28 16:43:42 2023]
rule getLDbuddy_rsIDs:
    input: /work/users/n/e/nekramer/Data/CQTL/AI/freeze/AIsigCTL05variantIDs.txt
    output: data/chr7:38765615:C:T_CTL_ld_rsids.csv
    log: logs/getLDbuddy_rsIDs_CTL_chr7:38765615:C:T.out, logs/getLDbuddy_rsIDs_CTL_chr7:38765615:C:T.err
    jobid: 338
    wildcards: snp=chr7:38765615:C:T, condition=CTL

Submitted job 338 with external jobid '1548407'.
[Tue Feb 28 16:43:44 2023]
Finished job 475.
27 of 355 steps (8%) done

[Tue Feb 28 16:43:44 2023]
rule getLDbuddy_rsIDs:
    input: /work/users/n/e/nekramer/Data/CQTL/AI/freeze/AIsigCTL05variantIDs.txt
    output: data/chr3:136001831:T:C_CTL_ld_rsids.csv
    log: logs/getLDbuddy_rsIDs_CTL_chr3:136001831:T:C.out, logs/getLDbuddy_rsIDs_CTL_chr3:136001831:T:C.err
    jobid: 350
    wildcards: snp=chr3:136001831:T:C, condition=CTL

[Tue Feb 28 16:43:44 2023]
Finished job 362.
28 of 355 steps (8%) done
Submitted job 350 with external jobid '1548408'.

[Tue Feb 28 16:43:44 2023]
rule getLDbuddy_rsIDs:
    input: /work/users/n/e/nekramer/Data/CQTL/AI/freeze/AIsigCTL05variantIDs.txt
    output: data/chr1:119182778:G:A_CTL_ld_rsids.csv
    log: logs/getLDbuddy_rsIDs_CTL_chr1:119182778:G:A.out, logs/getLDbuddy_rsIDs_CTL_chr1:119182778:G:A.err
    jobid: 267
    wildcards: snp=chr1:119182778:G:A, condition=CTL

Submitted job 267 with external jobid '1548409'.
[Tue Feb 28 16:43:50 2023]
Finished job 424.
29 of 355 steps (8%) done

[Tue Feb 28 16:43:50 2023]
rule getLDbuddy_rsIDs:
    input: /work/users/n/e/nekramer/Data/CQTL/AI/freeze/AIsigCTL05variantIDs.txt
    output: data/chr7:24698499:G:A_CTL_ld_rsids.csv
    log: logs/getLDbuddy_rsIDs_CTL_chr7:24698499:G:A.out, logs/getLDbuddy_rsIDs_CTL_chr7:24698499:G:A.err
    jobid: 239
    wildcards: snp=chr7:24698499:G:A, condition=CTL

Submitted job 239 with external jobid '1548411'.
[Tue Feb 28 16:44:05 2023]
Error in rule getLDbuddy_rsIDs:
    jobid: 267
    output: data/chr1:119182778:G:A_CTL_ld_rsids.csv
    log: logs/getLDbuddy_rsIDs_CTL_chr1:119182778:G:A.out, logs/getLDbuddy_rsIDs_CTL_chr1:119182778:G:A.err (check log file(s) for error message)
    shell:
        
        module load python/3.9.6
        for snp in `cat /work/users/n/e/nekramer/Data/CQTL/AI/freeze/AIsigCTL05variantIDs.txt`
        do
            python3 scripts/AI_LD_buddies_RSIDs.py /work/users/n/e/nekramer/Data/CQTL/AI/freeze/LD_buddies/${snp}_CTL_0.8.ld ${snp} CTL
        done
        
        (one of the commands exited with non-zero exit code; note that snakemake uses bash strict mode!)
    cluster_jobid: 1548409

Error executing rule getLDbuddy_rsIDs on cluster (jobid: 267, external: 1548409, jobscript: /work/users/n/e/nekramer/CQTL_GIT/CQTL/AllelicImbalance/AIanalysis/.snakemake/tmp.x0rhrivv/snakejob.getLDbuddy_rsIDs.267.sh). For error details see the cluster log and the log files of the involved rule(s).
[Tue Feb 28 16:44:05 2023]
Error in rule getLDbuddy_rsIDs:
    jobid: 239
    output: data/chr7:24698499:G:A_CTL_ld_rsids.csv
    log: logs/getLDbuddy_rsIDs_CTL_chr7:24698499:G:A.out, logs/getLDbuddy_rsIDs_CTL_chr7:24698499:G:A.err (check log file(s) for error message)
    shell:
        
        module load python/3.9.6
        for snp in `cat /work/users/n/e/nekramer/Data/CQTL/AI/freeze/AIsigCTL05variantIDs.txt`
        do
            python3 scripts/AI_LD_buddies_RSIDs.py /work/users/n/e/nekramer/Data/CQTL/AI/freeze/LD_buddies/${snp}_CTL_0.8.ld ${snp} CTL
        done
        
        (one of the commands exited with non-zero exit code; note that snakemake uses bash strict mode!)
    cluster_jobid: 1548411

Error executing rule getLDbuddy_rsIDs on cluster (jobid: 239, external: 1548411, jobscript: /work/users/n/e/nekramer/CQTL_GIT/CQTL/AllelicImbalance/AIanalysis/.snakemake/tmp.x0rhrivv/snakejob.getLDbuddy_rsIDs.239.sh). For error details see the cluster log and the log files of the involved rule(s).
[Tue Feb 28 16:44:09 2023]
Finished job 456.
30 of 355 steps (8%) done
[Tue Feb 28 16:44:10 2023]
Finished job 403.
31 of 355 steps (9%) done
[Tue Feb 28 16:44:11 2023]
Finished job 461.
32 of 355 steps (9%) done
[Tue Feb 28 16:44:14 2023]
Finished job 468.
33 of 355 steps (9%) done
[Tue Feb 28 16:44:15 2023]
Finished job 467.
34 of 355 steps (10%) done
[Tue Feb 28 16:44:15 2023]
Finished job 432.
35 of 355 steps (10%) done
[Tue Feb 28 16:44:15 2023]
Finished job 389.
36 of 355 steps (10%) done
[Tue Feb 28 16:44:16 2023]
Finished job 360.
37 of 355 steps (10%) done
[Tue Feb 28 16:44:16 2023]
Finished job 393.
38 of 355 steps (11%) done
[Tue Feb 28 16:44:17 2023]
Finished job 383.
39 of 355 steps (11%) done
[Tue Feb 28 16:44:17 2023]
Finished job 374.
40 of 355 steps (11%) done
[Tue Feb 28 16:44:17 2023]
Finished job 399.
41 of 355 steps (12%) done
[Tue Feb 28 16:44:18 2023]
Finished job 404.
42 of 355 steps (12%) done
[Tue Feb 28 16:44:34 2023]
Error in rule getLDbuddy_rsIDs:
    jobid: 283
    output: data/chr1:11787715:G:T_CTL_ld_rsids.csv
    log: logs/getLDbuddy_rsIDs_CTL_chr1:11787715:G:T.out, logs/getLDbuddy_rsIDs_CTL_chr1:11787715:G:T.err (check log file(s) for error message)
    shell:
        
        module load python/3.9.6
        for snp in `cat /work/users/n/e/nekramer/Data/CQTL/AI/freeze/AIsigCTL05variantIDs.txt`
        do
            python3 scripts/AI_LD_buddies_RSIDs.py /work/users/n/e/nekramer/Data/CQTL/AI/freeze/LD_buddies/${snp}_CTL_0.8.ld ${snp} CTL
        done
        
        (one of the commands exited with non-zero exit code; note that snakemake uses bash strict mode!)
    cluster_jobid: 1548404

Error executing rule getLDbuddy_rsIDs on cluster (jobid: 283, external: 1548404, jobscript: /work/users/n/e/nekramer/CQTL_GIT/CQTL/AllelicImbalance/AIanalysis/.snakemake/tmp.x0rhrivv/snakejob.getLDbuddy_rsIDs.283.sh). For error details see the cluster log and the log files of the involved rule(s).
[Tue Feb 28 16:44:35 2023]
Error in rule getLDbuddy_rsIDs:
    jobid: 338
    output: data/chr7:38765615:C:T_CTL_ld_rsids.csv
    log: logs/getLDbuddy_rsIDs_CTL_chr7:38765615:C:T.out, logs/getLDbuddy_rsIDs_CTL_chr7:38765615:C:T.err (check log file(s) for error message)
    shell:
        
        module load python/3.9.6
        for snp in `cat /work/users/n/e/nekramer/Data/CQTL/AI/freeze/AIsigCTL05variantIDs.txt`
        do
            python3 scripts/AI_LD_buddies_RSIDs.py /work/users/n/e/nekramer/Data/CQTL/AI/freeze/LD_buddies/${snp}_CTL_0.8.ld ${snp} CTL
        done
        
        (one of the commands exited with non-zero exit code; note that snakemake uses bash strict mode!)
    cluster_jobid: 1548407

Error executing rule getLDbuddy_rsIDs on cluster (jobid: 338, external: 1548407, jobscript: /work/users/n/e/nekramer/CQTL_GIT/CQTL/AllelicImbalance/AIanalysis/.snakemake/tmp.x0rhrivv/snakejob.getLDbuddy_rsIDs.338.sh). For error details see the cluster log and the log files of the involved rule(s).
[Tue Feb 28 16:44:35 2023]
Error in rule getLDbuddy_rsIDs:
    jobid: 350
    output: data/chr3:136001831:T:C_CTL_ld_rsids.csv
    log: logs/getLDbuddy_rsIDs_CTL_chr3:136001831:T:C.out, logs/getLDbuddy_rsIDs_CTL_chr3:136001831:T:C.err (check log file(s) for error message)
    shell:
        
        module load python/3.9.6
        for snp in `cat /work/users/n/e/nekramer/Data/CQTL/AI/freeze/AIsigCTL05variantIDs.txt`
        do
            python3 scripts/AI_LD_buddies_RSIDs.py /work/users/n/e/nekramer/Data/CQTL/AI/freeze/LD_buddies/${snp}_CTL_0.8.ld ${snp} CTL
        done
        
        (one of the commands exited with non-zero exit code; note that snakemake uses bash strict mode!)
    cluster_jobid: 1548408

Error executing rule getLDbuddy_rsIDs on cluster (jobid: 350, external: 1548408, jobscript: /work/users/n/e/nekramer/CQTL_GIT/CQTL/AllelicImbalance/AIanalysis/.snakemake/tmp.x0rhrivv/snakejob.getLDbuddy_rsIDs.350.sh). For error details see the cluster log and the log files of the involved rule(s).
[Tue Feb 28 16:44:39 2023]
Finished job 458.
43 of 355 steps (12%) done
[Tue Feb 28 16:44:40 2023]
Finished job 400.
44 of 355 steps (12%) done
[Tue Feb 28 16:44:40 2023]
Finished job 431.
45 of 355 steps (13%) done
[Tue Feb 28 16:44:40 2023]
Finished job 402.
46 of 355 steps (13%) done
[Tue Feb 28 16:44:41 2023]
Finished job 455.
47 of 355 steps (13%) done
[Tue Feb 28 16:44:41 2023]
Finished job 356.
48 of 355 steps (14%) done
[Tue Feb 28 16:44:41 2023]
Finished job 442.
49 of 355 steps (14%) done
[Tue Feb 28 16:44:43 2023]
Finished job 411.
50 of 355 steps (14%) done
[Tue Feb 28 16:44:43 2023]
Finished job 391.
51 of 355 steps (14%) done
[Tue Feb 28 16:44:44 2023]
Finished job 454.
52 of 355 steps (15%) done
[Tue Feb 28 16:44:44 2023]
Finished job 405.
53 of 355 steps (15%) done
[Tue Feb 28 16:44:46 2023]
Finished job 369.
54 of 355 steps (15%) done
[Tue Feb 28 16:44:46 2023]
Finished job 382.
55 of 355 steps (15%) done
[Tue Feb 28 16:45:06 2023]
Finished job 447.
56 of 355 steps (16%) done
[Tue Feb 28 16:45:07 2023]
Finished job 459.
57 of 355 steps (16%) done
[Tue Feb 28 16:45:07 2023]
Finished job 368.
58 of 355 steps (16%) done
[Tue Feb 28 16:45:08 2023]
Finished job 407.
59 of 355 steps (17%) done
[Tue Feb 28 16:45:08 2023]
Finished job 384.
60 of 355 steps (17%) done
[Tue Feb 28 16:45:08 2023]
Finished job 373.
61 of 355 steps (17%) done
[Tue Feb 28 16:45:09 2023]
Finished job 409.
62 of 355 steps (17%) done
[Tue Feb 28 16:45:09 2023]
Finished job 413.
63 of 355 steps (18%) done
[Tue Feb 28 16:45:11 2023]
Finished job 412.
64 of 355 steps (18%) done
[Tue Feb 28 16:45:11 2023]
Finished job 367.
65 of 355 steps (18%) done
[Tue Feb 28 16:45:15 2023]
Finished job 449.
66 of 355 steps (19%) done
[Tue Feb 28 16:45:32 2023]
Finished job 436.
67 of 355 steps (19%) done
[Tue Feb 28 16:45:32 2023]
Finished job 394.
68 of 355 steps (19%) done
[Tue Feb 28 16:45:33 2023]
Finished job 363.
69 of 355 steps (19%) done
[Tue Feb 28 16:45:33 2023]
Finished job 443.
70 of 355 steps (20%) done
[Tue Feb 28 16:45:35 2023]
Finished job 433.
71 of 355 steps (20%) done
[Tue Feb 28 16:45:35 2023]
Finished job 370.
72 of 355 steps (20%) done
[Tue Feb 28 16:45:36 2023]
Finished job 419.
73 of 355 steps (21%) done
[Tue Feb 28 16:45:37 2023]
Finished job 441.
74 of 355 steps (21%) done
[Tue Feb 28 16:45:53 2023]
Finished job 434.
75 of 355 steps (21%) done
[Tue Feb 28 16:45:53 2023]
Finished job 470.
76 of 355 steps (21%) done
[Tue Feb 28 16:45:54 2023]
Finished job 379.
77 of 355 steps (22%) done
[Tue Feb 28 16:45:54 2023]
Finished job 380.
78 of 355 steps (22%) done
[Tue Feb 28 16:45:54 2023]
Finished job 397.
79 of 355 steps (22%) done
[Tue Feb 28 16:45:55 2023]
Finished job 451.
80 of 355 steps (23%) done
[Tue Feb 28 16:45:55 2023]
Finished job 372.
81 of 355 steps (23%) done
[Tue Feb 28 16:45:56 2023]
Finished job 430.
82 of 355 steps (23%) done
[Tue Feb 28 16:46:16 2023]
Finished job 371.
83 of 355 steps (23%) done
[Tue Feb 28 16:46:18 2023]
Finished job 377.
84 of 355 steps (24%) done
[Tue Feb 28 16:46:35 2023]
Finished job 457.
85 of 355 steps (24%) done
[Tue Feb 28 16:46:37 2023]
Finished job 439.
86 of 355 steps (24%) done
[Tue Feb 28 16:46:37 2023]
Finished job 358.
87 of 355 steps (25%) done
[Tue Feb 28 16:46:37 2023]
Finished job 364.
88 of 355 steps (25%) done
[Tue Feb 28 16:46:53 2023]
Finished job 421.
89 of 355 steps (25%) done
[Tue Feb 28 16:46:55 2023]
Finished job 401.
90 of 355 steps (25%) done
[Tue Feb 28 16:46:55 2023]
Finished job 408.
91 of 355 steps (26%) done
[Tue Feb 28 16:47:11 2023]
Finished job 381.
92 of 355 steps (26%) done
[Tue Feb 28 16:47:11 2023]
Finished job 429.
93 of 355 steps (26%) done
[Tue Feb 28 16:47:11 2023]
Finished job 388.
94 of 355 steps (26%) done
[Tue Feb 28 16:47:44 2023]
Finished job 390.
95 of 355 steps (27%) done
[Tue Feb 28 16:47:44 2023]
Finished job 378.
96 of 355 steps (27%) done
[Tue Feb 28 16:48:32 2023]
Finished job 450.
97 of 355 steps (27%) done
[Tue Feb 28 16:48:48 2023]
Finished job 418.
98 of 355 steps (28%) done
[Tue Feb 28 16:48:48 2023]
Finished job 376.
99 of 355 steps (28%) done
[Tue Feb 28 16:49:34 2023]
Finished job 427.
100 of 355 steps (28%) done
[Tue Feb 28 16:52:35 2023]
Finished job 355.
101 of 355 steps (28%) done
[Tue Feb 28 16:52:35 2023]
Finished job 366.
102 of 355 steps (29%) done
[Tue Feb 28 16:53:45 2023]
Finished job 464.
103 of 355 steps (29%) done
[Tue Feb 28 16:54:26 2023]
Finished job 398.
104 of 355 steps (29%) done
[Tue Feb 28 16:55:09 2023]
Finished job 460.
105 of 355 steps (30%) done
[Tue Feb 28 16:56:17 2023]
Finished job 18.
106 of 355 steps (30%) done
[Tue Feb 28 16:56:20 2023]
Finished job 392.
107 of 355 steps (30%) done
[Tue Feb 28 16:56:33 2023]
Finished job 474.
108 of 355 steps (30%) done
[Tue Feb 28 16:57:00 2023]
Finished job 416.
109 of 355 steps (31%) done
[Tue Feb 28 16:57:56 2023]
Finished job 417.
110 of 355 steps (31%) done
[Tue Feb 28 16:57:56 2023]
Finished job 395.
111 of 355 steps (31%) done
[Tue Feb 28 16:58:07 2023]
Finished job 90.
112 of 355 steps (32%) done
[Tue Feb 28 16:58:46 2023]
Finished job 359.
113 of 355 steps (32%) done
[Tue Feb 28 16:58:59 2023]
Finished job 386.
114 of 355 steps (32%) done
[Tue Feb 28 16:59:22 2023]
Finished job 375.
115 of 355 steps (32%) done
[Tue Feb 28 16:59:34 2023]
Finished job 471.
116 of 355 steps (33%) done
[Tue Feb 28 17:00:10 2023]
Finished job 445.
117 of 355 steps (33%) done
[Tue Feb 28 17:00:21 2023]
Finished job 473.
118 of 355 steps (33%) done
[Tue Feb 28 17:00:32 2023]
Finished job 361.
119 of 355 steps (34%) done
[Tue Feb 28 17:00:55 2023]
Finished job 425.
120 of 355 steps (34%) done
[Tue Feb 28 17:01:27 2023]
Finished job 462.
121 of 355 steps (34%) done
[Tue Feb 28 17:01:27 2023]
Finished job 469.
122 of 355 steps (34%) done
[Tue Feb 28 17:01:38 2023]
Finished job 387.
123 of 355 steps (35%) done
[Tue Feb 28 17:01:58 2023]
Finished job 357.
124 of 355 steps (35%) done
Shutting down, this might take some time.
Exiting because a job execution failed. Look above for error message
Complete log: /work/users/n/e/nekramer/CQTL_GIT/CQTL/AllelicImbalance/AIanalysis/.snakemake/log/2023-02-28T162546.277168.snakemake.log
